#
# There is insufficient memory for the Java Runtime Environment to continue.
# Native memory allocation (malloc) failed to allocate 897376 bytes for Chunk::new
# Possible reasons:
#   The system is out of physical RAM or swap space
#   The process is running with CompressedOops enabled, and the Java Heap may be blocking the growth of the native heap
# Possible solutions:
#   Reduce memory load on the system
#   Increase physical memory or swap space
#   Check if swap backing store is full
#   Decrease Java heap size (-Xmx/-Xms)
#   Decrease number of Java threads
#   Decrease Java thread stack sizes (-Xss)
#   Set larger code cache with -XX:ReservedCodeCacheSize=
#   JVM is running with Unscaled Compressed Oops mode in which the Java heap is
#     placed in the first 4GB address space. The Java Heap base address is the
#     maximum limit for the native heap growth. Please use -XX:HeapBaseMinAddress
#     to set the Java Heap base and to place the Java Heap above 4GB virtual address.
# This output file may be truncated or incomplete.
#
#  Out of Memory Error (allocation.cpp:390), pid=3836, tid=0x00000000000024d0
#
# JRE version: Java(TM) SE Runtime Environment (8.0_201-b09) (build 1.8.0_201-b09)
# Java VM: Java HotSpot(TM) 64-Bit Server VM (25.201-b09 mixed mode windows-amd64 compressed oops)
# Failed to write core dump. Minidumps are not enabled by default on client versions of Windows
#

---------------  T H R E A D  ---------------

Current thread (0x000000001934d000):  JavaThread "C2 CompilerThread0" daemon [_thread_in_native, id=9424, stack(0x0000000019490000,0x0000000019590000)]

Stack: [0x0000000019490000,0x0000000019590000]
[error occurred during error reporting (printing stack bounds), id 0xc0000005]

Native frames: (J=compiled Java code, j=interpreted, Vv=VM code, C=native code)


Current CompileTask:
C2:   3996 3366       4       org.springframework.boot.context.properties.source.SpringConfigurationPropertySources$SourcesIterator::fetchNext (138 bytes)


---------------  P R O C E S S  ---------------

Java Threads: ( => current thread )
  0x000000001d0ce800 JavaThread "container-0" [_thread_blocked, id=9588, stack(0x0000000020600000,0x0000000020700000)]
  0x000000001d0cb800 JavaThread "Catalina-utility-2" [_thread_blocked, id=1200, stack(0x0000000020500000,0x0000000020600000)]
  0x000000001d0cc000 JavaThread "Catalina-utility-1" [_thread_blocked, id=1576, stack(0x0000000020400000,0x0000000020500000)]
  0x000000001d0cd800 JavaThread "Abandoned connection cleanup thread" daemon [_thread_blocked, id=9148, stack(0x000000001f330000,0x000000001f430000)]
  0x000000001a50c000 JavaThread "restartedMain" [_thread_in_native, id=6056, stack(0x000000001b3c0000,0x000000001b4c0000)]
  0x000000001a4db000 JavaThread "Thread-0" [_thread_blocked, id=2968, stack(0x000000001b2c0000,0x000000001b3c0000)]
  0x000000001938d800 JavaThread "Service Thread" daemon [_thread_blocked, id=7436, stack(0x0000000019f90000,0x000000001a090000)]
  0x0000000019352800 JavaThread "C1 CompilerThread2" daemon [_thread_blocked, id=3020, stack(0x0000000019690000,0x0000000019790000)]
  0x0000000019352000 JavaThread "C2 CompilerThread1" daemon [_thread_in_native, id=3620, stack(0x0000000019590000,0x0000000019690000)]
=>0x000000001934d000 JavaThread "C2 CompilerThread0" daemon [_thread_in_native, id=9424, stack(0x0000000019490000,0x0000000019590000)]
  0x0000000019252000 JavaThread "Monitor Ctrl-Break" daemon [_thread_in_native, id=3896, stack(0x0000000019390000,0x0000000019490000)]
  0x0000000017833800 JavaThread "Attach Listener" daemon [_thread_blocked, id=4216, stack(0x0000000018e90000,0x0000000018f90000)]
  0x0000000017832800 JavaThread "Signal Dispatcher" daemon [_thread_blocked, id=7352, stack(0x0000000018d90000,0x0000000018e90000)]
  0x000000001781d000 JavaThread "Finalizer" daemon [_thread_blocked, id=3516, stack(0x0000000018a80000,0x0000000018b80000)]
  0x000000001781a000 JavaThread "Reference Handler" daemon [_thread_blocked, id=1160, stack(0x0000000018980000,0x0000000018a80000)]
  0x0000000002ab7000 JavaThread "main" [_thread_blocked, id=10536, stack(0x00000000029b0000,0x0000000002ab0000)]

Other Threads:
  0x00000000177f7000 VMThread [stack: 0x0000000018880000,0x0000000018980000] [id=5312]
  0x000000001982f800 WatcherThread [stack: 0x000000001a090000,0x000000001a190000] [id=2940]

VM state:not at safepoint (normal execution)

VM Mutex/Monitor currently owned by a thread: None

heap address: 0x0000000081e00000, size: 2018 MB, Compressed Oops mode: 32-bit
Narrow klass base: 0x0000000000000000, Narrow klass shift: 3
Compressed class space size: 1073741824 Address: 0x0000000100000000

Heap:
 PSYoungGen      total 189952K, used 24743K [0x00000000d5f80000, 0x00000000e6a00000, 0x0000000100000000)
  eden space 176640K, 14% used [0x00000000d5f80000,0x00000000d77a9d30,0x00000000e0c00000)
  from space 13312K, 0% used [0x00000000e0c00000,0x00000000e0c00000,0x00000000e1900000)
  to   space 13312K, 0% used [0x00000000e5d00000,0x00000000e5d00000,0x00000000e6a00000)
 ParOldGen       total 74752K, used 12180K [0x0000000081e00000, 0x0000000086700000, 0x00000000d5f80000)
  object space 74752K, 16% used [0x0000000081e00000,0x00000000829e5100,0x0000000086700000)
 Metaspace       used 35299K, capacity 37376K, committed 37592K, reserved 1081344K
  class space    used 4658K, capacity 5045K, committed 5120K, reserved 1048576K

Card table byte_map: [0x00000000120d0000,0x00000000124d0000] byte_map_base: 0x0000000011cc1000

Marking Bits: (ParMarkBitMap*) 0x0000000072d74ce0
 Begin Bits: [0x0000000012b80000, 0x0000000014b08000)
 End Bits:   [0x0000000014b08000, 0x0000000016a90000)

Polling page: 0x00000000007f0000

CodeCache: size=245760Kb used=12399Kb max_used=12399Kb free=233360Kb
 bounds [0x0000000002d10000, 0x0000000003940000, 0x0000000011d10000]
 total_blobs=3949 nmethods=3536 adapters=324
 compilation: enabled

Compilation events (10 events):
Event: 3.961 Thread 0x0000000019352800 3543       1       org.springframework.beans.factory.support.AbstractAutowireCapableBeanFactory::getParameterNameDiscoverer (5 bytes)
Event: 3.961 Thread 0x0000000019352800 nmethod 3543 0x000000000392f450 code [0x000000000392f5a0, 0x000000000392f6b0]
Event: 3.961 Thread 0x0000000019352800 3544   !   3       sun.reflect.GeneratedMethodAccessor8::invoke (63 bytes)
Event: 3.962 Thread 0x0000000019352800 nmethod 3544 0x000000000392f710 code [0x000000000392f940, 0x0000000003930348]
Event: 3.980 Thread 0x0000000019352800 3545       3       java.lang.Class::getMethods (17 bytes)
Event: 3.980 Thread 0x0000000019352800 nmethod 3545 0x00000000039309d0 code [0x0000000003930b60, 0x0000000003930d98]
Event: 3.984 Thread 0x0000000019352800 3546       1       org.springframework.beans.factory.support.AbstractAutowireCapableBeanFactory::getInstantiationStrategy (5 bytes)
Event: 3.984 Thread 0x0000000019352800 nmethod 3546 0x0000000003930e90 code [0x0000000003930fe0, 0x00000000039310f0]
Event: 3.994 Thread 0x0000000019352800 3547   !   3       com.sun.proxy.$Proxy41::annotationType (29 bytes)
Event: 3.994 Thread 0x0000000019352800 nmethod 3547 0x0000000003931150 code [0x00000000039312e0, 0x0000000003931718]

GC Heap History (10 events):
Event: 1.695 GC heap before
{Heap before GC invocations=7 (full 1):
 PSYoungGen      total 71680K, used 66560K [0x00000000d5f80000, 0x00000000df580000, 0x0000000100000000)
  eden space 66560K, 100% used [0x00000000d5f80000,0x00000000da080000,0x00000000da080000)
  from space 5120K, 0% used [0x00000000da080000,0x00000000da080000,0x00000000da580000)
  to   space 10240K, 0% used [0x00000000deb80000,0x00000000deb80000,0x00000000df580000)
 ParOldGen       total 57856K, used 10223K [0x0000000081e00000, 0x0000000085680000, 0x00000000d5f80000)
  object space 57856K, 17% used [0x0000000081e00000,0x00000000827fbdf0,0x0000000085680000)
 Metaspace       used 22254K, capacity 23000K, committed 23040K, reserved 1069056K
  class space    used 2865K, capacity 3065K, committed 3072K, reserved 1048576K
Event: 1.698 GC heap after
Heap after GC invocations=7 (full 1):
 PSYoungGen      total 113664K, used 2953K [0x00000000d5f80000, 0x00000000dee80000, 0x0000000100000000)
  eden space 110592K, 0% used [0x00000000d5f80000,0x00000000d5f80000,0x00000000dcb80000)
  from space 3072K, 96% used [0x00000000deb80000,0x00000000dee62540,0x00000000dee80000)
  to   space 10240K, 0% used [0x00000000dda80000,0x00000000dda80000,0x00000000de480000)
 ParOldGen       total 57856K, used 10223K [0x0000000081e00000, 0x0000000085680000, 0x00000000d5f80000)
  object space 57856K, 17% used [0x0000000081e00000,0x00000000827fbdf0,0x0000000085680000)
 Metaspace       used 22254K, capacity 23000K, committed 23040K, reserved 1069056K
  class space    used 2865K, capacity 3065K, committed 3072K, reserved 1048576K
}
Event: 2.584 GC heap before
{Heap before GC invocations=8 (full 1):
 PSYoungGen      total 113664K, used 113545K [0x00000000d5f80000, 0x00000000dee80000, 0x0000000100000000)
  eden space 110592K, 100% used [0x00000000d5f80000,0x00000000dcb80000,0x00000000dcb80000)
  from space 3072K, 96% used [0x00000000deb80000,0x00000000dee62540,0x00000000dee80000)
  to   space 10240K, 0% used [0x00000000dda80000,0x00000000dda80000,0x00000000de480000)
 ParOldGen       total 57856K, used 10223K [0x0000000081e00000, 0x0000000085680000, 0x00000000d5f80000)
  object space 57856K, 17% used [0x0000000081e00000,0x00000000827fbdf0,0x0000000085680000)
 Metaspace       used 26355K, capacity 27570K, committed 27776K, reserved 1073152K
  class space    used 3442K, capacity 3697K, committed 3712K, reserved 1048576K
Event: 2.591 GC heap after
Heap after GC invocations=8 (full 1):
 PSYoungGen      total 136192K, used 9339K [0x00000000d5f80000, 0x00000000e2480000, 0x0000000100000000)
  eden space 125952K, 0% used [0x00000000d5f80000,0x00000000d5f80000,0x00000000dda80000)
  from space 10240K, 91% used [0x00000000dda80000,0x00000000de39eda8,0x00000000de480000)
  to   space 11776K, 0% used [0x00000000e1900000,0x00000000e1900000,0x00000000e2480000)
 ParOldGen       total 57856K, used 10231K [0x0000000081e00000, 0x0000000085680000, 0x00000000d5f80000)
  object space 57856K, 17% used [0x0000000081e00000,0x00000000827fddf0,0x0000000085680000)
 Metaspace       used 26355K, capacity 27570K, committed 27776K, reserved 1073152K
  class space    used 3442K, capacity 3697K, committed 3712K, reserved 1048576K
}
Event: 3.545 GC heap before
{Heap before GC invocations=9 (full 1):
 PSYoungGen      total 136192K, used 135291K [0x00000000d5f80000, 0x00000000e2480000, 0x0000000100000000)
  eden space 125952K, 100% used [0x00000000d5f80000,0x00000000dda80000,0x00000000dda80000)
  from space 10240K, 91% used [0x00000000dda80000,0x00000000de39eda8,0x00000000de480000)
  to   space 11776K, 0% used [0x00000000e1900000,0x00000000e1900000,0x00000000e2480000)
 ParOldGen       total 57856K, used 10231K [0x0000000081e00000, 0x0000000085680000, 0x00000000d5f80000)
  object space 57856K, 17% used [0x0000000081e00000,0x00000000827fddf0,0x0000000085680000)
 Metaspace       used 32929K, capacity 34774K, committed 34944K, reserved 1079296K
  class space    used 4305K, capacity 4618K, committed 4736K, reserved 1048576K
Event: 3.553 GC heap after
Heap after GC invocations=9 (full 1):
 PSYoungGen      total 188416K, used 11412K [0x00000000d5f80000, 0x00000000e3980000, 0x0000000100000000)
  eden space 176640K, 0% used [0x00000000d5f80000,0x00000000d5f80000,0x00000000e0c00000)
  from space 11776K, 96% used [0x00000000e1900000,0x00000000e24251a0,0x00000000e2480000)
  to   space 13312K, 0% used [0x00000000e0c00000,0x00000000e0c00000,0x00000000e1900000)
 ParOldGen       total 57856K, used 10239K [0x0000000081e00000, 0x0000000085680000, 0x00000000d5f80000)
  object space 57856K, 17% used [0x0000000081e00000,0x00000000827ffdf0,0x0000000085680000)
 Metaspace       used 32929K, capacity 34774K, committed 34944K, reserved 1079296K
  class space    used 4305K, capacity 4618K, committed 4736K, reserved 1048576K
}
Event: 3.664 GC heap before
{Heap before GC invocations=10 (full 1):
 PSYoungGen      total 188416K, used 40240K [0x00000000d5f80000, 0x00000000e3980000, 0x0000000100000000)
  eden space 176640K, 16% used [0x00000000d5f80000,0x00000000d7ba6f08,0x00000000e0c00000)
  from space 11776K, 96% used [0x00000000e1900000,0x00000000e24251a0,0x00000000e2480000)
  to   space 13312K, 0% used [0x00000000e0c00000,0x00000000e0c00000,0x00000000e1900000)
 ParOldGen       total 57856K, used 10239K [0x0000000081e00000, 0x0000000085680000, 0x00000000d5f80000)
  object space 57856K, 17% used [0x0000000081e00000,0x00000000827ffdf0,0x0000000085680000)
 Metaspace       used 33473K, capacity 35346K, committed 35416K, reserved 1079296K
  class space    used 4370K, capacity 4720K, committed 4736K, reserved 1048576K
Event: 3.672 GC heap after
Heap after GC invocations=10 (full 1):
 PSYoungGen      total 189952K, used 7144K [0x00000000d5f80000, 0x00000000e6a00000, 0x0000000100000000)
  eden space 176640K, 0% used [0x00000000d5f80000,0x00000000d5f80000,0x00000000e0c00000)
  from space 13312K, 53% used [0x00000000e0c00000,0x00000000e12fa1e8,0x00000000e1900000)
  to   space 13312K, 0% used [0x00000000e5d00000,0x00000000e5d00000,0x00000000e6a00000)
 ParOldGen       total 57856K, used 11143K [0x0000000081e00000, 0x0000000085680000, 0x00000000d5f80000)
  object space 57856K, 19% used [0x0000000081e00000,0x00000000828e1d98,0x0000000085680000)
 Metaspace       used 33473K, capacity 35346K, committed 35416K, reserved 1079296K
  class space    used 4370K, capacity 4720K, committed 4736K, reserved 1048576K
}
Event: 3.672 GC heap before
{Heap before GC invocations=11 (full 2):
 PSYoungGen      total 189952K, used 7144K [0x00000000d5f80000, 0x00000000e6a00000, 0x0000000100000000)
  eden space 176640K, 0% used [0x00000000d5f80000,0x00000000d5f80000,0x00000000e0c00000)
  from space 13312K, 53% used [0x00000000e0c00000,0x00000000e12fa1e8,0x00000000e1900000)
  to   space 13312K, 0% used [0x00000000e5d00000,0x00000000e5d00000,0x00000000e6a00000)
 ParOldGen       total 57856K, used 11143K [0x0000000081e00000, 0x0000000085680000, 0x00000000d5f80000)
  object space 57856K, 19% used [0x0000000081e00000,0x00000000828e1d98,0x0000000085680000)
 Metaspace       used 33473K, capacity 35346K, committed 35416K, reserved 1079296K
  class space    used 4370K, capacity 4720K, committed 4736K, reserved 1048576K
Event: 3.719 GC heap after
Heap after GC invocations=11 (full 2):
 PSYoungGen      total 189952K, used 0K [0x00000000d5f80000, 0x00000000e6a00000, 0x0000000100000000)
  eden space 176640K, 0% used [0x00000000d5f80000,0x00000000d5f80000,0x00000000e0c00000)
  from space 13312K, 0% used [0x00000000e0c00000,0x00000000e0c00000,0x00000000e1900000)
  to   space 13312K, 0% used [0x00000000e5d00000,0x00000000e5d00000,0x00000000e6a00000)
 ParOldGen       total 74752K, used 12180K [0x0000000081e00000, 0x0000000086700000, 0x00000000d5f80000)
  object space 74752K, 16% used [0x0000000081e00000,0x00000000829e5100,0x0000000086700000)
 Metaspace       used 33473K, capacity 35346K, committed 35416K, reserved 1079296K
  class space    used 4370K, capacity 4720K, committed 4736K, reserved 1048576K
}

Deoptimization events (10 events):
Event: 3.527 Thread 0x000000001a50c000 Uncommon trap: reason=class_check action=maybe_recompile pc=0x00000000031fd274 method=java.util.zip.InflaterInputStream.read([BII)I @ 100
Event: 3.528 Thread 0x000000001a50c000 Uncommon trap: reason=class_check action=maybe_recompile pc=0x00000000031fd274 method=java.util.zip.InflaterInputStream.read([BII)I @ 100
Event: 3.528 Thread 0x000000001a50c000 Uncommon trap: reason=class_check action=maybe_recompile pc=0x00000000031fd274 method=java.util.zip.InflaterInputStream.read([BII)I @ 100
Event: 3.750 Thread 0x000000001a50c000 Uncommon trap: reason=unstable_if action=reinterpret pc=0x0000000003581ef0 method=jdk.internal.org.objectweb.asm.Type.getArgumentsAndReturnSizes(Ljava/lang/String;)I @ 41
Event: 3.830 Thread 0x000000001a50c000 Uncommon trap: reason=unstable_if action=reinterpret pc=0x000000000375ac8c method=org.springframework.boot.context.properties.source.ConfigurationPropertyName.dashIgnoringElementEquals(Lorg/springframework/boot/context/properties/source/ConfigurationPrope
Event: 3.854 Thread 0x000000001a50c000 Uncommon trap: reason=unstable_if action=reinterpret pc=0x000000000310dc94 method=org.springframework.boot.context.properties.source.ConfigurationPropertyName.equals(Ljava/lang/Object;)Z @ 8
Event: 3.854 Thread 0x000000001a50c000 Uncommon trap: reason=unstable_if action=reinterpret pc=0x00000000031076fc method=java.util.HashMap.getNode(ILjava/lang/Object;)Ljava/util/HashMap$Node; @ 129
Event: 3.856 Thread 0x000000001a50c000 Uncommon trap: reason=unstable_if action=reinterpret pc=0x00000000037ae94c method=org.springframework.boot.context.properties.source.ConfigurationPropertyName.elementDiffers(Lorg/springframework/boot/context/properties/source/ConfigurationPropertyName$Ele
Event: 3.860 Thread 0x000000001a50c000 Uncommon trap: reason=unstable_if action=reinterpret pc=0x0000000002fb0ccc method=java.lang.AbstractStringBuilder.append(Ljava/lang/String;)Ljava/lang/AbstractStringBuilder; @ 1
Event: 3.864 Thread 0x000000001a50c000 Uncommon trap: reason=unstable_if action=reinterpret pc=0x00000000038ef438 method=org.springframework.beans.factory.support.AbstractBeanFactory.isTypeMatch(Ljava/lang/String;Lorg/springframework/core/ResolvableType;Z)Z @ 559

Classes redefined (0 events):
No events

Internal exceptions (10 events):
Event: 3.862 Thread 0x000000001a50c000 Exception <a 'java/lang/NullPointerException'> (0x00000000d6875f78) thrown at [C:\re\workspace\8-2-build-windows-amd64-cygwin\jdk8u201\12322\hotspot\src\share\vm\runtime\sharedRuntime.cpp, line 605]
Event: 3.862 Thread 0x000000001a50c000 Implicit null exception at 0x000000000332e80d to 0x000000000332ed7c
Event: 3.862 Thread 0x000000001a50c000 Exception <a 'java/lang/NullPointerException'> (0x00000000d68771d8) thrown at [C:\re\workspace\8-2-build-windows-amd64-cygwin\jdk8u201\12322\hotspot\src\share\vm\runtime\sharedRuntime.cpp, line 605]
Event: 3.862 Thread 0x000000001a50c000 Implicit null exception at 0x000000000332e80d to 0x000000000332ed7c
Event: 3.862 Thread 0x000000001a50c000 Exception <a 'java/lang/NullPointerException'> (0x00000000d68783d8) thrown at [C:\re\workspace\8-2-build-windows-amd64-cygwin\jdk8u201\12322\hotspot\src\share\vm\runtime\sharedRuntime.cpp, line 605]
Event: 3.862 Thread 0x000000001a50c000 Implicit null exception at 0x000000000332e80d to 0x000000000332ed7c
Event: 3.862 Thread 0x000000001a50c000 Exception <a 'java/lang/NullPointerException'> (0x00000000d6879620) thrown at [C:\re\workspace\8-2-build-windows-amd64-cygwin\jdk8u201\12322\hotspot\src\share\vm\runtime\sharedRuntime.cpp, line 605]
Event: 3.862 Thread 0x000000001a50c000 Implicit null exception at 0x000000000332e80d to 0x000000000332ed7c
Event: 3.862 Thread 0x000000001a50c000 Exception <a 'java/lang/NullPointerException'> (0x00000000d687a880) thrown at [C:\re\workspace\8-2-build-windows-amd64-cygwin\jdk8u201\12322\hotspot\src\share\vm\runtime\sharedRuntime.cpp, line 605]
Event: 3.938 Thread 0x000000001a50c000 Exception <a 'java/io/FileNotFoundException'> (0x00000000d6f1f740) thrown at [C:\re\workspace\8-2-build-windows-amd64-cygwin\jdk8u201\12322\hotspot\src\share\vm\prims\jni.cpp, line 709]

Events (10 events):
Event: 3.992 loading class org/springframework/jdbc/datasource/lookup/SingleDataSourceLookup
Event: 3.992 loading class org/springframework/jdbc/datasource/lookup/SingleDataSourceLookup done
Event: 3.993 loading class javax/persistence/ValidationMode
Event: 3.993 loading class javax/persistence/ValidationMode done
Event: 3.993 loading class javax/persistence/SharedCacheMode
Event: 3.993 loading class javax/persistence/SharedCacheMode done
Event: 3.993 loading class org/springframework/orm/jpa/persistenceunit/PersistenceUnitPostProcessor
Event: 3.993 loading class org/springframework/orm/jpa/persistenceunit/PersistenceUnitPostProcessor done
Event: 3.995 loading class org/springframework/instrument/classloading/InstrumentationLoadTimeWeaver
Event: 3.995 loading class org/springframework/instrument/classloading/InstrumentationLoadTimeWeaver done


Dynamic libraries:
0x00007ff7ed9f0000 - 0x00007ff7eda27000 	C:\Program Files\Java\jdk1.8.0_201\bin\java.exe
0x00007ffd4ff20000 - 0x00007ffd5010d000 	C:\WINDOWS\SYSTEM32\ntdll.dll
0x00007ffd4f440000 - 0x00007ffd4f4f3000 	C:\WINDOWS\System32\KERNEL32.DLL
0x00007ffd4c430000 - 0x00007ffd4c6c5000 	C:\WINDOWS\System32\KERNELBASE.dll
0x00007ffd4fe30000 - 0x00007ffd4fed3000 	C:\WINDOWS\System32\ADVAPI32.dll
0x00007ffd4ecf0000 - 0x00007ffd4ed8e000 	C:\WINDOWS\System32\msvcrt.dll
0x00007ffd4e720000 - 0x00007ffd4e7be000 	C:\WINDOWS\System32\sechost.dll
0x00007ffd4ebc0000 - 0x00007ffd4ece2000 	C:\WINDOWS\System32\RPCRT4.dll
0x00007ffd4f500000 - 0x00007ffd4f697000 	C:\WINDOWS\System32\USER32.dll
0x00007ffd4d1e0000 - 0x00007ffd4d200000 	C:\WINDOWS\System32\win32u.dll
0x00007ffd4f980000 - 0x00007ffd4f9a9000 	C:\WINDOWS\System32\GDI32.dll
0x00007ffd4c0c0000 - 0x00007ffd4c25a000 	C:\WINDOWS\System32\gdi32full.dll
0x00007ffd4c340000 - 0x00007ffd4c3e0000 	C:\WINDOWS\System32\msvcp_win.dll
0x00007ffd4c990000 - 0x00007ffd4ca8a000 	C:\WINDOWS\System32\ucrtbase.dll
0x00007ffd40450000 - 0x00007ffd406c9000 	C:\WINDOWS\WinSxS\amd64_microsoft.windows.common-controls_6595b64144ccf1df_6.0.17763.1282_none_de75b6f253473c0f\COMCTL32.dll
0x00007ffd4ef40000 - 0x00007ffd4f26c000 	C:\WINDOWS\System32\combase.dll
0x00007ffd4c2c0000 - 0x00007ffd4c33e000 	C:\WINDOWS\System32\bcryptPrimitives.dll
0x00007ffd4f770000 - 0x00007ffd4f79e000 	C:\WINDOWS\System32\IMM32.DLL
0x0000000072e00000 - 0x0000000072ed1000 	C:\Program Files\Java\jdk1.8.0_201\jre\bin\msvcr100.dll
0x0000000072550000 - 0x0000000072df4000 	C:\Program Files\Java\jdk1.8.0_201\jre\bin\server\jvm.dll
0x00007ffd4f960000 - 0x00007ffd4f968000 	C:\WINDOWS\System32\PSAPI.DLL
0x00007ffd4a270000 - 0x00007ffd4a279000 	C:\WINDOWS\SYSTEM32\WSOCK32.dll
0x00007ffd4ea50000 - 0x00007ffd4eabd000 	C:\WINDOWS\System32\WS2_32.dll
0x00007ffd4a190000 - 0x00007ffd4a1b4000 	C:\WINDOWS\SYSTEM32\WINMM.dll
0x00007ffd458e0000 - 0x00007ffd458ea000 	C:\WINDOWS\SYSTEM32\VERSION.dll
0x00007ffd4a040000 - 0x00007ffd4a06d000 	C:\WINDOWS\SYSTEM32\WINMMBASE.dll
0x00007ffd4c3e0000 - 0x00007ffd4c42a000 	C:\WINDOWS\System32\cfgmgr32.dll
0x00007ffd4a260000 - 0x00007ffd4a26f000 	C:\Program Files\Java\jdk1.8.0_201\jre\bin\verify.dll
0x00007ffd48860000 - 0x00007ffd48889000 	C:\Program Files\Java\jdk1.8.0_201\jre\bin\java.dll
0x00007ffd43ae0000 - 0x00007ffd43b03000 	C:\Program Files\Java\jdk1.8.0_201\jre\bin\instrument.dll
0x00007ffd447d0000 - 0x00007ffd447e6000 	C:\Program Files\Java\jdk1.8.0_201\jre\bin\zip.dll
0x00007ffd4d220000 - 0x00007ffd4e718000 	C:\WINDOWS\System32\SHELL32.dll
0x00007ffd4f7a0000 - 0x00007ffd4f848000 	C:\WINDOWS\System32\shcore.dll
0x00007ffd4ca90000 - 0x00007ffd4d1df000 	C:\WINDOWS\System32\windows.storage.dll
0x00007ffd4c090000 - 0x00007ffd4c0b4000 	C:\WINDOWS\System32\profapi.dll
0x00007ffd4bff0000 - 0x00007ffd4c04d000 	C:\WINDOWS\System32\powrprof.dll
0x00007ffd4f270000 - 0x00007ffd4f2c2000 	C:\WINDOWS\System32\shlwapi.dll
0x00007ffd4c050000 - 0x00007ffd4c061000 	C:\WINDOWS\System32\kernel.appcore.dll
0x00007ffd4d200000 - 0x00007ffd4d217000 	C:\WINDOWS\System32\cryptsp.dll
0x00007ffd43ac0000 - 0x00007ffd43ada000 	C:\Program Files\JetBrains\IntelliJ IDEA Community Edition 2018.3.5\bin\breakgen64.dll
0x00007ffd43a70000 - 0x00007ffd43a8a000 	C:\Program Files\Java\jdk1.8.0_201\jre\bin\net.dll
0x00007ffd42970000 - 0x00007ffd42b47000 	C:\WINDOWS\SYSTEM32\urlmon.dll
0x00007ffd41310000 - 0x00007ffd415b8000 	C:\WINDOWS\SYSTEM32\iertutil.dll
0x00007ffd4b920000 - 0x00007ffd4b92c000 	C:\WINDOWS\SYSTEM32\CRYPTBASE.DLL
0x00007ffd4b7a0000 - 0x00007ffd4b807000 	C:\WINDOWS\system32\mswsock.dll
0x00007ffd48b80000 - 0x00007ffd48b8d000 	C:\Program Files\Java\jdk1.8.0_201\jre\bin\management.dll
0x00007ffd3dac0000 - 0x00007ffd3dad6000 	C:\WINDOWS\system32\napinsp.dll
0x00007ffd3da60000 - 0x00007ffd3da7a000 	C:\WINDOWS\system32\pnrpnsp.dll
0x00007ffd4b510000 - 0x00007ffd4b5d7000 	C:\WINDOWS\SYSTEM32\DNSAPI.dll
0x00007ffd4f970000 - 0x00007ffd4f978000 	C:\WINDOWS\System32\NSI.dll
0x00007ffd4b4d0000 - 0x00007ffd4b50d000 	C:\WINDOWS\SYSTEM32\IPHLPAPI.DLL
0x00007ffd3dd90000 - 0x00007ffd3dd9e000 	C:\WINDOWS\System32\winrnr.dll
0x00007ffd487e0000 - 0x00007ffd487fb000 	C:\WINDOWS\system32\NLAapi.dll
0x00007ffd45ae0000 - 0x00007ffd45af5000 	C:\WINDOWS\system32\wshbth.dll
0x0000000073810000 - 0x0000000073836000 	C:\Program Files\Bonjour\mdnsNSP.dll
0x00007ffd42dc0000 - 0x00007ffd42dca000 	C:\Windows\System32\rasadhlp.dll
0x00007ffd44100000 - 0x00007ffd44179000 	C:\WINDOWS\System32\fwpuclnt.dll
0x00007ffd4c960000 - 0x00007ffd4c986000 	C:\WINDOWS\System32\bcrypt.dll
0x00007ffd436c0000 - 0x00007ffd436d1000 	C:\Program Files\Java\jdk1.8.0_201\jre\bin\nio.dll
0x00007ffd4b330000 - 0x00007ffd4b363000 	C:\WINDOWS\system32\rsaenh.dll
0x00007ffd4bee0000 - 0x00007ffd4bf08000 	C:\WINDOWS\SYSTEM32\USERENV.dll
0x00007ffd46dc0000 - 0x00007ffd46dd6000 	C:\WINDOWS\SYSTEM32\dhcpcsvc6.DLL
0x00007ffd46d50000 - 0x00007ffd46d6c000 	C:\WINDOWS\SYSTEM32\dhcpcsvc.DLL

VM Arguments:
jvm_args: -javaagent:C:\Program Files\JetBrains\IntelliJ IDEA Community Edition 2018.3.5\lib\idea_rt.jar=56491:C:\Program Files\JetBrains\IntelliJ IDEA Community Edition 2018.3.5\bin -Dfile.encoding=UTF-8 
java_command: com.majority.contactbookapi.ContactBookApiApplication
java_class_path (initial): C:\Program Files\Java\jdk1.8.0_201\jre\lib\charsets.jar;C:\Program Files\Java\jdk1.8.0_201\jre\lib\deploy.jar;C:\Program Files\Java\jdk1.8.0_201\jre\lib\ext\access-bridge-64.jar;C:\Program Files\Java\jdk1.8.0_201\jre\lib\ext\cldrdata.jar;C:\Program Files\Java\jdk1.8.0_201\jre\lib\ext\dnsns.jar;C:\Program Files\Java\jdk1.8.0_201\jre\lib\ext\jaccess.jar;C:\Program Files\Java\jdk1.8.0_201\jre\lib\ext\jfxrt.jar;C:\Program Files\Java\jdk1.8.0_201\jre\lib\ext\localedata.jar;C:\Program Files\Java\jdk1.8.0_201\jre\lib\ext\nashorn.jar;C:\Program Files\Java\jdk1.8.0_201\jre\lib\ext\sunec.jar;C:\Program Files\Java\jdk1.8.0_201\jre\lib\ext\sunjce_provider.jar;C:\Program Files\Java\jdk1.8.0_201\jre\lib\ext\sunmscapi.jar;C:\Program Files\Java\jdk1.8.0_201\jre\lib\ext\sunpkcs11.jar;C:\Program Files\Java\jdk1.8.0_201\jre\lib\ext\zipfs.jar;C:\Program Files\Java\jdk1.8.0_201\jre\lib\javaws.jar;C:\Program Files\Java\jdk1.8.0_201\jre\lib\jce.jar;C:\Program Files\Java\jdk1.8.0_201\jre\lib\jfr.jar;C:\Program Files\Java\jdk1.8.0_201\jre\lib\jfxswt.jar;C:\Program Files\Java\jdk1.8.0_201\jre\lib\jsse.jar;C:\Program Files\Java\jdk1.8.0_201\jre\lib\management-agent.jar;C:\Program Files\Java\jdk1.8.0_201\jre\lib\plugin.jar;C:\Program Files\Java\jdk1.8.0_201\jre\lib\resources.jar;C:\Program Files\Java\jdk1.8.0_201\jre\lib\rt.jar;C:\Users\lucas\Documents\Projetos\contact-book\target\classes;C:\Users\lucas\.m2\repository\org\springframework\boot\spring-boot-starter-data-jpa\2.2.7.RELEASE\spring-boot-starter-data-jpa-2.2.7.RELEASE.jar;C:\Users\lucas\.m2\repository\org\springframework\boot\spring-boot-starter-aop\2.2.7.RELEASE\spring-boot-starter-aop-2.2.7.RELEASE.jar;C:\Users\lucas\.m2\repository\org\springframework\spring-aop\5.2.6.RELEASE\spring-aop-5.2.6.RELEASE.jar;C:\Users\lucas\.m2\repository\org\aspectj\aspectjweaver\1.9.5\aspectjweaver-1.9.5.jar;C:\Users\lucas\.m2\repository\org\springframework\boot\spring-boot-starter-jdbc\2.2.7.RELEASE\spring-boot-starter-jdb
Launcher Type: SUN_STANDARD

Environment Variables:
JAVA_HOME=C:\Program Files\Java\jdk1.8.0_201
PATH=C:\python3\Scripts\;C:\python3\;C:\Program Files (x86)\Common Files\Oracle\Java\javapath;C:\Windows\system32;C:\Windows;C:\Windows\System32\Wbem;C:\Windows\System32\WindowsPowerShell\v1.0\;C:\Program Files\NVIDIA Corporation\NVIDIA NvDLISR;C:\Program Files (x86)\NVIDIA Corporation\PhysX\Common;C:\WINDOWS\system32;C:\WINDOWS;C:\WINDOWS\System32\Wbem;C:\WINDOWS\System32\WindowsPowerShell\v1.0\;C:\WINDOWS\System32\OpenSSH\;C:\Program Files\Git\cmd;C:\Program Files\IBM\Cloud\bin;C:\apache-maven-3.6.1\bin;C:\Program Files\Java\jdk1.8.0_201;C:\Program Files\nodejs\;C:\Program Files\Docker\Docker\resources\bin;C:\ProgramData\DockerDesktop\version-bin;C:\Users\lucas\AppData\Local\Microsoft\WindowsApps;;C:\Users\lucas\AppData\Local\Programs\Microsoft VS Code\bin;C:\Users\lucas\AppData\Roaming\npm
USERNAME=lucas
OS=Windows_NT
PROCESSOR_IDENTIFIER=Intel64 Family 6 Model 58 Stepping 9, GenuineIntel



---------------  S Y S T E M  ---------------

OS: Windows 10.0 , 64 bit Build 17763 (10.0.17763.1158)

CPU:total 4 (initial active 4) (4 cores per cpu, 1 threads per core) family 6 model 58 stepping 9, cmov, cx8, fxsr, mmx, sse, sse2, sse3, ssse3, sse4.1, sse4.2, popcnt, avx, aes, clmul, erms, tsc, tscinvbit, tscinv

Memory: 4k page, physical 8260664k(1138988k free), swap 8260664k(5544k free)

vm_info: Java HotSpot(TM) 64-Bit Server VM (25.201-b09) for windows-amd64 JRE (1.8.0_201-b09), built on Dec 15 2018 18:36:39 by "java_re" with MS VC++ 10.0 (VS2010)

time: Sun Jun 28 04:01:04 2020
timezone: Hora oficial do Brasil
elapsed time: 4 seconds (0d 0h 0m 4s)

