#
# There is insufficient memory for the Java Runtime Environment to continue.
# Native memory allocation (malloc) failed to allocate 100976 bytes for Chunk::new
# Possible reasons:
#   The system is out of physical RAM or swap space
#   The process is running with CompressedOops enabled, and the Java Heap may be blocking the growth of the native heap
# Possible solutions:
#   Reduce memory load on the system
#   Increase physical memory or swap space
#   Check if swap backing store is full
#   Decrease Java heap size (-Xmx/-Xms)
#   Decrease number of Java threads
#   Decrease Java thread stack sizes (-Xss)
#   Set larger code cache with -XX:ReservedCodeCacheSize=
#   JVM is running with Unscaled Compressed Oops mode in which the Java heap is
#     placed in the first 4GB address space. The Java Heap base address is the
#     maximum limit for the native heap growth. Please use -XX:HeapBaseMinAddress
#     to set the Java Heap base and to place the Java Heap above 4GB virtual address.
# This output file may be truncated or incomplete.
#
#  Out of Memory Error (allocation.cpp:390), pid=2104, tid=0x00000000000029cc
#
# JRE version: Java(TM) SE Runtime Environment (8.0_201-b09) (build 1.8.0_201-b09)
# Java VM: Java HotSpot(TM) 64-Bit Server VM (25.201-b09 mixed mode windows-amd64 compressed oops)
# Failed to write core dump. Minidumps are not enabled by default on client versions of Windows
#

---------------  T H R E A D  ---------------

Current thread (0x0000000018e3f800):  JavaThread "C2 CompilerThread1" daemon [_thread_in_native, id=10700, stack(0x00000000190f0000,0x00000000191f0000)]

Stack: [0x00000000190f0000,0x00000000191f0000]
[error occurred during error reporting (printing stack bounds), id 0xc0000005]

Native frames: (J=compiled Java code, j=interpreted, Vv=VM code, C=native code)


Current CompileTask:
C2: 139645 4324       4       org.springframework.core.annotation.AnnotationsScanner::isKnownEmpty (60 bytes)


---------------  P R O C E S S  ---------------

Java Threads: ( => current thread )
  0x00000000204b7800 JavaThread "DestroyJavaVM" [_thread_blocked, id=8424, stack(0x0000000002570000,0x0000000002670000)]
  0x00000000204ab000 JavaThread "http-nio-8080-Acceptor" daemon [_thread_in_native, id=13200, stack(0x0000000024af0000,0x0000000024bf0000)]
  0x00000000204b1800 JavaThread "http-nio-8080-ClientPoller" daemon [_thread_in_native, id=1616, stack(0x00000000249f0000,0x0000000024af0000)]
  0x00000000204ae000 JavaThread "http-nio-8080-exec-10" daemon [_thread_blocked, id=7608, stack(0x00000000248f0000,0x00000000249f0000)]
  0x00000000204af800 JavaThread "http-nio-8080-exec-9" daemon [_thread_blocked, id=10408, stack(0x00000000247f0000,0x00000000248f0000)]
  0x00000000204ad000 JavaThread "http-nio-8080-exec-8" daemon [_thread_blocked, id=1748, stack(0x00000000246f0000,0x00000000247f0000)]
  0x00000000204aa000 JavaThread "http-nio-8080-exec-7" daemon [_thread_blocked, id=3808, stack(0x00000000245f0000,0x00000000246f0000)]
  0x00000000204ae800 JavaThread "http-nio-8080-exec-6" daemon [_thread_blocked, id=8932, stack(0x00000000244f0000,0x00000000245f0000)]
  0x00000000204b1000 JavaThread "http-nio-8080-exec-5" daemon [_thread_blocked, id=4868, stack(0x00000000243f0000,0x00000000244f0000)]
  0x00000000204ab800 JavaThread "http-nio-8080-exec-4" daemon [_thread_blocked, id=10232, stack(0x00000000242f0000,0x00000000243f0000)]
  0x00000000204b0000 JavaThread "http-nio-8080-exec-3" daemon [_thread_blocked, id=1152, stack(0x00000000241f0000,0x00000000242f0000)]
  0x00000000204ac800 JavaThread "http-nio-8080-exec-2" daemon [_thread_in_vm, id=11384, stack(0x00000000240f0000,0x00000000241f0000)]
  0x000000001aac8800 JavaThread "http-nio-8080-exec-1" daemon [_thread_blocked, id=10228, stack(0x0000000023ff0000,0x00000000240f0000)]
  0x000000001aac7800 JavaThread "http-nio-8080-BlockPoller" daemon [_thread_in_native, id=7224, stack(0x0000000023ef0000,0x0000000023ff0000)]
  0x000000001aac7000 JavaThread "File Watcher" daemon [_thread_blocked, id=2364, stack(0x0000000023df0000,0x0000000023ef0000)]
  0x000000001aac6000 JavaThread "Live Reload Server" daemon [_thread_in_native, id=2464, stack(0x00000000222d0000,0x00000000223d0000)]
  0x000000001aac4000 JavaThread "HikariPool-1 housekeeper" daemon [_thread_blocked, id=5140, stack(0x0000000021700000,0x0000000021800000)]
  0x000000001aac5800 JavaThread "Abandoned connection cleanup thread" daemon [_thread_blocked, id=232, stack(0x0000000020f00000,0x0000000021000000)]
  0x000000001aaca800 JavaThread "container-0" [_thread_blocked, id=1540, stack(0x0000000020e00000,0x0000000020f00000)]
  0x000000001aaca000 JavaThread "Catalina-utility-2" [_thread_blocked, id=7436, stack(0x0000000020d00000,0x0000000020e00000)]
  0x000000001aac9000 JavaThread "Catalina-utility-1" [_thread_blocked, id=1920, stack(0x0000000020c00000,0x0000000020d00000)]
  0x0000000018ee6800 JavaThread "Service Thread" daemon [_thread_blocked, id=7780, stack(0x00000000192f0000,0x00000000193f0000)]
  0x0000000018e41000 JavaThread "C1 CompilerThread2" daemon [_thread_blocked, id=8056, stack(0x00000000191f0000,0x00000000192f0000)]
=>0x0000000018e3f800 JavaThread "C2 CompilerThread1" daemon [_thread_in_native, id=10700, stack(0x00000000190f0000,0x00000000191f0000)]
  0x0000000018e3c800 JavaThread "C2 CompilerThread0" daemon [_thread_in_native, id=9060, stack(0x0000000018ff0000,0x00000000190f0000)]
  0x0000000018e3b000 JavaThread "Monitor Ctrl-Break" daemon [_thread_in_native, id=7152, stack(0x0000000018ef0000,0x0000000018ff0000)]
  0x0000000017483800 JavaThread "Attach Listener" daemon [_thread_blocked, id=6484, stack(0x00000000189f0000,0x0000000018af0000)]
  0x0000000017493000 JavaThread "Signal Dispatcher" daemon [_thread_blocked, id=9800, stack(0x00000000188f0000,0x00000000189f0000)]
  0x000000000295b800 JavaThread "Finalizer" daemon [_thread_blocked, id=11948, stack(0x00000000186e0000,0x00000000187e0000)]
  0x000000001746a800 JavaThread "Reference Handler" daemon [_thread_blocked, id=8404, stack(0x00000000185e0000,0x00000000186e0000)]

Other Threads:
  0x0000000017447000 VMThread [stack: 0x00000000184e0000,0x00000000185e0000] [id=1048]
  0x000000001945e000 WatcherThread [stack: 0x0000000019bf0000,0x0000000019cf0000] [id=6064]

VM state:not at safepoint (normal execution)

VM Mutex/Monitor currently owned by a thread: None

heap address: 0x0000000081e00000, size: 2018 MB, Compressed Oops mode: 32-bit
Narrow klass base: 0x0000000000000000, Narrow klass shift: 3
Compressed class space size: 1073741824 Address: 0x0000000100000000

Heap:
 PSYoungGen      total 176128K, used 56434K [0x00000000d5f80000, 0x00000000e5100000, 0x0000000100000000)
  eden space 162816K, 26% used [0x00000000d5f80000,0x00000000d89a4640,0x00000000dfe80000)
  from space 13312K, 99% used [0x00000000dfe80000,0x00000000e0b785b0,0x00000000e0b80000)
  to   space 18432K, 0% used [0x00000000e3f00000,0x00000000e3f00000,0x00000000e5100000)
 ParOldGen       total 83456K, used 20589K [0x0000000081e00000, 0x0000000086f80000, 0x00000000d5f80000)
  object space 83456K, 24% used [0x0000000081e00000,0x000000008321b628,0x0000000086f80000)
 Metaspace       used 53654K, capacity 56426K, committed 56792K, reserved 1097728K
  class space    used 7308K, capacity 7809K, committed 7936K, reserved 1048576K

Card table byte_map: [0x0000000011d20000,0x0000000012120000] byte_map_base: 0x0000000011911000

Marking Bits: (ParMarkBitMap*) 0x0000000072d14ce0
 Begin Bits: [0x00000000127d0000, 0x0000000014758000)
 End Bits:   [0x0000000014758000, 0x00000000166e0000)

Polling page: 0x00000000007c0000

CodeCache: size=245760Kb used=13426Kb max_used=15281Kb free=232333Kb
 bounds [0x0000000002960000, 0x0000000003860000, 0x0000000011960000]
 total_blobs=4367 nmethods=3820 adapters=458
 compilation: enabled

Compilation events (10 events):
Event: 139.617 Thread 0x0000000018e3f800 4320 %     4       java.util.Properties$LineReader::readLine @ 21 (468 bytes)
Event: 139.623 Thread 0x0000000018e41000 4321   !   3       java.util.concurrent.ConcurrentHashMap::transfer (832 bytes)
Event: 139.624 Thread 0x0000000018e3f800 nmethod 4320% 0x0000000002cc0590 code [0x0000000002cc0740, 0x0000000002cc1388]
Event: 139.625 Thread 0x0000000018e3c800 4322       4       java.util.concurrent.ConcurrentHashMap::get (162 bytes)
Event: 139.625 Thread 0x0000000018e41000 nmethod 4321 0x0000000002bce110 code [0x0000000002bce460, 0x0000000002bd09c8]
Event: 139.626 Thread 0x0000000018e41000 4323   !   3       org.springframework.beans.factory.annotation.AutowiredAnnotationBeanPostProcessor::findAutowiringMetadata (124 bytes)
Event: 139.626 Thread 0x0000000018e41000 nmethod 4323 0x0000000002c9f6d0 code [0x0000000002c9f920, 0x0000000002ca09d8]
Event: 139.627 Thread 0x0000000018e3c800 nmethod 4322 0x0000000002cc9190 code [0x0000000002cc9300, 0x0000000002cc95e8]
Event: 139.628 Thread 0x0000000018e3f800 4324       4       org.springframework.core.annotation.AnnotationsScanner::isKnownEmpty (60 bytes)
Event: 139.628 Thread 0x0000000018e3c800 4325       4       org.springframework.core.BridgeMethodResolver::findBridgedMethod (117 bytes)

GC Heap History (10 events):
Event: 1.668 GC heap before
{Heap before GC invocations=7 (full 1):
 PSYoungGen      total 71680K, used 66560K [0x00000000d5f80000, 0x00000000df580000, 0x0000000100000000)
  eden space 66560K, 100% used [0x00000000d5f80000,0x00000000da080000,0x00000000da080000)
  from space 5120K, 0% used [0x00000000da080000,0x00000000da080000,0x00000000da580000)
  to   space 10240K, 0% used [0x00000000deb80000,0x00000000deb80000,0x00000000df580000)
 ParOldGen       total 58368K, used 9723K [0x0000000081e00000, 0x0000000085700000, 0x00000000d5f80000)
  object space 58368K, 16% used [0x0000000081e00000,0x000000008277ec18,0x0000000085700000)
 Metaspace       used 22178K, capacity 22954K, committed 23040K, reserved 1069056K
  class space    used 2858K, capacity 3068K, committed 3072K, reserved 1048576K
Event: 1.671 GC heap after
Heap after GC invocations=7 (full 1):
 PSYoungGen      total 109568K, used 2839K [0x00000000d5f80000, 0x00000000dee80000, 0x0000000100000000)
  eden space 106496K, 0% used [0x00000000d5f80000,0x00000000d5f80000,0x00000000dc780000)
  from space 3072K, 92% used [0x00000000deb80000,0x00000000dee45dd0,0x00000000dee80000)
  to   space 9728K, 0% used [0x00000000ddb80000,0x00000000ddb80000,0x00000000de500000)
 ParOldGen       total 58368K, used 9731K [0x0000000081e00000, 0x0000000085700000, 0x00000000d5f80000)
  object space 58368K, 16% used [0x0000000081e00000,0x0000000082780c18,0x0000000085700000)
 Metaspace       used 22178K, capacity 22954K, committed 23040K, reserved 1069056K
  class space    used 2858K, capacity 3068K, committed 3072K, reserved 1048576K
}
Event: 3.086 GC heap before
{Heap before GC invocations=8 (full 1):
 PSYoungGen      total 109568K, used 109335K [0x00000000d5f80000, 0x00000000dee80000, 0x0000000100000000)
  eden space 106496K, 100% used [0x00000000d5f80000,0x00000000dc780000,0x00000000dc780000)
  from space 3072K, 92% used [0x00000000deb80000,0x00000000dee45dd0,0x00000000dee80000)
  to   space 9728K, 0% used [0x00000000ddb80000,0x00000000ddb80000,0x00000000de500000)
 ParOldGen       total 58368K, used 9731K [0x0000000081e00000, 0x0000000085700000, 0x00000000d5f80000)
  object space 58368K, 16% used [0x0000000081e00000,0x0000000082780c18,0x0000000085700000)
 Metaspace       used 29258K, capacity 31056K, committed 31360K, reserved 1077248K
  class space    used 3864K, capacity 4174K, committed 4224K, reserved 1048576K
Event: 3.094 GC heap after
Heap after GC invocations=8 (full 1):
 PSYoungGen      total 136704K, used 9696K [0x00000000d5f80000, 0x00000000e1780000, 0x0000000100000000)
  eden space 126976K, 0% used [0x00000000d5f80000,0x00000000d5f80000,0x00000000ddb80000)
  from space 9728K, 99% used [0x00000000ddb80000,0x00000000de4f80f8,0x00000000de500000)
  to   space 12288K, 0% used [0x00000000e0b80000,0x00000000e0b80000,0x00000000e1780000)
 ParOldGen       total 58368K, used 10904K [0x0000000081e00000, 0x0000000085700000, 0x00000000d5f80000)
  object space 58368K, 18% used [0x0000000081e00000,0x00000000828a63d0,0x0000000085700000)
 Metaspace       used 29258K, capacity 31056K, committed 31360K, reserved 1077248K
  class space    used 3864K, capacity 4174K, committed 4224K, reserved 1048576K
}
Event: 3.605 GC heap before
{Heap before GC invocations=9 (full 1):
 PSYoungGen      total 136704K, used 125533K [0x00000000d5f80000, 0x00000000e1780000, 0x0000000100000000)
  eden space 126976K, 91% used [0x00000000d5f80000,0x00000000dd09f450,0x00000000ddb80000)
  from space 9728K, 99% used [0x00000000ddb80000,0x00000000de4f80f8,0x00000000de500000)
  to   space 12288K, 0% used [0x00000000e0b80000,0x00000000e0b80000,0x00000000e1780000)
 ParOldGen       total 58368K, used 10904K [0x0000000081e00000, 0x0000000085700000, 0x00000000d5f80000)
  object space 58368K, 18% used [0x0000000081e00000,0x00000000828a63d0,0x0000000085700000)
 Metaspace       used 33503K, capacity 35292K, committed 35416K, reserved 1079296K
  class space    used 4322K, capacity 4624K, committed 4736K, reserved 1048576K
Event: 3.613 GC heap after
Heap after GC invocations=9 (full 1):
 PSYoungGen      total 175104K, used 9691K [0x00000000d5f80000, 0x00000000e3480000, 0x0000000100000000)
  eden space 162816K, 0% used [0x00000000d5f80000,0x00000000d5f80000,0x00000000dfe80000)
  from space 12288K, 78% used [0x00000000e0b80000,0x00000000e14f6d48,0x00000000e1780000)
  to   space 13312K, 0% used [0x00000000dfe80000,0x00000000dfe80000,0x00000000e0b80000)
 ParOldGen       total 58368K, used 10912K [0x0000000081e00000, 0x0000000085700000, 0x00000000d5f80000)
  object space 58368K, 18% used [0x0000000081e00000,0x00000000828a83d0,0x0000000085700000)
 Metaspace       used 33503K, capacity 35292K, committed 35416K, reserved 1079296K
  class space    used 4322K, capacity 4624K, committed 4736K, reserved 1048576K
}
Event: 3.613 GC heap before
{Heap before GC invocations=10 (full 2):
 PSYoungGen      total 175104K, used 9691K [0x00000000d5f80000, 0x00000000e3480000, 0x0000000100000000)
  eden space 162816K, 0% used [0x00000000d5f80000,0x00000000d5f80000,0x00000000dfe80000)
  from space 12288K, 78% used [0x00000000e0b80000,0x00000000e14f6d48,0x00000000e1780000)
  to   space 13312K, 0% used [0x00000000dfe80000,0x00000000dfe80000,0x00000000e0b80000)
 ParOldGen       total 58368K, used 10912K [0x0000000081e00000, 0x0000000085700000, 0x00000000d5f80000)
  object space 58368K, 18% used [0x0000000081e00000,0x00000000828a83d0,0x0000000085700000)
 Metaspace       used 33503K, capacity 35292K, committed 35416K, reserved 1079296K
  class space    used 4322K, capacity 4624K, committed 4736K, reserved 1048576K
Event: 3.663 GC heap after
Heap after GC invocations=10 (full 2):
 PSYoungGen      total 175104K, used 0K [0x00000000d5f80000, 0x00000000e3480000, 0x0000000100000000)
  eden space 162816K, 0% used [0x00000000d5f80000,0x00000000d5f80000,0x00000000dfe80000)
  from space 12288K, 0% used [0x00000000e0b80000,0x00000000e0b80000,0x00000000e1780000)
  to   space 13312K, 0% used [0x00000000dfe80000,0x00000000dfe80000,0x00000000e0b80000)
 ParOldGen       total 83456K, used 13471K [0x0000000081e00000, 0x0000000086f80000, 0x00000000d5f80000)
  object space 83456K, 16% used [0x0000000081e00000,0x0000000082b27ec8,0x0000000086f80000)
 Metaspace       used 33503K, capacity 35292K, committed 35416K, reserved 1079296K
  class space    used 4322K, capacity 4624K, committed 4736K, reserved 1048576K
}
Event: 5.696 GC heap before
{Heap before GC invocations=11 (full 2):
 PSYoungGen      total 175104K, used 162816K [0x00000000d5f80000, 0x00000000e3480000, 0x0000000100000000)
  eden space 162816K, 100% used [0x00000000d5f80000,0x00000000dfe80000,0x00000000dfe80000)
  from space 12288K, 0% used [0x00000000e0b80000,0x00000000e0b80000,0x00000000e1780000)
  to   space 13312K, 0% used [0x00000000dfe80000,0x00000000dfe80000,0x00000000e0b80000)
 ParOldGen       total 83456K, used 13471K [0x0000000081e00000, 0x0000000086f80000, 0x00000000d5f80000)
  object space 83456K, 16% used [0x0000000081e00000,0x0000000082b27ec8,0x0000000086f80000)
 Metaspace       used 51080K, capacity 53556K, committed 53720K, reserved 1095680K
  class space    used 6964K, capacity 7404K, committed 7424K, reserved 1048576K
Event: 5.716 GC heap after
Heap after GC invocations=11 (full 2):
 PSYoungGen      total 176128K, used 13281K [0x00000000d5f80000, 0x00000000e5100000, 0x0000000100000000)
  eden space 162816K, 0% used [0x00000000d5f80000,0x00000000d5f80000,0x00000000dfe80000)
  from space 13312K, 99% used [0x00000000dfe80000,0x00000000e0b785b0,0x00000000e0b80000)
  to   space 18432K, 0% used [0x00000000e3f00000,0x00000000e3f00000,0x00000000e5100000)
 ParOldGen       total 83456K, used 20589K [0x0000000081e00000, 0x0000000086f80000, 0x00000000d5f80000)
  object space 83456K, 24% used [0x0000000081e00000,0x000000008321b628,0x0000000086f80000)
 Metaspace       used 51080K, capacity 53556K, committed 53720K, reserved 1095680K
  class space    used 6964K, capacity 7404K, committed 7424K, reserved 1048576K
}

Deoptimization events (10 events):
Event: 5.810 Thread 0x00000000174aa000 Uncommon trap: reason=unstable_if action=reinterpret pc=0x00000000033f1b9c method=org.springframework.core.annotation.AnnotationsScanner.isWithoutHierarchy(Ljava/lang/reflect/AnnotatedElement;Lorg/springframework/core/annotation/MergedAnnotations$SearchSt
Event: 5.849 Thread 0x00000000174aa000 Uncommon trap: reason=unstable_if action=reinterpret pc=0x0000000002dad420 method=java.util.concurrent.ConcurrentHashMap.transfer([Ljava/util/concurrent/ConcurrentHashMap$Node;[Ljava/util/concurrent/ConcurrentHashMap$Node;)V @ 356
Event: 5.849 Thread 0x00000000174aa000 Uncommon trap: reason=unstable_if action=reinterpret pc=0x0000000002d85e48 method=java.util.concurrent.ConcurrentHashMap.transfer([Ljava/util/concurrent/ConcurrentHashMap$Node;[Ljava/util/concurrent/ConcurrentHashMap$Node;)V @ 356
Event: 5.866 Thread 0x00000000174aa000 Uncommon trap: reason=unstable_if action=reinterpret pc=0x00000000037b4fe0 method=org.springframework.beans.factory.support.AbstractBeanFactory.isTypeMatch(Ljava/lang/String;Lorg/springframework/core/ResolvableType;Z)Z @ 34
Event: 5.946 Thread 0x00000000174aa000 Uncommon trap: reason=unstable_if action=reinterpret pc=0x000000000325ee18 method=org.springframework.util.ConcurrentReferenceHashMap$Segment.clear()V @ 7
Event: 5.975 Thread 0x00000000174aa000 Uncommon trap: reason=unstable_if action=reinterpret pc=0x0000000002feb5d4 method=org.springframework.util.ConcurrentReferenceHashMap$Segment.restructureIfNecessary(Z)V @ 41
Event: 6.933 Thread 0x000000001aac7000 Uncommon trap: reason=bimorphic action=maybe_recompile pc=0x000000000340492c method=java.util.AbstractCollection.containsAll(Ljava/util/Collection;)Z @ 25
Event: 6.933 Thread 0x000000001aac7000 Uncommon trap: reason=bimorphic action=maybe_recompile pc=0x000000000340492c method=java.util.AbstractCollection.containsAll(Ljava/util/Collection;)Z @ 25
Event: 7.936 Thread 0x000000001aac7000 Uncommon trap: reason=bimorphic action=maybe_recompile pc=0x000000000340492c method=java.util.AbstractCollection.containsAll(Ljava/util/Collection;)Z @ 25
Event: 7.936 Thread 0x000000001aac7000 Uncommon trap: reason=bimorphic action=maybe_recompile pc=0x000000000340492c method=java.util.AbstractCollection.containsAll(Ljava/util/Collection;)Z @ 25

Classes redefined (0 events):
No events

Internal exceptions (10 events):
Event: 5.561 Thread 0x00000000174aa000 Exception <a 'java/lang/ClassNotFoundException': org/springframework/web/servlet/config/annotation/WebMvcConfigurationSupportCustomizer> (0x00000000df30a3a0) thrown at [C:\re\workspace\8-2-build-windows-amd64-cygwin\jdk8u201\12322\hotspot\src\share\vm\cla
Event: 5.562 Thread 0x00000000174aa000 Exception <a 'java/lang/ClassNotFoundException': org/springframework/web/servlet/config/annotation/DelegatingWebMvcConfigurationCustomizer> (0x00000000df33d968) thrown at [C:\re\workspace\8-2-build-windows-amd64-cygwin\jdk8u201\12322\hotspot\src\share\vm\
Event: 5.563 Thread 0x00000000174aa000 Exception <a 'java/lang/ClassNotFoundException': org/springframework/boot/autoconfigure/web/servlet/WebMvcAutoConfiguration$EnableWebMvcConfigurationCustomizer> (0x00000000df366930) thrown at [C:\re\workspace\8-2-build-windows-amd64-cygwin\jdk8u201\12322\
Event: 5.564 Thread 0x00000000174aa000 Exception <a 'java/lang/ClassNotFoundException': org/springframework/context/ResourceLoaderAwareCustomizer> (0x00000000df38db48) thrown at [C:\re\workspace\8-2-build-windows-amd64-cygwin\jdk8u201\12322\hotspot\src\share\vm\classfile\systemDictionary.cpp, 
Event: 5.564 Thread 0x00000000174aa000 Exception <a 'java/lang/ClassNotFoundException': org/springframework/beans/factory/AwareCustomizer> (0x00000000df3a28f0) thrown at [C:\re\workspace\8-2-build-windows-amd64-cygwin\jdk8u201\12322\hotspot\src\share\vm\classfile\systemDictionary.cpp, line 210
Event: 5.565 Thread 0x00000000174aa000 Exception <a 'java/lang/ClassNotFoundException': org/springframework/context/ApplicationContextAwareCustomizer> (0x00000000df3b9a80) thrown at [C:\re\workspace\8-2-build-windows-amd64-cygwin\jdk8u201\12322\hotspot\src\share\vm\classfile\systemDictionary.c
Event: 5.565 Thread 0x00000000174aa000 Exception <a 'java/lang/ClassNotFoundException': org/springframework/beans/factory/AwareCustomizer> (0x00000000df3cee30) thrown at [C:\re\workspace\8-2-build-windows-amd64-cygwin\jdk8u201\12322\hotspot\src\share\vm\classfile\systemDictionary.cpp, line 210
Event: 5.565 Thread 0x00000000174aa000 Exception <a 'java/lang/ClassNotFoundException': org/springframework/web/context/ServletContextAwareCustomizer> (0x00000000df3e5fc8) thrown at [C:\re\workspace\8-2-build-windows-amd64-cygwin\jdk8u201\12322\hotspot\src\share\vm\classfile\systemDictionary.c
Event: 5.566 Thread 0x00000000174aa000 Exception <a 'java/lang/ClassNotFoundException': org/springframework/beans/factory/AwareCustomizer> (0x00000000df3fade8) thrown at [C:\re\workspace\8-2-build-windows-amd64-cygwin\jdk8u201\12322\hotspot\src\share\vm\classfile\systemDictionary.cpp, line 210
Event: 5.829 Thread 0x00000000174aa000 Exception <a 'java/lang/IncompatibleClassChangeError': Found class java.lang.Object, but interface was expected> (0x00000000d6a8bbc0) thrown at [C:\re\workspace\8-2-build-windows-amd64-cygwin\jdk8u201\12322\hotspot\src\share\vm\interpreter\linkResolver.cp

Events (10 events):
Event: 139.639 loading class org/springframework/core/log/LogFormatUtils
Event: 139.639 loading class org/springframework/core/log/LogFormatUtils done
Event: 139.640 loading class org/springframework/web/util/WebUtils
Event: 139.640 loading class org/springframework/web/util/WebUtils done
Event: 139.641 loading class org/springframework/web/util/UriUtils
Event: 139.641 loading class org/springframework/web/util/UriUtils done
Event: 139.642 loading class org/springframework/web/cors/CorsUtils
Event: 139.642 loading class org/springframework/web/cors/CorsUtils done
Event: 139.642 loading class org/springframework/web/servlet/handler/AbstractHandlerMethodMapping$Match
Event: 139.642 loading class org/springframework/web/servlet/handler/AbstractHandlerMethodMapping$Match done


Dynamic libraries:
0x00007ff79fe50000 - 0x00007ff79fe87000 	C:\Program Files\Java\jdk1.8.0_201\bin\java.exe
0x00007ffb2cbc0000 - 0x00007ffb2cdad000 	C:\WINDOWS\SYSTEM32\ntdll.dll
0x00007ffb2c660000 - 0x00007ffb2c713000 	C:\WINDOWS\System32\KERNEL32.DLL
0x00007ffb28eb0000 - 0x00007ffb29145000 	C:\WINDOWS\System32\KERNELBASE.dll
0x00007ffb2ca70000 - 0x00007ffb2cb13000 	C:\WINDOWS\System32\ADVAPI32.dll
0x00007ffb2a100000 - 0x00007ffb2a19e000 	C:\WINDOWS\System32\msvcrt.dll
0x00007ffb2c020000 - 0x00007ffb2c0be000 	C:\WINDOWS\System32\sechost.dll
0x00007ffb2c7a0000 - 0x00007ffb2c8c2000 	C:\WINDOWS\System32\RPCRT4.dll
0x00007ffb2c8d0000 - 0x00007ffb2ca67000 	C:\WINDOWS\System32\USER32.dll
0x00007ffb292a0000 - 0x00007ffb292c0000 	C:\WINDOWS\System32\win32u.dll
0x00007ffb2c1f0000 - 0x00007ffb2c219000 	C:\WINDOWS\System32\GDI32.dll
0x00007ffb29bf0000 - 0x00007ffb29d89000 	C:\WINDOWS\System32\gdi32full.dll
0x00007ffb29d90000 - 0x00007ffb29e30000 	C:\WINDOWS\System32\msvcp_win.dll
0x00007ffb28d00000 - 0x00007ffb28dfa000 	C:\WINDOWS\System32\ucrtbase.dll
0x00007ffb1e5c0000 - 0x00007ffb1e839000 	C:\WINDOWS\WinSxS\amd64_microsoft.windows.common-controls_6595b64144ccf1df_6.0.17763.1217_none_de6e4304534e0ad3\COMCTL32.dll
0x00007ffb2c220000 - 0x00007ffb2c54c000 	C:\WINDOWS\System32\combase.dll
0x00007ffb29150000 - 0x00007ffb291ce000 	C:\WINDOWS\System32\bcryptPrimitives.dll
0x00007ffb2b810000 - 0x00007ffb2b83e000 	C:\WINDOWS\System32\IMM32.DLL
0x0000000072da0000 - 0x0000000072e71000 	C:\Program Files\Java\jdk1.8.0_201\jre\bin\msvcr100.dll
0x00000000724f0000 - 0x0000000072d94000 	C:\Program Files\Java\jdk1.8.0_201\jre\bin\server\jvm.dll
0x00007ffb2cb80000 - 0x00007ffb2cb88000 	C:\WINDOWS\System32\PSAPI.DLL
0x00007ffb25590000 - 0x00007ffb25599000 	C:\WINDOWS\SYSTEM32\WSOCK32.dll
0x00007ffb2a090000 - 0x00007ffb2a0fd000 	C:\WINDOWS\System32\WS2_32.dll
0x00007ffb26e20000 - 0x00007ffb26e44000 	C:\WINDOWS\SYSTEM32\WINMM.dll
0x00007ffb23d60000 - 0x00007ffb23d6a000 	C:\WINDOWS\SYSTEM32\VERSION.dll
0x00007ffb26cd0000 - 0x00007ffb26cfd000 	C:\WINDOWS\SYSTEM32\WINMMBASE.dll
0x00007ffb291f0000 - 0x00007ffb2923a000 	C:\WINDOWS\System32\cfgmgr32.dll
0x00007ffb255c0000 - 0x00007ffb255cf000 	C:\Program Files\Java\jdk1.8.0_201\jre\bin\verify.dll
0x00007ffb0aee0000 - 0x00007ffb0af09000 	C:\Program Files\Java\jdk1.8.0_201\jre\bin\java.dll
0x00007ffb09d30000 - 0x00007ffb09d53000 	C:\Program Files\Java\jdk1.8.0_201\jre\bin\instrument.dll
0x00007ffb255a0000 - 0x00007ffb255b6000 	C:\Program Files\Java\jdk1.8.0_201\jre\bin\zip.dll
0x00007ffb2a310000 - 0x00007ffb2b804000 	C:\WINDOWS\System32\SHELL32.dll
0x00007ffb2c550000 - 0x00007ffb2c5f8000 	C:\WINDOWS\System32\shcore.dll
0x00007ffb292c0000 - 0x00007ffb29a0e000 	C:\WINDOWS\System32\windows.storage.dll
0x00007ffb28c50000 - 0x00007ffb28c74000 	C:\WINDOWS\System32\profapi.dll
0x00007ffb28ca0000 - 0x00007ffb28cfd000 	C:\WINDOWS\System32\powrprof.dll
0x00007ffb29ec0000 - 0x00007ffb29f12000 	C:\WINDOWS\System32\shlwapi.dll
0x00007ffb28c30000 - 0x00007ffb28c41000 	C:\WINDOWS\System32\kernel.appcore.dll
0x00007ffb291d0000 - 0x00007ffb291e7000 	C:\WINDOWS\System32\cryptsp.dll
0x00007ffb09d10000 - 0x00007ffb09d2a000 	C:\Program Files\JetBrains\IntelliJ IDEA Community Edition 2018.3.5\bin\breakgen64.dll
0x00007ffb0c240000 - 0x00007ffb0c25a000 	C:\Program Files\Java\jdk1.8.0_201\jre\bin\net.dll
0x00007ffb1d940000 - 0x00007ffb1db17000 	C:\WINDOWS\SYSTEM32\urlmon.dll
0x00007ffb1d2b0000 - 0x00007ffb1d558000 	C:\WINDOWS\SYSTEM32\iertutil.dll
0x00007ffb28570000 - 0x00007ffb2857c000 	C:\WINDOWS\SYSTEM32\CRYPTBASE.DLL
0x00007ffb283f0000 - 0x00007ffb28457000 	C:\WINDOWS\system32\mswsock.dll
0x00007ffb25540000 - 0x00007ffb2554d000 	C:\Program Files\Java\jdk1.8.0_201\jre\bin\management.dll
0x00007ffb15f50000 - 0x00007ffb15f66000 	C:\WINDOWS\system32\napinsp.dll
0x00007ffb15f30000 - 0x00007ffb15f4a000 	C:\WINDOWS\system32\pnrpnsp.dll
0x00007ffb28160000 - 0x00007ffb28227000 	C:\WINDOWS\SYSTEM32\DNSAPI.dll
0x00007ffb2a300000 - 0x00007ffb2a308000 	C:\WINDOWS\System32\NSI.dll
0x00007ffb28120000 - 0x00007ffb2815d000 	C:\WINDOWS\SYSTEM32\IPHLPAPI.DLL
0x00007ffb19f80000 - 0x00007ffb19f8e000 	C:\WINDOWS\System32\winrnr.dll
0x00007ffb25470000 - 0x00007ffb2548b000 	C:\WINDOWS\system32\NLAapi.dll
0x00007ffb0c390000 - 0x00007ffb0c3a5000 	C:\WINDOWS\system32\wshbth.dll
0x00000000739f0000 - 0x0000000073a16000 	C:\Program Files\Bonjour\mdnsNSP.dll
0x00007ffb20750000 - 0x00007ffb2075a000 	C:\Windows\System32\rasadhlp.dll
0x00007ffb20090000 - 0x00007ffb20109000 	C:\WINDOWS\System32\fwpuclnt.dll
0x00007ffb29e30000 - 0x00007ffb29e56000 	C:\WINDOWS\System32\bcrypt.dll
0x00007ffb0ade0000 - 0x00007ffb0adf1000 	C:\Program Files\Java\jdk1.8.0_201\jre\bin\nio.dll
0x00007ffb27f80000 - 0x00007ffb27fb3000 	C:\WINDOWS\system32\rsaenh.dll
0x00007ffb28b60000 - 0x00007ffb28b88000 	C:\WINDOWS\SYSTEM32\USERENV.dll
0x00007ffb23b60000 - 0x00007ffb23b76000 	C:\WINDOWS\SYSTEM32\dhcpcsvc6.DLL
0x00007ffb23b40000 - 0x00007ffb23b5c000 	C:\WINDOWS\SYSTEM32\dhcpcsvc.DLL

VM Arguments:
jvm_args: -javaagent:C:\Program Files\JetBrains\IntelliJ IDEA Community Edition 2018.3.5\lib\idea_rt.jar=52997:C:\Program Files\JetBrains\IntelliJ IDEA Community Edition 2018.3.5\bin -Dfile.encoding=UTF-8 
java_command: com.majority.contactbookapi.ContactBookApiApplication
java_class_path (initial): C:\Program Files\Java\jdk1.8.0_201\jre\lib\charsets.jar;C:\Program Files\Java\jdk1.8.0_201\jre\lib\deploy.jar;C:\Program Files\Java\jdk1.8.0_201\jre\lib\ext\access-bridge-64.jar;C:\Program Files\Java\jdk1.8.0_201\jre\lib\ext\cldrdata.jar;C:\Program Files\Java\jdk1.8.0_201\jre\lib\ext\dnsns.jar;C:\Program Files\Java\jdk1.8.0_201\jre\lib\ext\jaccess.jar;C:\Program Files\Java\jdk1.8.0_201\jre\lib\ext\jfxrt.jar;C:\Program Files\Java\jdk1.8.0_201\jre\lib\ext\localedata.jar;C:\Program Files\Java\jdk1.8.0_201\jre\lib\ext\nashorn.jar;C:\Program Files\Java\jdk1.8.0_201\jre\lib\ext\sunec.jar;C:\Program Files\Java\jdk1.8.0_201\jre\lib\ext\sunjce_provider.jar;C:\Program Files\Java\jdk1.8.0_201\jre\lib\ext\sunmscapi.jar;C:\Program Files\Java\jdk1.8.0_201\jre\lib\ext\sunpkcs11.jar;C:\Program Files\Java\jdk1.8.0_201\jre\lib\ext\zipfs.jar;C:\Program Files\Java\jdk1.8.0_201\jre\lib\javaws.jar;C:\Program Files\Java\jdk1.8.0_201\jre\lib\jce.jar;C:\Program Files\Java\jdk1.8.0_201\jre\lib\jfr.jar;C:\Program Files\Java\jdk1.8.0_201\jre\lib\jfxswt.jar;C:\Program Files\Java\jdk1.8.0_201\jre\lib\jsse.jar;C:\Program Files\Java\jdk1.8.0_201\jre\lib\management-agent.jar;C:\Program Files\Java\jdk1.8.0_201\jre\lib\plugin.jar;C:\Program Files\Java\jdk1.8.0_201\jre\lib\resources.jar;C:\Program Files\Java\jdk1.8.0_201\jre\lib\rt.jar;C:\Users\lucas\Documents\Projetos\contact-book-api\target\classes;C:\Users\lucas\.m2\repository\org\springframework\boot\spring-boot-starter-data-jpa\2.2.7.RELEASE\spring-boot-starter-data-jpa-2.2.7.RELEASE.jar;C:\Users\lucas\.m2\repository\org\springframework\boot\spring-boot-starter-aop\2.2.7.RELEASE\spring-boot-starter-aop-2.2.7.RELEASE.jar;C:\Users\lucas\.m2\repository\org\springframework\spring-aop\5.2.6.RELEASE\spring-aop-5.2.6.RELEASE.jar;C:\Users\lucas\.m2\repository\org\aspectj\aspectjweaver\1.9.5\aspectjweaver-1.9.5.jar;C:\Users\lucas\.m2\repository\org\springframework\boot\spring-boot-starter-jdbc\2.2.7.RELEASE\spring-boot-starter
Launcher Type: SUN_STANDARD

Environment Variables:
JAVA_HOME=C:\Program Files\Java\jdk1.8.0_201
PATH=C:\ProgramData\DockerDesktop\version-bin;C:\Program Files\Docker\Docker\Resources\bin;C:\python3\Scripts\;C:\python3\;C:\Program Files (x86)\Common Files\Oracle\Java\javapath;C:\Windows\system32;C:\Windows;C:\Windows\System32\Wbem;C:\Windows\System32\WindowsPowerShell\v1.0\;C:\Program Files\NVIDIA Corporation\NVIDIA NvDLISR;C:\Program Files (x86)\NVIDIA Corporation\PhysX\Common;C:\WINDOWS\system32;C:\WINDOWS;C:\WINDOWS\System32\Wbem;C:\WINDOWS\System32\WindowsPowerShell\v1.0\;C:\WINDOWS\System32\OpenSSH\;C:\Program Files\Git\cmd;C:\Program Files\IBM\Cloud\bin;C:\apache-maven-3.6.1\bin;C:\Program Files\Java\jdk1.8.0_201;C:\Program Files\nodejs\;C:\Users\lucas\AppData\Local\Microsoft\WindowsApps;;C:\Users\lucas\AppData\Local\Programs\Microsoft VS Code\bin;C:\Users\lucas\AppData\Roaming\npm
USERNAME=lucas
OS=Windows_NT
PROCESSOR_IDENTIFIER=Intel64 Family 6 Model 58 Stepping 9, GenuineIntel



---------------  S Y S T E M  ---------------

OS: Windows 10.0 , 64 bit Build 17763 (10.0.17763.1158)

CPU:total 4 (initial active 4) (4 cores per cpu, 1 threads per core) family 6 model 58 stepping 9, cmov, cx8, fxsr, mmx, sse, sse2, sse3, ssse3, sse4.1, sse4.2, popcnt, avx, aes, clmul, erms, tsc, tscinvbit, tscinv

Memory: 4k page, physical 8260664k(909736k free), swap 8260664k(4208k free)

vm_info: Java HotSpot(TM) 64-Bit Server VM (25.201-b09) for windows-amd64 JRE (1.8.0_201-b09), built on Dec 15 2018 18:36:39 by "java_re" with MS VC++ 10.0 (VS2010)

time: Wed May 20 18:46:37 2020
timezone: Hora oficial do Brasil
elapsed time: 139 seconds (0d 0h 2m 19s)

