#
# There is insufficient memory for the Java Runtime Environment to continue.
# Native memory allocation (malloc) failed to allocate 32744 bytes for ChunkPool::allocate
# Possible reasons:
#   The system is out of physical RAM or swap space
#   The process is running with CompressedOops enabled, and the Java Heap may be blocking the growth of the native heap
# Possible solutions:
#   Reduce memory load on the system
#   Increase physical memory or swap space
#   Check if swap backing store is full
#   Decrease Java heap size (-Xmx/-Xms)
#   Decrease number of Java threads
#   Decrease Java thread stack sizes (-Xss)
#   Set larger code cache with -XX:ReservedCodeCacheSize=
#   JVM is running with Unscaled Compressed Oops mode in which the Java heap is
#     placed in the first 4GB address space. The Java Heap base address is the
#     maximum limit for the native heap growth. Please use -XX:HeapBaseMinAddress
#     to set the Java Heap base and to place the Java Heap above 4GB virtual address.
# This output file may be truncated or incomplete.
#
#  Out of Memory Error (allocation.cpp:273), pid=8768, tid=0x0000000000001ce4
#
# JRE version: Java(TM) SE Runtime Environment (8.0_201-b09) (build 1.8.0_201-b09)
# Java VM: Java HotSpot(TM) 64-Bit Server VM (25.201-b09 mixed mode windows-amd64 compressed oops)
# Failed to write core dump. Minidumps are not enabled by default on client versions of Windows
#

---------------  T H R E A D  ---------------

Current thread (0x000000001a4ea800):  JavaThread "restartedMain" [_thread_in_vm, id=7396, stack(0x000000001ac20000,0x000000001ad20000)]

Stack: [0x000000001ac20000,0x000000001ad20000]
[error occurred during error reporting (printing stack bounds), id 0xc0000005]

Native frames: (J=compiled Java code, j=interpreted, Vv=VM code, C=native code)

Java frames: (J=compiled Java code, j=interpreted, Vv=VM code)
J 840  java.lang.ClassLoader.defineClass1(Ljava/lang/String;[BIILjava/security/ProtectionDomain;Ljava/lang/String;)Ljava/lang/Class; (0 bytes) @ 0x000000000386425f [0x00000000038641c0+0x9f]
J 780 C1 java.lang.ClassLoader.defineClass(Ljava/lang/String;[BIILjava/security/ProtectionDomain;)Ljava/lang/Class; (43 bytes) @ 0x000000000383bc24 [0x000000000383b640+0x5e4]
J 681 C1 java.net.URLClassLoader.defineClass(Ljava/lang/String;Lsun/misc/Resource;)Ljava/lang/Class; (142 bytes) @ 0x00000000037f4024 [0x00000000037f24c0+0x1b64]
J 505 C1 java.net.URLClassLoader$1.run()Ljava/lang/Class; (63 bytes) @ 0x00000000037548ac [0x00000000037545e0+0x2cc]
J 504 C1 java.net.URLClassLoader$1.run()Ljava/lang/Object; (5 bytes) @ 0x0000000003754fcc [0x0000000003754f40+0x8c]
v  ~StubRoutines::call_stub
J 210  java.security.AccessController.doPrivileged(Ljava/security/PrivilegedExceptionAction;Ljava/security/AccessControlContext;)Ljava/lang/Object; (0 bytes) @ 0x00000000036af2a6 [0x00000000036af240+0x66]
J 1466 C2 java.lang.ClassLoader.loadClass(Ljava/lang/String;Z)Ljava/lang/Class; (122 bytes) @ 0x00000000039fd558 [0x00000000039fca60+0xaf8]
J 289 C1 sun.misc.Launcher$AppClassLoader.loadClass(Ljava/lang/String;Z)Ljava/lang/Class; (85 bytes) @ 0x00000000036e71ac [0x00000000036e6800+0x9ac]
J 286 C1 java.lang.ClassLoader.loadClass(Ljava/lang/String;)Ljava/lang/Class; (7 bytes) @ 0x00000000036e350c [0x00000000036e3400+0x10c]
v  ~StubRoutines::call_stub
J 1565  java.lang.Class.getDeclaredConstructors0(Z)[Ljava/lang/reflect/Constructor; (0 bytes) @ 0x0000000003a3c4fb [0x0000000003a3c4c0+0x3b]
J 1309 C1 java.lang.Class.privateGetDeclaredConstructors(Z)[Ljava/lang/reflect/Constructor; (85 bytes) @ 0x000000000396a544 [0x000000000396a0e0+0x464]
j  java.lang.Class.getDeclaredConstructors()[Ljava/lang/reflect/Constructor;+11
j  org.springframework.context.annotation.ParserStrategyUtils.createInstance(Ljava/lang/Class;Lorg/springframework/core/env/Environment;Lorg/springframework/core/io/ResourceLoader;Lorg/springframework/beans/factory/support/BeanDefinitionRegistry;Ljava/lang/ClassLoader;)Ljava/lang/Object;+1
j  org.springframework.context.annotation.ParserStrategyUtils.instantiateClass(Ljava/lang/Class;Ljava/lang/Class;Lorg/springframework/core/env/Environment;Lorg/springframework/core/io/ResourceLoader;Lorg/springframework/beans/factory/support/BeanDefinitionRegistry;)Ljava/lang/Object;+65
j  org.springframework.context.annotation.ConfigurationClassParser.processImports(Lorg/springframework/context/annotation/ConfigurationClass;Lorg/springframework/context/annotation/ConfigurationClassParser$SourceClass;Ljava/util/Collection;Ljava/util/function/Predicate;Z)V+245
j  org.springframework.context.annotation.ConfigurationClassParser.doProcessConfigurationClass(Lorg/springframework/context/annotation/ConfigurationClass;Lorg/springframework/context/annotation/ConfigurationClassParser$SourceClass;Ljava/util/function/Predicate;)Lorg/springframework/context/annotation/ConfigurationClassParser$SourceClass;+317
j  org.springframework.context.annotation.ConfigurationClassParser.processConfigurationClass(Lorg/springframework/context/annotation/ConfigurationClass;Ljava/util/function/Predicate;)V+106
j  org.springframework.context.annotation.ConfigurationClassParser.processImports(Lorg/springframework/context/annotation/ConfigurationClass;Lorg/springframework/context/annotation/ConfigurationClassParser$SourceClass;Ljava/util/Collection;Ljava/util/function/Predicate;Z)V+296
j  org.springframework.context.annotation.ConfigurationClassParser.access$800(Lorg/springframework/context/annotation/ConfigurationClassParser;Lorg/springframework/context/annotation/ConfigurationClass;Lorg/springframework/context/annotation/ConfigurationClassParser$SourceClass;Ljava/util/Collection;Ljava/util/function/Predicate;Z)V+8
j  org.springframework.context.annotation.ConfigurationClassParser$DeferredImportSelectorGroupingHandler.lambda$processGroupImports$1(Ljava/util/function/Predicate;Lorg/springframework/context/annotation/DeferredImportSelector$Group$Entry;)V+48
j  org.springframework.context.annotation.ConfigurationClassParser$DeferredImportSelectorGroupingHandler$$Lambda$202.accept(Ljava/lang/Object;)V+12
j  java.util.ArrayList.forEach(Ljava/util/function/Consumer;)V+47
j  org.springframework.context.annotation.ConfigurationClassParser$DeferredImportSelectorGroupingHandler.processGroupImports()V+50
j  org.springframework.context.annotation.ConfigurationClassParser$DeferredImportSelectorHandler.process()V+54
j  org.springframework.context.annotation.ConfigurationClassParser.parse(Ljava/util/Set;)V+171
j  org.springframework.context.annotation.ConfigurationClassPostProcessor.processConfigBeanDefinitions(Lorg/springframework/beans/factory/support/BeanDefinitionRegistry;)V+295
j  org.springframework.context.annotation.ConfigurationClassPostProcessor.postProcessBeanDefinitionRegistry(Lorg/springframework/beans/factory/support/BeanDefinitionRegistry;)V+107
j  org.springframework.context.support.PostProcessorRegistrationDelegate.invokeBeanDefinitionRegistryPostProcessors(Ljava/util/Collection;Lorg/springframework/beans/factory/support/BeanDefinitionRegistry;)V+28
j  org.springframework.context.support.PostProcessorRegistrationDelegate.invokeBeanFactoryPostProcessors(Lorg/springframework/beans/factory/config/ConfigurableListableBeanFactory;Ljava/util/List;)V+229
j  org.springframework.context.support.AbstractApplicationContext.invokeBeanFactoryPostProcessors(Lorg/springframework/beans/factory/config/ConfigurableListableBeanFactory;)V+5
j  org.springframework.context.support.AbstractApplicationContext.refresh()V+28
j  org.springframework.boot.web.servlet.context.ServletWebServerApplicationContext.refresh()V+1
j  org.springframework.boot.SpringApplication.refresh(Lorg/springframework/context/ApplicationContext;)V+10
j  org.springframework.boot.SpringApplication.refreshContext(Lorg/springframework/context/ConfigurableApplicationContext;)V+2
j  org.springframework.boot.SpringApplication.run([Ljava/lang/String;)Lorg/springframework/context/ConfigurableApplicationContext;+118
j  org.springframework.boot.SpringApplication.run([Ljava/lang/Class;[Ljava/lang/String;)Lorg/springframework/context/ConfigurableApplicationContext;+9
j  org.springframework.boot.SpringApplication.run(Ljava/lang/Class;[Ljava/lang/String;)Lorg/springframework/context/ConfigurableApplicationContext;+9
j  com.majority.contactbookapi.ContactBookApiApplication.main([Ljava/lang/String;)V+3
v  ~StubRoutines::call_stub
j  sun.reflect.NativeMethodAccessorImpl.invoke0(Ljava/lang/reflect/Method;Ljava/lang/Object;[Ljava/lang/Object;)Ljava/lang/Object;+0
j  sun.reflect.NativeMethodAccessorImpl.invoke(Ljava/lang/Object;[Ljava/lang/Object;)Ljava/lang/Object;+100
j  sun.reflect.DelegatingMethodAccessorImpl.invoke(Ljava/lang/Object;[Ljava/lang/Object;)Ljava/lang/Object;+6
j  java.lang.reflect.Method.invoke(Ljava/lang/Object;[Ljava/lang/Object;)Ljava/lang/Object;+56
j  org.springframework.boot.devtools.restart.RestartLauncher.run()V+41
v  ~StubRoutines::call_stub

---------------  P R O C E S S  ---------------

Java Threads: ( => current thread )
=>0x000000001a4ea800 JavaThread "restartedMain" [_thread_in_vm, id=7396, stack(0x000000001ac20000,0x000000001ad20000)]
  0x000000001a6b7800 JavaThread "Thread-0" [_thread_blocked, id=12752, stack(0x000000001ab20000,0x000000001ac20000)]
  0x0000000019a99800 JavaThread "Service Thread" daemon [_thread_blocked, id=7600, stack(0x0000000019ec0000,0x0000000019fc0000)]
  0x0000000019a12000 JavaThread "C1 CompilerThread2" daemon [_thread_blocked, id=9040, stack(0x0000000019dc0000,0x0000000019ec0000)]
  0x0000000019a11000 JavaThread "C2 CompilerThread1" daemon [_thread_in_native, id=2524, stack(0x0000000019cc0000,0x0000000019dc0000)]
  0x0000000019a0e000 JavaThread "C2 CompilerThread0" daemon [_thread_in_native, id=5688, stack(0x0000000019bc0000,0x0000000019cc0000)]
  0x000000001994a800 JavaThread "Monitor Ctrl-Break" daemon [_thread_in_native, id=12244, stack(0x0000000019ac0000,0x0000000019bc0000)]
  0x000000001804d000 JavaThread "Attach Listener" daemon [_thread_blocked, id=12860, stack(0x00000000195c0000,0x00000000196c0000)]
  0x000000001804c000 JavaThread "Signal Dispatcher" daemon [_thread_blocked, id=7296, stack(0x00000000194c0000,0x00000000195c0000)]
  0x000000001802c000 JavaThread "Finalizer" daemon [_thread_blocked, id=13024, stack(0x00000000192b0000,0x00000000193b0000)]
  0x0000000003516000 JavaThread "Reference Handler" daemon [_thread_blocked, id=10712, stack(0x00000000191b0000,0x00000000192b0000)]
  0x0000000003427000 JavaThread "main" [_thread_blocked, id=2368, stack(0x0000000003120000,0x0000000003220000)]

Other Threads:
  0x0000000018007800 VMThread [stack: 0x00000000190b0000,0x00000000191b0000] [id=8052]
  0x0000000019ab8000 WatcherThread [stack: 0x000000001a7c0000,0x000000001a8c0000] [id=12808]

VM state:not at safepoint (normal execution)

VM Mutex/Monitor currently owned by a thread: None

heap address: 0x0000000081e00000, size: 2018 MB, Compressed Oops mode: 32-bit
Narrow klass base: 0x0000000000000000, Narrow klass shift: 3
Compressed class space size: 1073741824 Address: 0x0000000100000000

Heap:
 PSYoungGen      total 111616K, used 14405K [0x00000000d5f80000, 0x00000000dee80000, 0x0000000100000000)
  eden space 108544K, 10% used [0x00000000d5f80000,0x00000000d6acd500,0x00000000dc980000)
  from space 3072K, 92% used [0x00000000deb80000,0x00000000dee44260,0x00000000dee80000)
  to   space 9728K, 0% used [0x00000000ddb80000,0x00000000ddb80000,0x00000000de500000)
 ParOldGen       total 57344K, used 9741K [0x0000000081e00000, 0x0000000085600000, 0x00000000d5f80000)
  object space 57344K, 16% used [0x0000000081e00000,0x0000000082783480,0x0000000085600000)
 Metaspace       used 22480K, capacity 23362K, committed 23680K, reserved 1069056K
  class space    used 2881K, capacity 3106K, committed 3200K, reserved 1048576K

Card table byte_map: [0x00000000128e0000,0x0000000012ce0000] byte_map_base: 0x00000000124d1000

Marking Bits: (ParMarkBitMap*) 0x0000000072c14ce0
 Begin Bits: [0x0000000013390000, 0x0000000015318000)
 End Bits:   [0x0000000015318000, 0x00000000172a0000)

Polling page: 0x00000000016d0000

CodeCache: size=245760Kb used=6257Kb max_used=6257Kb free=239502Kb
 bounds [0x0000000003520000, 0x0000000003b40000, 0x0000000012520000]
 total_blobs=2265 nmethods=1891 adapters=286
 compilation: enabled

Compilation events (10 events):
Event: 1.693 Thread 0x0000000019a12000 nmethod 1892 0x0000000003b3da10 code [0x0000000003b3db80, 0x0000000003b3ddf0]
Event: 1.693 Thread 0x0000000019a12000 1886       3       org.springframework.core.annotation.TypeMappedAnnotation::getValue (41 bytes)
Event: 1.694 Thread 0x0000000019a12000 nmethod 1886 0x0000000003b3df10 code [0x0000000003b3e0a0, 0x0000000003b3e528]
Event: 1.694 Thread 0x0000000019a12000 1889       3       org.springframework.core.annotation.TypeMappedAnnotation::getAdaptType (48 bytes)
Event: 1.694 Thread 0x0000000019a12000 nmethod 1889 0x0000000003b3e790 code [0x0000000003b3e960, 0x0000000003b3f1e8]
Event: 1.694 Thread 0x0000000019a12000 1891       3       java.lang.reflect.AccessibleObject::setAccessible0 (42 bytes)
Event: 1.694 Thread 0x0000000019a12000 nmethod 1891 0x0000000003b3f410 code [0x0000000003b3f5a0, 0x0000000003b3fac8]
Event: 1.694 Thread 0x0000000019a12000 1890       1       org.springframework.context.annotation.ConfigurationClassParser::access$1000 (5 bytes)
Event: 1.694 Thread 0x0000000019a12000 nmethod 1890 0x0000000003b28350 code [0x0000000003b284a0, 0x0000000003b28590]
Event: 1.697 Thread 0x0000000019a11000 1893   !   4       java.util.zip.ZipFile$ZipFileInflaterInputStream::close (67 bytes)

GC Heap History (10 events):
Event: 0.761 GC heap before
{Heap before GC invocations=3 (full 0):
 PSYoungGen      total 38400K, used 35856K [0x00000000d5f80000, 0x00000000daa80000, 0x0000000100000000)
  eden space 33280K, 100% used [0x00000000d5f80000,0x00000000d8000000,0x00000000d8000000)
  from space 5120K, 50% used [0x00000000d8500000,0x00000000d87841d8,0x00000000d8a00000)
  to   space 5120K, 0% used [0x00000000d8000000,0x00000000d8000000,0x00000000d8500000)
 ParOldGen       total 87552K, used 16K [0x0000000081e00000, 0x0000000087380000, 0x00000000d5f80000)
  object space 87552K, 0% used [0x0000000081e00000,0x0000000081e04000,0x0000000087380000)
 Metaspace       used 11727K, capacity 12106K, committed 12288K, reserved 1060864K
  class space    used 1406K, capacity 1506K, committed 1536K, reserved 1048576K
Event: 0.764 GC heap after
Heap after GC invocations=3 (full 0):
 PSYoungGen      total 38400K, used 4849K [0x00000000d5f80000, 0x00000000daa80000, 0x0000000100000000)
  eden space 33280K, 0% used [0x00000000d5f80000,0x00000000d5f80000,0x00000000d8000000)
  from space 5120K, 94% used [0x00000000d8000000,0x00000000d84bc4f0,0x00000000d8500000)
  to   space 5120K, 0% used [0x00000000da580000,0x00000000da580000,0x00000000daa80000)
 ParOldGen       total 87552K, used 24K [0x0000000081e00000, 0x0000000087380000, 0x00000000d5f80000)
  object space 87552K, 0% used [0x0000000081e00000,0x0000000081e06000,0x0000000087380000)
 Metaspace       used 11727K, capacity 12106K, committed 12288K, reserved 1060864K
  class space    used 1406K, capacity 1506K, committed 1536K, reserved 1048576K
}
Event: 0.959 GC heap before
{Heap before GC invocations=4 (full 0):
 PSYoungGen      total 38400K, used 38129K [0x00000000d5f80000, 0x00000000daa80000, 0x0000000100000000)
  eden space 33280K, 100% used [0x00000000d5f80000,0x00000000d8000000,0x00000000d8000000)
  from space 5120K, 94% used [0x00000000d8000000,0x00000000d84bc4f0,0x00000000d8500000)
  to   space 5120K, 0% used [0x00000000da580000,0x00000000da580000,0x00000000daa80000)
 ParOldGen       total 87552K, used 24K [0x0000000081e00000, 0x0000000087380000, 0x00000000d5f80000)
  object space 87552K, 0% used [0x0000000081e00000,0x0000000081e06000,0x0000000087380000)
 Metaspace       used 14177K, capacity 14672K, committed 14848K, reserved 1062912K
  class space    used 1845K, capacity 1999K, committed 2048K, reserved 1048576K
Event: 0.964 GC heap after
Heap after GC invocations=4 (full 0):
 PSYoungGen      total 71680K, used 5119K [0x00000000d5f80000, 0x00000000daa80000, 0x0000000100000000)
  eden space 66560K, 0% used [0x00000000d5f80000,0x00000000d5f80000,0x00000000da080000)
  from space 5120K, 99% used [0x00000000da580000,0x00000000daa7fe28,0x00000000daa80000)
  to   space 5120K, 0% used [0x00000000da080000,0x00000000da080000,0x00000000da580000)
 ParOldGen       total 87552K, used 32K [0x0000000081e00000, 0x0000000087380000, 0x00000000d5f80000)
  object space 87552K, 0% used [0x0000000081e00000,0x0000000081e08000,0x0000000087380000)
 Metaspace       used 14177K, capacity 14672K, committed 14848K, reserved 1062912K
  class space    used 1845K, capacity 1999K, committed 2048K, reserved 1048576K
}
Event: 1.235 GC heap before
{Heap before GC invocations=5 (full 0):
 PSYoungGen      total 71680K, used 65219K [0x00000000d5f80000, 0x00000000daa80000, 0x0000000100000000)
  eden space 66560K, 90% used [0x00000000d5f80000,0x00000000d9a311b8,0x00000000da080000)
  from space 5120K, 99% used [0x00000000da580000,0x00000000daa7fe28,0x00000000daa80000)
  to   space 5120K, 0% used [0x00000000da080000,0x00000000da080000,0x00000000da580000)
 ParOldGen       total 87552K, used 32K [0x0000000081e00000, 0x0000000087380000, 0x00000000d5f80000)
  object space 87552K, 0% used [0x0000000081e00000,0x0000000081e08000,0x0000000087380000)
 Metaspace       used 20494K, capacity 21148K, committed 21248K, reserved 1067008K
  class space    used 2626K, capacity 2779K, committed 2816K, reserved 1048576K
Event: 1.244 GC heap after
Heap after GC invocations=5 (full 0):
 PSYoungGen      total 71680K, used 5112K [0x00000000d5f80000, 0x00000000df580000, 0x0000000100000000)
  eden space 66560K, 0% used [0x00000000d5f80000,0x00000000d5f80000,0x00000000da080000)
  from space 5120K, 99% used [0x00000000da080000,0x00000000da57e3d8,0x00000000da580000)
  to   space 10240K, 0% used [0x00000000deb80000,0x00000000deb80000,0x00000000df580000)
 ParOldGen       total 87552K, used 4935K [0x0000000081e00000, 0x0000000087380000, 0x00000000d5f80000)
  object space 87552K, 5% used [0x0000000081e00000,0x00000000822d1d70,0x0000000087380000)
 Metaspace       used 20494K, capacity 21148K, committed 21248K, reserved 1067008K
  class space    used 2626K, capacity 2779K, committed 2816K, reserved 1048576K
}
Event: 1.244 GC heap before
{Heap before GC invocations=6 (full 1):
 PSYoungGen      total 71680K, used 5112K [0x00000000d5f80000, 0x00000000df580000, 0x0000000100000000)
  eden space 66560K, 0% used [0x00000000d5f80000,0x00000000d5f80000,0x00000000da080000)
  from space 5120K, 99% used [0x00000000da080000,0x00000000da57e3d8,0x00000000da580000)
  to   space 10240K, 0% used [0x00000000deb80000,0x00000000deb80000,0x00000000df580000)
 ParOldGen       total 87552K, used 4935K [0x0000000081e00000, 0x0000000087380000, 0x00000000d5f80000)
  object space 87552K, 5% used [0x0000000081e00000,0x00000000822d1d70,0x0000000087380000)
 Metaspace       used 20494K, capacity 21148K, committed 21248K, reserved 1067008K
  class space    used 2626K, capacity 2779K, committed 2816K, reserved 1048576K
Event: 1.269 GC heap after
Heap after GC invocations=6 (full 1):
 PSYoungGen      total 71680K, used 0K [0x00000000d5f80000, 0x00000000df580000, 0x0000000100000000)
  eden space 66560K, 0% used [0x00000000d5f80000,0x00000000d5f80000,0x00000000da080000)
  from space 5120K, 0% used [0x00000000da080000,0x00000000da080000,0x00000000da580000)
  to   space 10240K, 0% used [0x00000000deb80000,0x00000000deb80000,0x00000000df580000)
 ParOldGen       total 57344K, used 9733K [0x0000000081e00000, 0x0000000085600000, 0x00000000d5f80000)
  object space 57344K, 16% used [0x0000000081e00000,0x0000000082781480,0x0000000085600000)
 Metaspace       used 20492K, capacity 21142K, committed 21248K, reserved 1067008K
  class space    used 2625K, capacity 2778K, committed 2816K, reserved 1048576K
}
Event: 1.590 GC heap before
{Heap before GC invocations=7 (full 1):
 PSYoungGen      total 71680K, used 66560K [0x00000000d5f80000, 0x00000000df580000, 0x0000000100000000)
  eden space 66560K, 100% used [0x00000000d5f80000,0x00000000da080000,0x00000000da080000)
  from space 5120K, 0% used [0x00000000da080000,0x00000000da080000,0x00000000da580000)
  to   space 10240K, 0% used [0x00000000deb80000,0x00000000deb80000,0x00000000df580000)
 ParOldGen       total 57344K, used 9733K [0x0000000081e00000, 0x0000000085600000, 0x00000000d5f80000)
  object space 57344K, 16% used [0x0000000081e00000,0x0000000082781480,0x0000000085600000)
 Metaspace       used 22150K, capacity 22968K, committed 23040K, reserved 1069056K
  class space    used 2852K, capacity 3069K, committed 3072K, reserved 1048576K
Event: 1.593 GC heap after
Heap after GC invocations=7 (full 1):
 PSYoungGen      total 111616K, used 2832K [0x00000000d5f80000, 0x00000000dee80000, 0x0000000100000000)
  eden space 108544K, 0% used [0x00000000d5f80000,0x00000000d5f80000,0x00000000dc980000)
  from space 3072K, 92% used [0x00000000deb80000,0x00000000dee44260,0x00000000dee80000)
  to   space 9728K, 0% used [0x00000000ddb80000,0x00000000ddb80000,0x00000000de500000)
 ParOldGen       total 57344K, used 9741K [0x0000000081e00000, 0x0000000085600000, 0x00000000d5f80000)
  object space 57344K, 16% used [0x0000000081e00000,0x0000000082783480,0x0000000085600000)
 Metaspace       used 22150K, capacity 22968K, committed 23040K, reserved 1069056K
  class space    used 2852K, capacity 3069K, committed 3072K, reserved 1048576K
}

Deoptimization events (10 events):
Event: 0.998 Thread 0x000000001a4ea800 Uncommon trap: reason=unstable_if action=reinterpret pc=0x00000000038821c8 method=java.util.HashMap.putVal(ILjava/lang/Object;Ljava/lang/Object;ZZ)Ljava/lang/Object; @ 193
Event: 0.998 Thread 0x000000001a4ea800 Uncommon trap: reason=unstable_if action=reinterpret pc=0x00000000037a82bc method=java.util.HashMap.getNode(ILjava/lang/Object;)Ljava/util/HashMap$Node; @ 129
Event: 1.009 Thread 0x000000001a68b800 Uncommon trap: reason=unstable_if action=reinterpret pc=0x0000000003880f6c method=java.util.HashMap.putVal(ILjava/lang/Object;Ljava/lang/Object;ZZ)Ljava/lang/Object; @ 193
Event: 1.070 Thread 0x000000001a4ea800 Uncommon trap: reason=class_check action=maybe_recompile pc=0x0000000003704514 method=java.lang.String.equals(Ljava/lang/Object;)Z @ 8
Event: 1.095 Thread 0x000000001a4ea800 Uncommon trap: reason=unstable_if action=reinterpret pc=0x000000000377e568 method=java.util.HashMap.hash(Ljava/lang/Object;)I @ 1
Event: 1.104 Thread 0x000000001a4ea800 Uncommon trap: reason=class_check action=maybe_recompile pc=0x0000000003704514 method=java.lang.String.equals(Ljava/lang/Object;)Z @ 8
Event: 1.104 Thread 0x000000001a4ea800 Uncommon trap: reason=class_check action=maybe_recompile pc=0x0000000003704514 method=java.lang.String.equals(Ljava/lang/Object;)Z @ 8
Event: 1.104 Thread 0x000000001a4ea800 Uncommon trap: reason=class_check action=maybe_recompile pc=0x0000000003704514 method=java.lang.String.equals(Ljava/lang/Object;)Z @ 8
Event: 1.208 Thread 0x000000001a4ea800 Uncommon trap: reason=unstable_if action=reinterpret pc=0x00000000038142c0 method=java.io.WinNTFileSystem.normalize(Ljava/lang/String;)Ljava/lang/String; @ 128
Event: 1.294 Thread 0x000000001a68b800 Uncommon trap: reason=unstable_if action=reinterpret pc=0x000000000392b7e8 method=jdk.internal.org.objectweb.asm.Type.getArgumentsAndReturnSizes(Ljava/lang/String;)I @ 47

Classes redefined (0 events):
No events

Internal exceptions (10 events):
Event: 1.185 Thread 0x000000001a4ea800 Exception <a 'java/lang/ClassNotFoundException': org/springframework/beans/factory/AwareCustomizer> (0x00000000d8e6f240) thrown at [C:\re\workspace\8-2-build-windows-amd64-cygwin\jdk8u201\12322\hotspot\src\share\vm\classfile\systemDictionary.cpp, line 210
Event: 1.186 Thread 0x000000001a4ea800 Exception <a 'java/lang/ClassNotFoundException': org/springframework/beans/factory/BeanClassLoaderAwareCustomizer> (0x00000000d8e87008) thrown at [C:\re\workspace\8-2-build-windows-amd64-cygwin\jdk8u201\12322\hotspot\src\share\vm\classfile\systemDictionar
Event: 1.186 Thread 0x000000001a4ea800 Exception <a 'java/lang/ClassNotFoundException': org/springframework/beans/factory/AwareCustomizer> (0x00000000d8e9bf20) thrown at [C:\re\workspace\8-2-build-windows-amd64-cygwin\jdk8u201\12322\hotspot\src\share\vm\classfile\systemDictionary.cpp, line 210
Event: 1.186 Thread 0x000000001a4ea800 Exception <a 'java/lang/ClassNotFoundException': org/springframework/context/EnvironmentAwareCustomizer> (0x00000000d8f5d7e8) thrown at [C:\re\workspace\8-2-build-windows-amd64-cygwin\jdk8u201\12322\hotspot\src\share\vm\classfile\systemDictionary.cpp, lin
Event: 1.187 Thread 0x000000001a4ea800 Exception <a 'java/lang/ClassNotFoundException': org/springframework/beans/factory/AwareCustomizer> (0x00000000d8f725e0) thrown at [C:\re\workspace\8-2-build-windows-amd64-cygwin\jdk8u201\12322\hotspot\src\share\vm\classfile\systemDictionary.cpp, line 210
Event: 1.210 Thread 0x000000001a4ea800 Exception <a 'java/lang/NoSuchMethodError': java.lang.Object.lambda$comparing$77a9974f$1(Ljava/util/function/Function;Ljava/lang/Object;Ljava/lang/Object;)I> (0x00000000d9437900) thrown at [C:\re\workspace\8-2-build-windows-amd64-cygwin\jdk8u201\12322\hot
Event: 1.300 Thread 0x000000001a68b800 Exception <a 'java/lang/IncompatibleClassChangeError': Found class java.lang.Object, but interface was expected> (0x00000000d64876a8) thrown at [C:\re\workspace\8-2-build-windows-amd64-cygwin\jdk8u201\12322\hotspot\src\share\vm\interpreter\linkResolver.cp
Event: 1.401 Thread 0x000000001a4ea800 Exception <a 'java/lang/IncompatibleClassChangeError': Found class java.lang.Object, but interface was expected> (0x00000000d92b7200) thrown at [C:\re\workspace\8-2-build-windows-amd64-cygwin\jdk8u201\12322\hotspot\src\share\vm\interpreter\linkResolver.cp
Event: 1.434 Thread 0x000000001a4ea800 Exception <a 'java/lang/NoSuchMethodError': java.lang.Object.lambda$getAllAnnotationAttributes$0(Lorg/springframework/util/MultiValueMap;)Lorg/springframework/util/MultiValueMap;> (0x00000000d9566ea0) thrown at [C:\re\workspace\8-2-build-windows-amd64-cyg
Event: 1.435 Thread 0x000000001a4ea800 Exception <a 'java/lang/NoSuchMethodError': java.lang.Object.lambda$identity$2(Ljava/lang/Object;)Ljava/lang/Object;> (0x00000000d957f108) thrown at [C:\re\workspace\8-2-build-windows-amd64-cygwin\jdk8u201\12322\hotspot\src\share\vm\interpreter\linkResolv

Events (10 events):
Event: 1.695 loading class org/springframework/boot/autoconfigure/data/AbstractRepositoryConfigurationSourceSupport
Event: 1.695 loading class org/springframework/boot/autoconfigure/data/AbstractRepositoryConfigurationSourceSupport done
Event: 1.695 loading class org/springframework/data/repository/config/RepositoryConfigurationSource
Event: 1.695 loading class org/springframework/data/repository/config/RepositoryConfigurationSource done
Event: 1.696 loading class org/springframework/data/repository/config/AnnotationRepositoryConfigurationSource
Event: 1.696 loading class org/springframework/data/repository/config/AnnotationRepositoryConfigurationSource done
Event: 1.696 loading class org/springframework/data/repository/config/RepositoryConfigurationSourceSupport
Event: 1.696 loading class org/springframework/data/repository/config/RepositoryConfigurationSourceSupport done
Event: 1.697 loading class org/springframework/boot/autoconfigure/data/AbstractRepositoryConfigurationSourceSupport$1
Event: 1.697 loading class org/springframework/boot/autoconfigure/data/AbstractRepositoryConfigurationSourceSupport$1 done


Dynamic libraries:
0x00007ff79fe50000 - 0x00007ff79fe87000 	C:\Program Files\Java\jdk1.8.0_201\bin\java.exe
0x00007ffb2cbc0000 - 0x00007ffb2cdad000 	C:\WINDOWS\SYSTEM32\ntdll.dll
0x00007ffb2c660000 - 0x00007ffb2c713000 	C:\WINDOWS\System32\KERNEL32.DLL
0x00007ffb28eb0000 - 0x00007ffb29145000 	C:\WINDOWS\System32\KERNELBASE.dll
0x00007ffb2ca70000 - 0x00007ffb2cb13000 	C:\WINDOWS\System32\ADVAPI32.dll
0x00007ffb2a100000 - 0x00007ffb2a19e000 	C:\WINDOWS\System32\msvcrt.dll
0x00007ffb2c020000 - 0x00007ffb2c0be000 	C:\WINDOWS\System32\sechost.dll
0x00007ffb2c7a0000 - 0x00007ffb2c8c2000 	C:\WINDOWS\System32\RPCRT4.dll
0x00007ffb2c8d0000 - 0x00007ffb2ca67000 	C:\WINDOWS\System32\USER32.dll
0x00007ffb292a0000 - 0x00007ffb292c0000 	C:\WINDOWS\System32\win32u.dll
0x00007ffb2c1f0000 - 0x00007ffb2c219000 	C:\WINDOWS\System32\GDI32.dll
0x00007ffb29bf0000 - 0x00007ffb29d89000 	C:\WINDOWS\System32\gdi32full.dll
0x00007ffb29d90000 - 0x00007ffb29e30000 	C:\WINDOWS\System32\msvcp_win.dll
0x00007ffb28d00000 - 0x00007ffb28dfa000 	C:\WINDOWS\System32\ucrtbase.dll
0x00007ffb1e5c0000 - 0x00007ffb1e839000 	C:\WINDOWS\WinSxS\amd64_microsoft.windows.common-controls_6595b64144ccf1df_6.0.17763.1217_none_de6e4304534e0ad3\COMCTL32.dll
0x00007ffb2c220000 - 0x00007ffb2c54c000 	C:\WINDOWS\System32\combase.dll
0x00007ffb29150000 - 0x00007ffb291ce000 	C:\WINDOWS\System32\bcryptPrimitives.dll
0x00007ffb2b810000 - 0x00007ffb2b83e000 	C:\WINDOWS\System32\IMM32.DLL
0x0000000072ca0000 - 0x0000000072d71000 	C:\Program Files\Java\jdk1.8.0_201\jre\bin\msvcr100.dll
0x00000000723f0000 - 0x0000000072c94000 	C:\Program Files\Java\jdk1.8.0_201\jre\bin\server\jvm.dll
0x00007ffb2cb80000 - 0x00007ffb2cb88000 	C:\WINDOWS\System32\PSAPI.DLL
0x00007ffb25590000 - 0x00007ffb25599000 	C:\WINDOWS\SYSTEM32\WSOCK32.dll
0x00007ffb2a090000 - 0x00007ffb2a0fd000 	C:\WINDOWS\System32\WS2_32.dll
0x00007ffb26e20000 - 0x00007ffb26e44000 	C:\WINDOWS\SYSTEM32\WINMM.dll
0x00007ffb23d60000 - 0x00007ffb23d6a000 	C:\WINDOWS\SYSTEM32\VERSION.dll
0x00007ffb26cd0000 - 0x00007ffb26cfd000 	C:\WINDOWS\SYSTEM32\WINMMBASE.dll
0x00007ffb291f0000 - 0x00007ffb2923a000 	C:\WINDOWS\System32\cfgmgr32.dll
0x00007ffb25550000 - 0x00007ffb2555f000 	C:\Program Files\Java\jdk1.8.0_201\jre\bin\verify.dll
0x00007ffb0aee0000 - 0x00007ffb0af09000 	C:\Program Files\Java\jdk1.8.0_201\jre\bin\java.dll
0x00007ffb09c50000 - 0x00007ffb09c73000 	C:\Program Files\Java\jdk1.8.0_201\jre\bin\instrument.dll
0x00007ffb1b2d0000 - 0x00007ffb1b2e6000 	C:\Program Files\Java\jdk1.8.0_201\jre\bin\zip.dll
0x00007ffb2a310000 - 0x00007ffb2b804000 	C:\WINDOWS\System32\SHELL32.dll
0x00007ffb2c550000 - 0x00007ffb2c5f8000 	C:\WINDOWS\System32\shcore.dll
0x00007ffb292c0000 - 0x00007ffb29a0e000 	C:\WINDOWS\System32\windows.storage.dll
0x00007ffb28c50000 - 0x00007ffb28c74000 	C:\WINDOWS\System32\profapi.dll
0x00007ffb28ca0000 - 0x00007ffb28cfd000 	C:\WINDOWS\System32\powrprof.dll
0x00007ffb29ec0000 - 0x00007ffb29f12000 	C:\WINDOWS\System32\shlwapi.dll
0x00007ffb28c30000 - 0x00007ffb28c41000 	C:\WINDOWS\System32\kernel.appcore.dll
0x00007ffb291d0000 - 0x00007ffb291e7000 	C:\WINDOWS\System32\cryptsp.dll
0x00007ffb15eb0000 - 0x00007ffb15eca000 	C:\Program Files\JetBrains\IntelliJ IDEA Community Edition 2018.3.5\bin\breakgen64.dll
0x00007ffb0c240000 - 0x00007ffb0c25a000 	C:\Program Files\Java\jdk1.8.0_201\jre\bin\net.dll
0x00007ffb1d940000 - 0x00007ffb1db17000 	C:\WINDOWS\SYSTEM32\urlmon.dll
0x00007ffb1d2b0000 - 0x00007ffb1d558000 	C:\WINDOWS\SYSTEM32\iertutil.dll
0x00007ffb28570000 - 0x00007ffb2857c000 	C:\WINDOWS\SYSTEM32\CRYPTBASE.DLL
0x00007ffb283f0000 - 0x00007ffb28457000 	C:\WINDOWS\system32\mswsock.dll
0x00007ffb25540000 - 0x00007ffb2554d000 	C:\Program Files\Java\jdk1.8.0_201\jre\bin\management.dll
0x00007ffb15f50000 - 0x00007ffb15f66000 	C:\WINDOWS\system32\napinsp.dll
0x00007ffb15f30000 - 0x00007ffb15f4a000 	C:\WINDOWS\system32\pnrpnsp.dll
0x00007ffb28160000 - 0x00007ffb28227000 	C:\WINDOWS\SYSTEM32\DNSAPI.dll
0x00007ffb2a300000 - 0x00007ffb2a308000 	C:\WINDOWS\System32\NSI.dll
0x00007ffb28120000 - 0x00007ffb2815d000 	C:\WINDOWS\SYSTEM32\IPHLPAPI.DLL
0x00007ffb19f80000 - 0x00007ffb19f8e000 	C:\WINDOWS\System32\winrnr.dll
0x00007ffb25470000 - 0x00007ffb2548b000 	C:\WINDOWS\system32\NLAapi.dll
0x00007ffb0c390000 - 0x00007ffb0c3a5000 	C:\WINDOWS\system32\wshbth.dll
0x00000000739f0000 - 0x0000000073a16000 	C:\Program Files\Bonjour\mdnsNSP.dll
0x00007ffb20750000 - 0x00007ffb2075a000 	C:\Windows\System32\rasadhlp.dll
0x00007ffb20090000 - 0x00007ffb20109000 	C:\WINDOWS\System32\fwpuclnt.dll
0x00007ffb29e30000 - 0x00007ffb29e56000 	C:\WINDOWS\System32\bcrypt.dll
0x00007ffb09bf0000 - 0x00007ffb09c01000 	C:\Program Files\Java\jdk1.8.0_201\jre\bin\nio.dll

VM Arguments:
jvm_args: -javaagent:C:\Program Files\JetBrains\IntelliJ IDEA Community Edition 2018.3.5\lib\idea_rt.jar=51909:C:\Program Files\JetBrains\IntelliJ IDEA Community Edition 2018.3.5\bin -Dfile.encoding=UTF-8 
java_command: com.majority.contactbookapi.ContactBookApiApplication
java_class_path (initial): C:\Program Files\Java\jdk1.8.0_201\jre\lib\charsets.jar;C:\Program Files\Java\jdk1.8.0_201\jre\lib\deploy.jar;C:\Program Files\Java\jdk1.8.0_201\jre\lib\ext\access-bridge-64.jar;C:\Program Files\Java\jdk1.8.0_201\jre\lib\ext\cldrdata.jar;C:\Program Files\Java\jdk1.8.0_201\jre\lib\ext\dnsns.jar;C:\Program Files\Java\jdk1.8.0_201\jre\lib\ext\jaccess.jar;C:\Program Files\Java\jdk1.8.0_201\jre\lib\ext\jfxrt.jar;C:\Program Files\Java\jdk1.8.0_201\jre\lib\ext\localedata.jar;C:\Program Files\Java\jdk1.8.0_201\jre\lib\ext\nashorn.jar;C:\Program Files\Java\jdk1.8.0_201\jre\lib\ext\sunec.jar;C:\Program Files\Java\jdk1.8.0_201\jre\lib\ext\sunjce_provider.jar;C:\Program Files\Java\jdk1.8.0_201\jre\lib\ext\sunmscapi.jar;C:\Program Files\Java\jdk1.8.0_201\jre\lib\ext\sunpkcs11.jar;C:\Program Files\Java\jdk1.8.0_201\jre\lib\ext\zipfs.jar;C:\Program Files\Java\jdk1.8.0_201\jre\lib\javaws.jar;C:\Program Files\Java\jdk1.8.0_201\jre\lib\jce.jar;C:\Program Files\Java\jdk1.8.0_201\jre\lib\jfr.jar;C:\Program Files\Java\jdk1.8.0_201\jre\lib\jfxswt.jar;C:\Program Files\Java\jdk1.8.0_201\jre\lib\jsse.jar;C:\Program Files\Java\jdk1.8.0_201\jre\lib\management-agent.jar;C:\Program Files\Java\jdk1.8.0_201\jre\lib\plugin.jar;C:\Program Files\Java\jdk1.8.0_201\jre\lib\resources.jar;C:\Program Files\Java\jdk1.8.0_201\jre\lib\rt.jar;C:\Users\lucas\Documents\Projetos\contact-book-api\target\classes;C:\Users\lucas\.m2\repository\org\springframework\boot\spring-boot-starter-data-jpa\2.2.7.RELEASE\spring-boot-starter-data-jpa-2.2.7.RELEASE.jar;C:\Users\lucas\.m2\repository\org\springframework\boot\spring-boot-starter-aop\2.2.7.RELEASE\spring-boot-starter-aop-2.2.7.RELEASE.jar;C:\Users\lucas\.m2\repository\org\springframework\spring-aop\5.2.6.RELEASE\spring-aop-5.2.6.RELEASE.jar;C:\Users\lucas\.m2\repository\org\aspectj\aspectjweaver\1.9.5\aspectjweaver-1.9.5.jar;C:\Users\lucas\.m2\repository\org\springframework\boot\spring-boot-starter-jdbc\2.2.7.RELEASE\spring-boot-starter
Launcher Type: SUN_STANDARD

Environment Variables:
JAVA_HOME=C:\Program Files\Java\jdk1.8.0_201
PATH=C:\ProgramData\DockerDesktop\version-bin;C:\Program Files\Docker\Docker\Resources\bin;C:\python3\Scripts\;C:\python3\;C:\Program Files (x86)\Common Files\Oracle\Java\javapath;C:\Windows\system32;C:\Windows;C:\Windows\System32\Wbem;C:\Windows\System32\WindowsPowerShell\v1.0\;C:\Program Files\NVIDIA Corporation\NVIDIA NvDLISR;C:\Program Files (x86)\NVIDIA Corporation\PhysX\Common;C:\WINDOWS\system32;C:\WINDOWS;C:\WINDOWS\System32\Wbem;C:\WINDOWS\System32\WindowsPowerShell\v1.0\;C:\WINDOWS\System32\OpenSSH\;C:\Program Files\Git\cmd;C:\Program Files\IBM\Cloud\bin;C:\apache-maven-3.6.1\bin;C:\Program Files\Java\jdk1.8.0_201;C:\Program Files\nodejs\;C:\Users\lucas\AppData\Local\Microsoft\WindowsApps;;C:\Users\lucas\AppData\Local\Programs\Microsoft VS Code\bin;C:\Users\lucas\AppData\Roaming\npm
USERNAME=lucas
OS=Windows_NT
PROCESSOR_IDENTIFIER=Intel64 Family 6 Model 58 Stepping 9, GenuineIntel



---------------  S Y S T E M  ---------------

OS: Windows 10.0 , 64 bit Build 17763 (10.0.17763.1158)

CPU:total 4 (initial active 4) (4 cores per cpu, 1 threads per core) family 6 model 58 stepping 9, cmov, cx8, fxsr, mmx, sse, sse2, sse3, ssse3, sse4.1, sse4.2, popcnt, avx, aes, clmul, erms, tsc, tscinvbit, tscinv

Memory: 4k page, physical 8260664k(945060k free), swap 8260664k(5392k free)

vm_info: Java HotSpot(TM) 64-Bit Server VM (25.201-b09) for windows-amd64 JRE (1.8.0_201-b09), built on Dec 15 2018 18:36:39 by "java_re" with MS VC++ 10.0 (VS2010)

time: Wed May 20 16:53:48 2020
timezone: Hora oficial do Brasil
elapsed time: 1 seconds (0d 0h 0m 1s)

