#
# There is insufficient memory for the Java Runtime Environment to continue.
# Native memory allocation (malloc) failed to allocate 1805008 bytes for Chunk::new
# Possible reasons:
#   The system is out of physical RAM or swap space
#   The process is running with CompressedOops enabled, and the Java Heap may be blocking the growth of the native heap
# Possible solutions:
#   Reduce memory load on the system
#   Increase physical memory or swap space
#   Check if swap backing store is full
#   Decrease Java heap size (-Xmx/-Xms)
#   Decrease number of Java threads
#   Decrease Java thread stack sizes (-Xss)
#   Set larger code cache with -XX:ReservedCodeCacheSize=
#   JVM is running with Unscaled Compressed Oops mode in which the Java heap is
#     placed in the first 4GB address space. The Java Heap base address is the
#     maximum limit for the native heap growth. Please use -XX:HeapBaseMinAddress
#     to set the Java Heap base and to place the Java Heap above 4GB virtual address.
# This output file may be truncated or incomplete.
#
#  Out of Memory Error (allocation.cpp:390), pid=7844, tid=0x00000000000026e4
#
# JRE version: Java(TM) SE Runtime Environment (8.0_201-b09) (build 1.8.0_201-b09)
# Java VM: Java HotSpot(TM) 64-Bit Server VM (25.201-b09 mixed mode windows-amd64 compressed oops)
# Failed to write core dump. Minidumps are not enabled by default on client versions of Windows
#

---------------  T H R E A D  ---------------

Current thread (0x00000000192cd800):  JavaThread "C2 CompilerThread0" daemon [_thread_in_native, id=9956, stack(0x0000000019410000,0x0000000019510000)]

Stack: [0x0000000019410000,0x0000000019510000]
[error occurred during error reporting (printing stack bounds), id 0xc0000005]

Native frames: (J=compiled Java code, j=interpreted, Vv=VM code, C=native code)


Current CompileTask:
C2:   4666 3540   !   4       java.net.URLClassLoader$1::run (63 bytes)


---------------  P R O C E S S  ---------------

Java Threads: ( => current thread )
  0x000000001de29800 JavaThread "container-0" [_thread_blocked, id=12896, stack(0x0000000021710000,0x0000000021810000)]
  0x000000001de25800 JavaThread "Catalina-utility-2" [_thread_blocked, id=11780, stack(0x0000000021610000,0x0000000021710000)]
  0x000000001de25000 JavaThread "Catalina-utility-1" [_thread_blocked, id=2644, stack(0x0000000021510000,0x0000000021610000)]
  0x000000001de28800 JavaThread "Abandoned connection cleanup thread" daemon [_thread_blocked, id=8788, stack(0x0000000021410000,0x0000000021510000)]
  0x0000000017904000 JavaThread "restartedMain" [_thread_in_Java, id=12012, stack(0x000000001b340000,0x000000001b440000)]
  0x000000001a446800 JavaThread "Thread-0" [_thread_blocked, id=12588, stack(0x000000001b240000,0x000000001b340000)]
  0x000000001978c800 JavaThread "Service Thread" daemon [_thread_blocked, id=2580, stack(0x0000000019f10000,0x000000001a010000)]
  0x00000000192d5800 JavaThread "C1 CompilerThread2" daemon [_thread_blocked, id=12756, stack(0x0000000019610000,0x0000000019710000)]
  0x00000000192d4000 JavaThread "C2 CompilerThread1" daemon [_thread_in_native, id=3084, stack(0x0000000019510000,0x0000000019610000)]
=>0x00000000192cd800 JavaThread "C2 CompilerThread0" daemon [_thread_in_native, id=9956, stack(0x0000000019410000,0x0000000019510000)]
  0x00000000191c1800 JavaThread "Monitor Ctrl-Break" daemon [_thread_in_native, id=12508, stack(0x0000000019310000,0x0000000019410000)]
  0x00000000178be000 JavaThread "Attach Listener" daemon [_thread_blocked, id=7208, stack(0x0000000018e10000,0x0000000018f10000)]
  0x00000000178bd000 JavaThread "Signal Dispatcher" daemon [_thread_blocked, id=10216, stack(0x0000000018d10000,0x0000000018e10000)]
  0x0000000002d8b800 JavaThread "Finalizer" daemon [_thread_blocked, id=8504, stack(0x0000000018b00000,0x0000000018c00000)]
  0x000000001789a000 JavaThread "Reference Handler" daemon [_thread_blocked, id=9744, stack(0x0000000018a00000,0x0000000018b00000)]
  0x0000000002c97000 JavaThread "main" [_thread_blocked, id=9892, stack(0x00000000029c0000,0x0000000002ac0000)]

Other Threads:
  0x0000000017877000 VMThread [stack: 0x0000000018900000,0x0000000018a00000] [id=1460]
  0x00000000197c3800 WatcherThread [stack: 0x000000001a010000,0x000000001a110000] [id=12216]

VM state:not at safepoint (normal execution)

VM Mutex/Monitor currently owned by a thread: None

heap address: 0x0000000081e00000, size: 2018 MB, Compressed Oops mode: 32-bit
Narrow klass base: 0x0000000000000000, Narrow klass shift: 3
Compressed class space size: 1073741824 Address: 0x0000000100000000

Heap:
 PSYoungGen      total 261120K, used 72943K [0x00000000d5f80000, 0x00000000ee600000, 0x0000000100000000)
  eden space 248320K, 29% used [0x00000000d5f80000,0x00000000da6bbde0,0x00000000e5200000)
  from space 12800K, 0% used [0x00000000e5200000,0x00000000e5200000,0x00000000e5e80000)
  to   space 12800K, 0% used [0x00000000ed980000,0x00000000ed980000,0x00000000ee600000)
 ParOldGen       total 60416K, used 12798K [0x0000000081e00000, 0x0000000085900000, 0x00000000d5f80000)
  object space 60416K, 21% used [0x0000000081e00000,0x0000000082a7fa88,0x0000000085900000)
 Metaspace       used 41697K, capacity 43864K, committed 44200K, reserved 1087488K
  class space    used 5591K, capacity 5999K, committed 6064K, reserved 1048576K

Card table byte_map: [0x0000000012150000,0x0000000012550000] byte_map_base: 0x0000000011d41000

Marking Bits: (ParMarkBitMap*) 0x0000000053fe4ce0
 Begin Bits: [0x0000000012c00000, 0x0000000014b88000)
 End Bits:   [0x0000000014b88000, 0x0000000016b10000)

Polling page: 0x00000000011c0000

CodeCache: size=245760Kb used=12664Kb max_used=12664Kb free=233095Kb
 bounds [0x0000000002d90000, 0x0000000003a00000, 0x0000000011d90000]
 total_blobs=3999 nmethods=3524 adapters=386
 compilation: enabled

Compilation events (10 events):
Event: 4.551 Thread 0x00000000192d5800 3574       3       java.lang.reflect.AccessibleObject::checkAccess (96 bytes)
Event: 4.551 Thread 0x00000000192d5800 nmethod 3574 0x00000000039eebd0 code [0x00000000039eed80, 0x00000000039ef528]
Event: 4.629 Thread 0x00000000192d5800 3575 %     3       com.mysql.jdbc.SingleByteCharsetConverter::<clinit> @ 58 (80 bytes)
Event: 4.630 Thread 0x00000000192d5800 nmethod 3575% 0x00000000039f0890 code [0x00000000039f0a80, 0x00000000039f1410]
Event: 4.630 Thread 0x00000000192d5800 3576       3       com.mysql.jdbc.SingleByteCharsetConverter::<clinit> (80 bytes)
Event: 4.631 Thread 0x00000000192d5800 nmethod 3576 0x00000000039f1790 code [0x00000000039f1960, 0x00000000039f22d0]
Event: 4.660 Thread 0x00000000192d5800 3577       3       com.mysql.jdbc.CharsetMapping::getMysqlCharsetNameForCollationIndex (35 bytes)
Event: 4.661 Thread 0x00000000192d5800 nmethod 3577 0x00000000039f3fd0 code [0x00000000039f4140, 0x00000000039f4530]
Event: 4.661 Thread 0x00000000192d5800 3578       3       sun.nio.cs.SingleByte$Decoder::decode (11 bytes)
Event: 4.661 Thread 0x00000000192d5800 nmethod 3578 0x00000000039f4650 code [0x00000000039f47a0, 0x00000000039f4930]

GC Heap History (10 events):
Event: 1.337 GC heap before
{Heap before GC invocations=7 (full 1):
 PSYoungGen      total 142336K, used 5055K [0x00000000d5f80000, 0x00000000df480000, 0x0000000100000000)
  eden space 133120K, 0% used [0x00000000d5f80000,0x00000000d5f80000,0x00000000de180000)
  from space 9216K, 54% used [0x00000000deb80000,0x00000000df06fdb0,0x00000000df480000)
  to   space 9728K, 0% used [0x00000000de180000,0x00000000de180000,0x00000000deb00000)
 ParOldGen       total 87552K, used 5601K [0x0000000081e00000, 0x0000000087380000, 0x00000000d5f80000)
  object space 87552K, 6% used [0x0000000081e00000,0x0000000082378698,0x0000000087380000)
 Metaspace       used 20598K, capacity 21202K, committed 21296K, reserved 1067008K
  class space    used 2658K, capacity 2830K, committed 2864K, reserved 1048576K
Event: 1.363 GC heap after
Heap after GC invocations=7 (full 1):
 PSYoungGen      total 142336K, used 0K [0x00000000d5f80000, 0x00000000df480000, 0x0000000100000000)
  eden space 133120K, 0% used [0x00000000d5f80000,0x00000000d5f80000,0x00000000de180000)
  from space 9216K, 0% used [0x00000000deb80000,0x00000000deb80000,0x00000000df480000)
  to   space 9728K, 0% used [0x00000000de180000,0x00000000de180000,0x00000000deb00000)
 ParOldGen       total 46080K, used 5729K [0x0000000081e00000, 0x0000000084b00000, 0x00000000d5f80000)
  object space 46080K, 12% used [0x0000000081e00000,0x00000000823986b0,0x0000000084b00000)
 Metaspace       used 20598K, capacity 21202K, committed 21296K, reserved 1067008K
  class space    used 2658K, capacity 2830K, committed 2864K, reserved 1048576K
}
Event: 2.358 GC heap before
{Heap before GC invocations=8 (full 1):
 PSYoungGen      total 142336K, used 133120K [0x00000000d5f80000, 0x00000000df480000, 0x0000000100000000)
  eden space 133120K, 100% used [0x00000000d5f80000,0x00000000de180000,0x00000000de180000)
  from space 9216K, 0% used [0x00000000deb80000,0x00000000deb80000,0x00000000df480000)
  to   space 9728K, 0% used [0x00000000de180000,0x00000000de180000,0x00000000deb00000)
 ParOldGen       total 46080K, used 5729K [0x0000000081e00000, 0x0000000084b00000, 0x00000000d5f80000)
  object space 46080K, 12% used [0x0000000081e00000,0x00000000823986b0,0x0000000084b00000)
 Metaspace       used 24316K, capacity 25330K, committed 25392K, reserved 1071104K
  class space    used 3115K, capacity 3339K, committed 3376K, reserved 1048576K
Event: 2.363 GC heap after
Heap after GC invocations=8 (full 1):
 PSYoungGen      total 142848K, used 7348K [0x00000000d5f80000, 0x00000000e6980000, 0x0000000100000000)
  eden space 133120K, 0% used [0x00000000d5f80000,0x00000000d5f80000,0x00000000de180000)
  from space 9728K, 75% used [0x00000000de180000,0x00000000de8ad240,0x00000000deb00000)
  to   space 10240K, 0% used [0x00000000e5f80000,0x00000000e5f80000,0x00000000e6980000)
 ParOldGen       total 46080K, used 5737K [0x0000000081e00000, 0x0000000084b00000, 0x00000000d5f80000)
  object space 46080K, 12% used [0x0000000081e00000,0x000000008239a6b0,0x0000000084b00000)
 Metaspace       used 24316K, capacity 25330K, committed 25392K, reserved 1071104K
  class space    used 3115K, capacity 3339K, committed 3376K, reserved 1048576K
}
Event: 3.545 GC heap before
{Heap before GC invocations=9 (full 1):
 PSYoungGen      total 142848K, used 140466K [0x00000000d5f80000, 0x00000000e6980000, 0x0000000100000000)
  eden space 133120K, 99% used [0x00000000d5f80000,0x00000000de17f748,0x00000000de180000)
  from space 9728K, 75% used [0x00000000de180000,0x00000000de8ad240,0x00000000deb00000)
  to   space 10240K, 0% used [0x00000000e5f80000,0x00000000e5f80000,0x00000000e6980000)
 ParOldGen       total 46080K, used 5737K [0x0000000081e00000, 0x0000000084b00000, 0x00000000d5f80000)
  object space 46080K, 12% used [0x0000000081e00000,0x000000008239a6b0,0x0000000084b00000)
 Metaspace       used 32464K, capacity 34268K, committed 34352K, reserved 1079296K
  class space    used 4259K, capacity 4581K, committed 4656K, reserved 1048576K
Event: 3.555 GC heap after
Heap after GC invocations=9 (full 1):
 PSYoungGen      total 258560K, used 10213K [0x00000000d5f80000, 0x00000000e6b00000, 0x0000000100000000)
  eden space 248320K, 0% used [0x00000000d5f80000,0x00000000d5f80000,0x00000000e5200000)
  from space 10240K, 99% used [0x00000000e5f80000,0x00000000e6979580,0x00000000e6980000)
  to   space 12800K, 0% used [0x00000000e5200000,0x00000000e5200000,0x00000000e5e80000)
 ParOldGen       total 46080K, used 8244K [0x0000000081e00000, 0x0000000084b00000, 0x00000000d5f80000)
  object space 46080K, 17% used [0x0000000081e00000,0x000000008260d338,0x0000000084b00000)
 Metaspace       used 32464K, capacity 34268K, committed 34352K, reserved 1079296K
  class space    used 4259K, capacity 4581K, committed 4656K, reserved 1048576K
}
Event: 3.764 GC heap before
{Heap before GC invocations=10 (full 1):
 PSYoungGen      total 258560K, used 80208K [0x00000000d5f80000, 0x00000000e6b00000, 0x0000000100000000)
  eden space 248320K, 28% used [0x00000000d5f80000,0x00000000da3dac40,0x00000000e5200000)
  from space 10240K, 99% used [0x00000000e5f80000,0x00000000e6979580,0x00000000e6980000)
  to   space 12800K, 0% used [0x00000000e5200000,0x00000000e5200000,0x00000000e5e80000)
 ParOldGen       total 46080K, used 8244K [0x0000000081e00000, 0x0000000084b00000, 0x00000000d5f80000)
  object space 46080K, 17% used [0x0000000081e00000,0x000000008260d338,0x0000000084b00000)
 Metaspace       used 33555K, capacity 35376K, committed 35496K, reserved 1079296K
  class space    used 4382K, capacity 4725K, committed 4784K, reserved 1048576K
Event: 3.775 GC heap after
Heap after GC invocations=10 (full 1):
 PSYoungGen      total 261120K, used 8629K [0x00000000d5f80000, 0x00000000ee600000, 0x0000000100000000)
  eden space 248320K, 0% used [0x00000000d5f80000,0x00000000d5f80000,0x00000000e5200000)
  from space 12800K, 67% used [0x00000000e5200000,0x00000000e5a6d788,0x00000000e5e80000)
  to   space 12800K, 0% used [0x00000000ed980000,0x00000000ed980000,0x00000000ee600000)
 ParOldGen       total 46080K, used 8252K [0x0000000081e00000, 0x0000000084b00000, 0x00000000d5f80000)
  object space 46080K, 17% used [0x0000000081e00000,0x000000008260f338,0x0000000084b00000)
 Metaspace       used 33555K, capacity 35376K, committed 35496K, reserved 1079296K
  class space    used 4382K, capacity 4725K, committed 4784K, reserved 1048576K
}
Event: 3.775 GC heap before
{Heap before GC invocations=11 (full 2):
 PSYoungGen      total 261120K, used 8629K [0x00000000d5f80000, 0x00000000ee600000, 0x0000000100000000)
  eden space 248320K, 0% used [0x00000000d5f80000,0x00000000d5f80000,0x00000000e5200000)
  from space 12800K, 67% used [0x00000000e5200000,0x00000000e5a6d788,0x00000000e5e80000)
  to   space 12800K, 0% used [0x00000000ed980000,0x00000000ed980000,0x00000000ee600000)
 ParOldGen       total 46080K, used 8252K [0x0000000081e00000, 0x0000000084b00000, 0x00000000d5f80000)
  object space 46080K, 17% used [0x0000000081e00000,0x000000008260f338,0x0000000084b00000)
 Metaspace       used 33555K, capacity 35376K, committed 35496K, reserved 1079296K
  class space    used 4382K, capacity 4725K, committed 4784K, reserved 1048576K
Event: 3.845 GC heap after
Heap after GC invocations=11 (full 2):
 PSYoungGen      total 261120K, used 0K [0x00000000d5f80000, 0x00000000ee600000, 0x0000000100000000)
  eden space 248320K, 0% used [0x00000000d5f80000,0x00000000d5f80000,0x00000000e5200000)
  from space 12800K, 0% used [0x00000000e5200000,0x00000000e5200000,0x00000000e5e80000)
  to   space 12800K, 0% used [0x00000000ed980000,0x00000000ed980000,0x00000000ee600000)
 ParOldGen       total 60416K, used 12798K [0x0000000081e00000, 0x0000000085900000, 0x00000000d5f80000)
  object space 60416K, 21% used [0x0000000081e00000,0x0000000082a7fa88,0x0000000085900000)
 Metaspace       used 33555K, capacity 35376K, committed 35496K, reserved 1079296K
  class space    used 4382K, capacity 4725K, committed 4784K, reserved 1048576K
}

Deoptimization events (10 events):
Event: 4.113 Thread 0x0000000017904000 Uncommon trap: reason=unstable_if action=reinterpret pc=0x00000000031cbd40 method=java.net.URL.<init>(Ljava/net/URL;Ljava/lang/String;Ljava/net/URLStreamHandler;)V @ 57
Event: 4.113 Thread 0x0000000017904000 Uncommon trap: reason=unstable_if action=reinterpret pc=0x00000000038ded54 method=java.net.URLStreamHandler.parseURL(Ljava/net/URL;Ljava/lang/String;II)V @ 57
Event: 4.325 Thread 0x0000000017904000 Uncommon trap: reason=bimorphic action=maybe_recompile pc=0x00000000032766d8 method=java.lang.ClassLoader.loadClass(Ljava/lang/String;Z)Ljava/lang/Class; @ 70
Event: 4.326 Thread 0x0000000017904000 Uncommon trap: reason=bimorphic action=maybe_recompile pc=0x00000000032766d8 method=java.lang.ClassLoader.loadClass(Ljava/lang/String;Z)Ljava/lang/Class; @ 70
Event: 4.424 Thread 0x0000000017904000 Uncommon trap: reason=bimorphic action=maybe_recompile pc=0x00000000032766d8 method=java.lang.ClassLoader.loadClass(Ljava/lang/String;Z)Ljava/lang/Class; @ 70
Event: 4.452 Thread 0x0000000017904000 Uncommon trap: reason=unstable_if action=reinterpret pc=0x000000000302d984 method=sun.nio.cs.UTF_8$Decoder.decode([BII[C)I @ 30
Event: 4.457 Thread 0x0000000017904000 Uncommon trap: reason=unstable_if action=reinterpret pc=0x0000000003864614 method=java.util.Properties.load0(Ljava/util/Properties$LineReader;)V @ 161
Event: 4.517 Thread 0x0000000017904000 Uncommon trap: reason=unstable_if action=reinterpret pc=0x00000000032d5e54 method=sun.misc.ASCIICaseInsensitiveComparator.compare(Ljava/lang/String;Ljava/lang/String;)I @ 83
Event: 4.534 Thread 0x0000000017904000 Uncommon trap: reason=unstable_if action=reinterpret pc=0x0000000002eb1dc8 method=java.lang.Class.arrayContentsEq([Ljava/lang/Object;[Ljava/lang/Object;)Z @ 1
Event: 4.568 Thread 0x0000000017904000 Uncommon trap: reason=unstable_if action=reinterpret pc=0x00000000038f2f2c method=java.net.URI.match(CJJ)Z @ 45

Classes redefined (0 events):
No events

Internal exceptions (10 events):
Event: 3.971 Thread 0x0000000017904000 Implicit null exception at 0x000000000338968d to 0x0000000003389bfc
Event: 3.971 Thread 0x0000000017904000 Exception <a 'java/lang/NullPointerException'> (0x00000000d6714830) thrown at [C:\re\workspace\8-2-build-windows-amd64-cygwin\jdk8u201\12322\hotspot\src\share\vm\runtime\sharedRuntime.cpp, line 605]
Event: 3.971 Thread 0x0000000017904000 Implicit null exception at 0x000000000338968d to 0x0000000003389bfc
Event: 3.971 Thread 0x0000000017904000 Exception <a 'java/lang/NullPointerException'> (0x00000000d6715a40) thrown at [C:\re\workspace\8-2-build-windows-amd64-cygwin\jdk8u201\12322\hotspot\src\share\vm\runtime\sharedRuntime.cpp, line 605]
Event: 3.971 Thread 0x0000000017904000 Implicit null exception at 0x000000000338968d to 0x0000000003389bfc
Event: 3.971 Thread 0x0000000017904000 Exception <a 'java/lang/NullPointerException'> (0x00000000d6716c60) thrown at [C:\re\workspace\8-2-build-windows-amd64-cygwin\jdk8u201\12322\hotspot\src\share\vm\runtime\sharedRuntime.cpp, line 605]
Event: 3.971 Thread 0x0000000017904000 Implicit null exception at 0x000000000338968d to 0x0000000003389bfc
Event: 3.971 Thread 0x0000000017904000 Exception <a 'java/lang/NullPointerException'> (0x00000000d6717ea0) thrown at [C:\re\workspace\8-2-build-windows-amd64-cygwin\jdk8u201\12322\hotspot\src\share\vm\runtime\sharedRuntime.cpp, line 605]
Event: 4.050 Thread 0x0000000017904000 Exception <a 'java/io/FileNotFoundException'> (0x00000000d6dbd938) thrown at [C:\re\workspace\8-2-build-windows-amd64-cygwin\jdk8u201\12322\hotspot\src\share\vm\prims\jni.cpp, line 709]
Event: 4.534 Thread 0x0000000017904000 Implicit null exception at 0x0000000002eb1b23 to 0x0000000002eb1d9d

Events (10 events):
Event: 4.653 loading class java/time/format/DateTimeParseException
Event: 4.654 loading class java/time/format/DateTimeParseException done
Event: 4.654 loading class com/mysql/jdbc/JDBC42UpdatableResultSet
Event: 4.654 loading class com/mysql/jdbc/JDBC42UpdatableResultSet done
Event: 4.654 loading class com/mysql/jdbc/JDBC4UpdatableResultSet
Event: 4.654 loading class com/mysql/jdbc/JDBC4UpdatableResultSet done
Event: 4.659 loading class com/mysql/jdbc/ResultSetMetaData
Event: 4.659 loading class com/mysql/jdbc/ResultSetMetaData done
Event: 4.660 loading class com/mysql/jdbc/LicenseConfiguration
Event: 4.660 loading class com/mysql/jdbc/LicenseConfiguration done


Dynamic libraries:
0x00007ff74d470000 - 0x00007ff74d4a7000 	C:\Program Files\Java\jdk1.8.0_201\bin\java.exe
0x00007fff05ec0000 - 0x00007fff060ad000 	C:\WINDOWS\SYSTEM32\ntdll.dll
0x00007fff03770000 - 0x00007fff03823000 	C:\WINDOWS\System32\KERNEL32.DLL
0x00007fff02ec0000 - 0x00007fff03155000 	C:\WINDOWS\System32\KERNELBASE.dll
0x00007fff04fb0000 - 0x00007fff05053000 	C:\WINDOWS\System32\ADVAPI32.dll
0x00007fff04f10000 - 0x00007fff04fae000 	C:\WINDOWS\System32\msvcrt.dll
0x00007fff034c0000 - 0x00007fff0355e000 	C:\WINDOWS\System32\sechost.dll
0x00007fff054e0000 - 0x00007fff05602000 	C:\WINDOWS\System32\RPCRT4.dll
0x00007fff05ac0000 - 0x00007fff05c57000 	C:\WINDOWS\System32\USER32.dll
0x00007fff02ea0000 - 0x00007fff02ec0000 	C:\WINDOWS\System32\win32u.dll
0x00007fff03160000 - 0x00007fff03189000 	C:\WINDOWS\System32\GDI32.dll
0x00007fff02970000 - 0x00007fff02b0a000 	C:\WINDOWS\System32\gdi32full.dll
0x00007fff02800000 - 0x00007fff028a0000 	C:\WINDOWS\System32\msvcp_win.dll
0x00007fff02da0000 - 0x00007fff02e9a000 	C:\WINDOWS\System32\ucrtbase.dll
0x00007ffef6fc0000 - 0x00007ffef7239000 	C:\WINDOWS\WinSxS\amd64_microsoft.windows.common-controls_6595b64144ccf1df_6.0.17763.1282_none_de75b6f253473c0f\COMCTL32.dll
0x00007fff03190000 - 0x00007fff034bc000 	C:\WINDOWS\System32\combase.dll
0x00007fff028f0000 - 0x00007fff0296e000 	C:\WINDOWS\System32\bcryptPrimitives.dll
0x00007fff03970000 - 0x00007fff0399e000 	C:\WINDOWS\System32\IMM32.DLL
0x0000000054070000 - 0x0000000054141000 	C:\Program Files\Java\jdk1.8.0_201\jre\bin\msvcr100.dll
0x00000000537c0000 - 0x0000000054064000 	C:\Program Files\Java\jdk1.8.0_201\jre\bin\server\jvm.dll
0x00007fff05cc0000 - 0x00007fff05cc8000 	C:\WINDOWS\System32\PSAPI.DLL
0x00007ffedc6e0000 - 0x00007ffedc6e9000 	C:\WINDOWS\SYSTEM32\WSOCK32.dll
0x00007fff05e00000 - 0x00007fff05e6d000 	C:\WINDOWS\System32\WS2_32.dll
0x00007fff00090000 - 0x00007fff000b4000 	C:\WINDOWS\SYSTEM32\WINMM.dll
0x00007ffefca70000 - 0x00007ffefca7a000 	C:\WINDOWS\SYSTEM32\VERSION.dll
0x00007fff00030000 - 0x00007fff0005d000 	C:\WINDOWS\SYSTEM32\WINMMBASE.dll
0x00007fff028a0000 - 0x00007fff028ea000 	C:\WINDOWS\System32\cfgmgr32.dll
0x00007fff00120000 - 0x00007fff0012f000 	C:\Program Files\Java\jdk1.8.0_201\jre\bin\verify.dll
0x00007ffefe790000 - 0x00007ffefe7b9000 	C:\Program Files\Java\jdk1.8.0_201\jre\bin\java.dll
0x00007ffefdd50000 - 0x00007ffefdd73000 	C:\Program Files\Java\jdk1.8.0_201\jre\bin\instrument.dll
0x00007ffefdd30000 - 0x00007ffefdd46000 	C:\Program Files\Java\jdk1.8.0_201\jre\bin\zip.dll
0x00007fff039b0000 - 0x00007fff04ea8000 	C:\WINDOWS\System32\SHELL32.dll
0x00007fff03560000 - 0x00007fff03608000 	C:\WINDOWS\System32\shcore.dll
0x00007fff02080000 - 0x00007fff027cf000 	C:\WINDOWS\System32\windows.storage.dll
0x00007fff01f50000 - 0x00007fff01f74000 	C:\WINDOWS\System32\profapi.dll
0x00007fff01fa0000 - 0x00007fff01ffd000 	C:\WINDOWS\System32\powrprof.dll
0x00007fff03830000 - 0x00007fff03882000 	C:\WINDOWS\System32\shlwapi.dll
0x00007fff01f30000 - 0x00007fff01f41000 	C:\WINDOWS\System32\kernel.appcore.dll
0x00007fff02060000 - 0x00007fff02077000 	C:\WINDOWS\System32\cryptsp.dll
0x00007ffef4600000 - 0x00007ffef461a000 	C:\Program Files\JetBrains\IntelliJ IDEA Community Edition 2018.3.5\bin\breakgen64.dll
0x00007ffeed490000 - 0x00007ffeed4aa000 	C:\Program Files\Java\jdk1.8.0_201\jre\bin\net.dll
0x00007ffef5f50000 - 0x00007ffef6127000 	C:\WINDOWS\SYSTEM32\urlmon.dll
0x00007ffef5ca0000 - 0x00007ffef5f48000 	C:\WINDOWS\SYSTEM32\iertutil.dll
0x00007fff01860000 - 0x00007fff0186c000 	C:\WINDOWS\SYSTEM32\CRYPTBASE.DLL
0x00007fff016e0000 - 0x00007fff01747000 	C:\WINDOWS\system32\mswsock.dll
0x00007fff00110000 - 0x00007fff0011d000 	C:\Program Files\Java\jdk1.8.0_201\jre\bin\management.dll
0x00007ffee1a80000 - 0x00007ffee1a96000 	C:\WINDOWS\system32\napinsp.dll
0x00007ffedf200000 - 0x00007ffedf21a000 	C:\WINDOWS\system32\pnrpnsp.dll
0x00007fff01450000 - 0x00007fff01517000 	C:\WINDOWS\SYSTEM32\DNSAPI.dll
0x00007fff03960000 - 0x00007fff03968000 	C:\WINDOWS\System32\NSI.dll
0x00007fff01410000 - 0x00007fff0144d000 	C:\WINDOWS\SYSTEM32\IPHLPAPI.DLL
0x00007ffeed430000 - 0x00007ffeed43e000 	C:\WINDOWS\System32\winrnr.dll
0x00007ffefe760000 - 0x00007ffefe77b000 	C:\WINDOWS\system32\NLAapi.dll
0x00007ffefba80000 - 0x00007ffefba95000 	C:\WINDOWS\system32\wshbth.dll
0x0000000054cc0000 - 0x0000000054ce6000 	C:\Program Files\Bonjour\mdnsNSP.dll
0x00007ffef9320000 - 0x00007ffef932a000 	C:\Windows\System32\rasadhlp.dll
0x00007ffef9330000 - 0x00007ffef93a9000 	C:\WINDOWS\System32\fwpuclnt.dll
0x00007fff027d0000 - 0x00007fff027f6000 	C:\WINDOWS\System32\bcrypt.dll
0x00007ffee4740000 - 0x00007ffee4751000 	C:\Program Files\Java\jdk1.8.0_201\jre\bin\nio.dll
0x00007fff01270000 - 0x00007fff012a3000 	C:\WINDOWS\system32\rsaenh.dll
0x00007fff01e60000 - 0x00007fff01e88000 	C:\WINDOWS\SYSTEM32\USERENV.dll
0x00007ffefbd40000 - 0x00007ffefbd56000 	C:\WINDOWS\SYSTEM32\dhcpcsvc6.DLL
0x00007ffefbca0000 - 0x00007ffefbcbc000 	C:\WINDOWS\SYSTEM32\dhcpcsvc.DLL

VM Arguments:
jvm_args: -javaagent:C:\Program Files\JetBrains\IntelliJ IDEA Community Edition 2018.3.5\lib\idea_rt.jar=53563:C:\Program Files\JetBrains\IntelliJ IDEA Community Edition 2018.3.5\bin -Dfile.encoding=UTF-8 
java_command: com.majority.contactbookapi.ContactBookApiApplication
java_class_path (initial): C:\Program Files\Java\jdk1.8.0_201\jre\lib\charsets.jar;C:\Program Files\Java\jdk1.8.0_201\jre\lib\deploy.jar;C:\Program Files\Java\jdk1.8.0_201\jre\lib\ext\access-bridge-64.jar;C:\Program Files\Java\jdk1.8.0_201\jre\lib\ext\cldrdata.jar;C:\Program Files\Java\jdk1.8.0_201\jre\lib\ext\dnsns.jar;C:\Program Files\Java\jdk1.8.0_201\jre\lib\ext\jaccess.jar;C:\Program Files\Java\jdk1.8.0_201\jre\lib\ext\jfxrt.jar;C:\Program Files\Java\jdk1.8.0_201\jre\lib\ext\localedata.jar;C:\Program Files\Java\jdk1.8.0_201\jre\lib\ext\nashorn.jar;C:\Program Files\Java\jdk1.8.0_201\jre\lib\ext\sunec.jar;C:\Program Files\Java\jdk1.8.0_201\jre\lib\ext\sunjce_provider.jar;C:\Program Files\Java\jdk1.8.0_201\jre\lib\ext\sunmscapi.jar;C:\Program Files\Java\jdk1.8.0_201\jre\lib\ext\sunpkcs11.jar;C:\Program Files\Java\jdk1.8.0_201\jre\lib\ext\zipfs.jar;C:\Program Files\Java\jdk1.8.0_201\jre\lib\javaws.jar;C:\Program Files\Java\jdk1.8.0_201\jre\lib\jce.jar;C:\Program Files\Java\jdk1.8.0_201\jre\lib\jfr.jar;C:\Program Files\Java\jdk1.8.0_201\jre\lib\jfxswt.jar;C:\Program Files\Java\jdk1.8.0_201\jre\lib\jsse.jar;C:\Program Files\Java\jdk1.8.0_201\jre\lib\management-agent.jar;C:\Program Files\Java\jdk1.8.0_201\jre\lib\plugin.jar;C:\Program Files\Java\jdk1.8.0_201\jre\lib\resources.jar;C:\Program Files\Java\jdk1.8.0_201\jre\lib\rt.jar;C:\Users\lucas\Documents\Projetos\contact-book\target\classes;C:\Users\lucas\.m2\repository\org\springframework\boot\spring-boot-starter-data-jpa\2.2.7.RELEASE\spring-boot-starter-data-jpa-2.2.7.RELEASE.jar;C:\Users\lucas\.m2\repository\org\springframework\boot\spring-boot-starter-aop\2.2.7.RELEASE\spring-boot-starter-aop-2.2.7.RELEASE.jar;C:\Users\lucas\.m2\repository\org\springframework\spring-aop\5.2.6.RELEASE\spring-aop-5.2.6.RELEASE.jar;C:\Users\lucas\.m2\repository\org\aspectj\aspectjweaver\1.9.5\aspectjweaver-1.9.5.jar;C:\Users\lucas\.m2\repository\org\springframework\boot\spring-boot-starter-jdbc\2.2.7.RELEASE\spring-boot-starter-jdb
Launcher Type: SUN_STANDARD

Environment Variables:
JAVA_HOME=C:\Program Files\Java\jdk1.8.0_201
PATH=C:\python3\Scripts\;C:\python3\;C:\Program Files (x86)\Common Files\Oracle\Java\javapath;C:\Windows\system32;C:\Windows;C:\Windows\System32\Wbem;C:\Windows\System32\WindowsPowerShell\v1.0\;C:\Program Files\NVIDIA Corporation\NVIDIA NvDLISR;C:\Program Files (x86)\NVIDIA Corporation\PhysX\Common;C:\WINDOWS\system32;C:\WINDOWS;C:\WINDOWS\System32\Wbem;C:\WINDOWS\System32\WindowsPowerShell\v1.0\;C:\WINDOWS\System32\OpenSSH\;C:\Program Files\Git\cmd;C:\Program Files\IBM\Cloud\bin;C:\apache-maven-3.6.1\bin;C:\Program Files\Java\jdk1.8.0_201;C:\Program Files\nodejs\;C:\Program Files\Docker\Docker\resources\bin;C:\ProgramData\DockerDesktop\version-bin;C:\Users\lucas\AppData\Local\Microsoft\WindowsApps;;C:\Users\lucas\AppData\Local\Programs\Microsoft VS Code\bin;C:\Users\lucas\AppData\Roaming\npm
USERNAME=lucas
OS=Windows_NT
PROCESSOR_IDENTIFIER=Intel64 Family 6 Model 58 Stepping 9, GenuineIntel



---------------  S Y S T E M  ---------------

OS: Windows 10.0 , 64 bit Build 17763 (10.0.17763.1158)

CPU:total 4 (initial active 4) (4 cores per cpu, 1 threads per core) family 6 model 58 stepping 9, cmov, cx8, fxsr, mmx, sse, sse2, sse3, ssse3, sse4.1, sse4.2, popcnt, avx, aes, clmul, erms, tsc, tscinvbit, tscinv

Memory: 4k page, physical 8260664k(934064k free), swap 8260664k(5748k free)

vm_info: Java HotSpot(TM) 64-Bit Server VM (25.201-b09) for windows-amd64 JRE (1.8.0_201-b09), built on Dec 15 2018 18:36:39 by "java_re" with MS VC++ 10.0 (VS2010)

time: Sun Jun 21 04:18:13 2020
timezone: Hora oficial do Brasil
elapsed time: 4 seconds (0d 0h 0m 4s)

