#
# There is insufficient memory for the Java Runtime Environment to continue.
# Native memory allocation (malloc) failed to allocate 32744 bytes for ChunkPool::allocate
# Possible reasons:
#   The system is out of physical RAM or swap space
#   The process is running with CompressedOops enabled, and the Java Heap may be blocking the growth of the native heap
# Possible solutions:
#   Reduce memory load on the system
#   Increase physical memory or swap space
#   Check if swap backing store is full
#   Decrease Java heap size (-Xmx/-Xms)
#   Decrease number of Java threads
#   Decrease Java thread stack sizes (-Xss)
#   Set larger code cache with -XX:ReservedCodeCacheSize=
#   JVM is running with Unscaled Compressed Oops mode in which the Java heap is
#     placed in the first 4GB address space. The Java Heap base address is the
#     maximum limit for the native heap growth. Please use -XX:HeapBaseMinAddress
#     to set the Java Heap base and to place the Java Heap above 4GB virtual address.
# This output file may be truncated or incomplete.
#
#  Out of Memory Error (allocation.cpp:273), pid=8952, tid=0x0000000000001a34
#
# JRE version: Java(TM) SE Runtime Environment (8.0_201-b09) (build 1.8.0_201-b09)
# Java VM: Java HotSpot(TM) 64-Bit Server VM (25.201-b09 mixed mode windows-amd64 compressed oops)
# Failed to write core dump. Minidumps are not enabled by default on client versions of Windows
#

---------------  T H R E A D  ---------------

Current thread (0x000000001911b000):  JavaThread "C2 CompilerThread0" daemon [_thread_in_native, id=6708, stack(0x00000000192b0000,0x00000000193b0000)]

Stack: [0x00000000192b0000,0x00000000193b0000]
[error occurred during error reporting (printing stack bounds), id 0xc0000005]

Native frames: (J=compiled Java code, j=interpreted, Vv=VM code, C=native code)


Current CompileTask:
C2:   6156 4019       4       org.springframework.core.annotation.TypeMappedAnnotations$MergedAnnotationFinder::doWithAnnotations (75 bytes)


---------------  P R O C E S S  ---------------

Java Threads: ( => current thread )
  0x000000001c677800 JavaThread "HikariPool-1 connection adder" daemon [_thread_blocked, id=8576, stack(0x00000000225c0000,0x00000000226c0000)]
  0x000000001c679800 JavaThread "HikariPool-1 housekeeper" daemon [_thread_blocked, id=7044, stack(0x00000000208f0000,0x00000000209f0000)]
  0x000000001c679000 JavaThread "container-0" [_thread_blocked, id=11256, stack(0x00000000206f0000,0x00000000207f0000)]
  0x000000001c67c800 JavaThread "Catalina-utility-2" [_thread_blocked, id=9200, stack(0x00000000205f0000,0x00000000206f0000)]
  0x000000001c676800 JavaThread "Catalina-utility-1" [_thread_blocked, id=1764, stack(0x0000000020120000,0x0000000020220000)]
  0x000000001c67d800 JavaThread "Abandoned connection cleanup thread" daemon [_thread_blocked, id=10588, stack(0x000000001f050000,0x000000001f150000)]
  0x000000001a604000 JavaThread "restartedMain" [_thread_in_native, id=9592, stack(0x000000001b1e0000,0x000000001b2e0000)]
  0x000000001a2d2000 JavaThread "Thread-0" [_thread_blocked, id=3600, stack(0x000000001b0e0000,0x000000001b1e0000)]
  0x00000000194ef800 JavaThread "Service Thread" daemon [_thread_blocked, id=9820, stack(0x0000000019db0000,0x0000000019eb0000)]
  0x00000000194d0800 JavaThread "C1 CompilerThread2" daemon [_thread_blocked, id=2684, stack(0x0000000019cb0000,0x0000000019db0000)]
  0x000000001916e800 JavaThread "C2 CompilerThread1" daemon [_thread_in_native, id=9104, stack(0x00000000193b0000,0x00000000194b0000)]
=>0x000000001911b000 JavaThread "C2 CompilerThread0" daemon [_thread_in_native, id=6708, stack(0x00000000192b0000,0x00000000193b0000)]
  0x00000000190f0800 JavaThread "Monitor Ctrl-Break" daemon [_thread_in_native, id=2652, stack(0x00000000191b0000,0x00000000192b0000)]
  0x000000001774e000 JavaThread "Attach Listener" daemon [_thread_blocked, id=5652, stack(0x0000000018cb0000,0x0000000018db0000)]
  0x000000001774d000 JavaThread "Signal Dispatcher" daemon [_thread_blocked, id=4160, stack(0x0000000018bb0000,0x0000000018cb0000)]
  0x0000000002a2a000 JavaThread "Finalizer" daemon [_thread_blocked, id=3484, stack(0x00000000189a0000,0x0000000018aa0000)]
  0x0000000002a27000 JavaThread "Reference Handler" daemon [_thread_blocked, id=7496, stack(0x00000000188a0000,0x00000000189a0000)]
  0x0000000002937000 JavaThread "main" [_thread_blocked, id=11588, stack(0x0000000002830000,0x0000000002930000)]

Other Threads:
  0x0000000017707800 VMThread [stack: 0x00000000187a0000,0x00000000188a0000] [id=5472]
  0x000000001955f800 WatcherThread [stack: 0x0000000019eb0000,0x0000000019fb0000] [id=10880]

VM state:not at safepoint (normal execution)

VM Mutex/Monitor currently owned by a thread: None

heap address: 0x0000000081e00000, size: 2018 MB, Compressed Oops mode: 32-bit
Narrow klass base: 0x0000000000000000, Narrow klass shift: 3
Compressed class space size: 1073741824 Address: 0x0000000100000000

Heap:
 PSYoungGen      total 223744K, used 72418K [0x00000000d5f80000, 0x00000000e5100000, 0x0000000100000000)
  eden space 210944K, 28% used [0x00000000d5f80000,0x00000000d99b9b08,0x00000000e2d80000)
  from space 12800K, 99% used [0x00000000e3e80000,0x00000000e4afefe0,0x00000000e4b00000)
  to   space 17408K, 0% used [0x00000000e2d80000,0x00000000e2d80000,0x00000000e3e80000)
 ParOldGen       total 79360K, used 19196K [0x0000000081e00000, 0x0000000086b80000, 0x00000000d5f80000)
  object space 79360K, 24% used [0x0000000081e00000,0x00000000830bf000,0x0000000086b80000)
 Metaspace       used 54626K, capacity 57674K, committed 57688K, reserved 1099776K
  class space    used 7509K, capacity 8057K, committed 8064K, reserved 1048576K

Card table byte_map: [0x0000000011fe0000,0x00000000123e0000] byte_map_base: 0x0000000011bd1000

Marking Bits: (ParMarkBitMap*) 0x0000000072d74ce0
 Begin Bits: [0x0000000012a90000, 0x0000000014a18000)
 End Bits:   [0x0000000014a18000, 0x00000000169a0000)

Polling page: 0x0000000002580000

CodeCache: size=245760Kb used=14980Kb max_used=15720Kb free=230779Kb
 bounds [0x0000000002c20000, 0x0000000003b90000, 0x0000000011c20000]
 total_blobs=4704 nmethods=4158 adapters=458
 compilation: enabled

Compilation events (10 events):
Event: 6.152 Thread 0x00000000194d0800 4474       2       org.springframework.core.convert.support.GenericConversionService::getConverter (106 bytes)
Event: 6.152 Thread 0x00000000194d0800 nmethod 4474 0x0000000002fd0bd0 code [0x0000000002fd0d80, 0x0000000002fd1148]
Event: 6.152 Thread 0x00000000194d0800 4476       1       org.springframework.core.convert.TypeDescriptor::getResolvableType (5 bytes)
Event: 6.152 Thread 0x00000000194d0800 nmethod 4476 0x000000000311f310 code [0x000000000311f460, 0x000000000311f570]
Event: 6.152 Thread 0x00000000194d0800 4475       2       org.springframework.core.convert.support.GenericConversionService$ConverterCacheKey::<init> (15 bytes)
Event: 6.153 Thread 0x00000000194d0800 nmethod 4475 0x0000000003124050 code [0x00000000031241a0, 0x0000000003124310]
Event: 6.154 Thread 0x00000000194d0800 4477   !   2       com.sun.proxy.$Proxy30::annotationType (29 bytes)
Event: 6.154 Thread 0x00000000194d0800 nmethod 4477 0x0000000002f82fd0 code [0x0000000002f83160, 0x0000000002f83418]
Event: 6.154 Thread 0x00000000194d0800 4478   !   2       com.sun.proxy.$Proxy52::annotationType (29 bytes)
Event: 6.155 Thread 0x00000000194d0800 nmethod 4478 0x000000000315a350 code [0x000000000315a4e0, 0x000000000315a798]

GC Heap History (10 events):
Event: 2.558 GC heap before
{Heap before GC invocations=8 (full 1):
 PSYoungGen      total 108544K, used 108536K [0x00000000d5f80000, 0x00000000dee80000, 0x0000000100000000)
  eden space 105472K, 100% used [0x00000000d5f80000,0x00000000dc680000,0x00000000dc680000)
  from space 3072K, 99% used [0x00000000deb80000,0x00000000dee7e2f0,0x00000000dee80000)
  to   space 10240K, 0% used [0x00000000dda80000,0x00000000dda80000,0x00000000de480000)
 ParOldGen       total 59392K, used 10010K [0x0000000081e00000, 0x0000000085800000, 0x00000000d5f80000)
  object space 59392K, 16% used [0x0000000081e00000,0x00000000827c69e0,0x0000000085800000)
 Metaspace       used 26123K, capacity 27314K, committed 27520K, reserved 1073152K
  class space    used 3392K, capacity 3633K, committed 3712K, reserved 1048576K
Event: 2.564 GC heap after
Heap after GC invocations=8 (full 1):
 PSYoungGen      total 136192K, used 8976K [0x00000000d5f80000, 0x00000000e1300000, 0x0000000100000000)
  eden space 125952K, 0% used [0x00000000d5f80000,0x00000000d5f80000,0x00000000dda80000)
  from space 10240K, 87% used [0x00000000dda80000,0x00000000de344050,0x00000000de480000)
  to   space 11264K, 0% used [0x00000000e0800000,0x00000000e0800000,0x00000000e1300000)
 ParOldGen       total 59392K, used 10018K [0x0000000081e00000, 0x0000000085800000, 0x00000000d5f80000)
  object space 59392K, 16% used [0x0000000081e00000,0x00000000827c89e0,0x0000000085800000)
 Metaspace       used 26123K, capacity 27314K, committed 27520K, reserved 1073152K
  class space    used 3392K, capacity 3633K, committed 3712K, reserved 1048576K
}
Event: 3.545 GC heap before
{Heap before GC invocations=9 (full 1):
 PSYoungGen      total 136192K, used 134928K [0x00000000d5f80000, 0x00000000e1300000, 0x0000000100000000)
  eden space 125952K, 100% used [0x00000000d5f80000,0x00000000dda80000,0x00000000dda80000)
  from space 10240K, 87% used [0x00000000dda80000,0x00000000de344050,0x00000000de480000)
  to   space 11264K, 0% used [0x00000000e0800000,0x00000000e0800000,0x00000000e1300000)
 ParOldGen       total 59392K, used 10018K [0x0000000081e00000, 0x0000000085800000, 0x00000000d5f80000)
  object space 59392K, 16% used [0x0000000081e00000,0x00000000827c89e0,0x0000000085800000)
 Metaspace       used 32944K, capacity 34778K, committed 34944K, reserved 1079296K
  class space    used 4302K, capacity 4618K, committed 4736K, reserved 1048576K
Event: 3.555 GC heap after
Heap after GC invocations=9 (full 1):
 PSYoungGen      total 170496K, used 11257K [0x00000000d5f80000, 0x00000000e3080000, 0x0000000100000000)
  eden space 159232K, 0% used [0x00000000d5f80000,0x00000000d5f80000,0x00000000dfb00000)
  from space 11264K, 99% used [0x00000000e0800000,0x00000000e12fe478,0x00000000e1300000)
  to   space 13312K, 0% used [0x00000000dfb00000,0x00000000dfb00000,0x00000000e0800000)
 ParOldGen       total 59392K, used 10374K [0x0000000081e00000, 0x0000000085800000, 0x00000000d5f80000)
  object space 59392K, 17% used [0x0000000081e00000,0x0000000082821908,0x0000000085800000)
 Metaspace       used 32944K, capacity 34778K, committed 34944K, reserved 1079296K
  class space    used 4302K, capacity 4618K, committed 4736K, reserved 1048576K
}
Event: 3.664 GC heap before
{Heap before GC invocations=10 (full 1):
 PSYoungGen      total 170496K, used 45977K [0x00000000d5f80000, 0x00000000e3080000, 0x0000000100000000)
  eden space 159232K, 21% used [0x00000000d5f80000,0x00000000d8168108,0x00000000dfb00000)
  from space 11264K, 99% used [0x00000000e0800000,0x00000000e12fe478,0x00000000e1300000)
  to   space 13312K, 0% used [0x00000000dfb00000,0x00000000dfb00000,0x00000000e0800000)
 ParOldGen       total 59392K, used 10374K [0x0000000081e00000, 0x0000000085800000, 0x00000000d5f80000)
  object space 59392K, 17% used [0x0000000081e00000,0x0000000082821908,0x0000000085800000)
 Metaspace       used 33498K, capacity 35346K, committed 35416K, reserved 1079296K
  class space    used 4369K, capacity 4720K, committed 4736K, reserved 1048576K
Event: 3.671 GC heap after
Heap after GC invocations=10 (full 1):
 PSYoungGen      total 172544K, used 7188K [0x00000000d5f80000, 0x00000000e4b00000, 0x0000000100000000)
  eden space 159232K, 0% used [0x00000000d5f80000,0x00000000d5f80000,0x00000000dfb00000)
  from space 13312K, 53% used [0x00000000dfb00000,0x00000000e02051d8,0x00000000e0800000)
  to   space 12800K, 0% used [0x00000000e3e80000,0x00000000e3e80000,0x00000000e4b00000)
 ParOldGen       total 59392K, used 11286K [0x0000000081e00000, 0x0000000085800000, 0x00000000d5f80000)
  object space 59392K, 19% used [0x0000000081e00000,0x00000000829058b0,0x0000000085800000)
 Metaspace       used 33498K, capacity 35346K, committed 35416K, reserved 1079296K
  class space    used 4369K, capacity 4720K, committed 4736K, reserved 1048576K
}
Event: 3.671 GC heap before
{Heap before GC invocations=11 (full 2):
 PSYoungGen      total 172544K, used 7188K [0x00000000d5f80000, 0x00000000e4b00000, 0x0000000100000000)
  eden space 159232K, 0% used [0x00000000d5f80000,0x00000000d5f80000,0x00000000dfb00000)
  from space 13312K, 53% used [0x00000000dfb00000,0x00000000e02051d8,0x00000000e0800000)
  to   space 12800K, 0% used [0x00000000e3e80000,0x00000000e3e80000,0x00000000e4b00000)
 ParOldGen       total 59392K, used 11286K [0x0000000081e00000, 0x0000000085800000, 0x00000000d5f80000)
  object space 59392K, 19% used [0x0000000081e00000,0x00000000829058b0,0x0000000085800000)
 Metaspace       used 33498K, capacity 35346K, committed 35416K, reserved 1079296K
  class space    used 4369K, capacity 4720K, committed 4736K, reserved 1048576K
Event: 3.719 GC heap after
Heap after GC invocations=11 (full 2):
 PSYoungGen      total 172544K, used 0K [0x00000000d5f80000, 0x00000000e4b00000, 0x0000000100000000)
  eden space 159232K, 0% used [0x00000000d5f80000,0x00000000d5f80000,0x00000000dfb00000)
  from space 13312K, 0% used [0x00000000dfb00000,0x00000000dfb00000,0x00000000e0800000)
  to   space 12800K, 0% used [0x00000000e3e80000,0x00000000e3e80000,0x00000000e4b00000)
 ParOldGen       total 79360K, used 12198K [0x0000000081e00000, 0x0000000086b80000, 0x00000000d5f80000)
  object space 79360K, 15% used [0x0000000081e00000,0x00000000829e9bc8,0x0000000086b80000)
 Metaspace       used 33498K, capacity 35346K, committed 35416K, reserved 1079296K
  class space    used 4369K, capacity 4720K, committed 4736K, reserved 1048576K
}
Event: 5.539 GC heap before
{Heap before GC invocations=12 (full 2):
 PSYoungGen      total 172544K, used 159232K [0x00000000d5f80000, 0x00000000e4b00000, 0x0000000100000000)
  eden space 159232K, 100% used [0x00000000d5f80000,0x00000000dfb00000,0x00000000dfb00000)
  from space 13312K, 0% used [0x00000000dfb00000,0x00000000dfb00000,0x00000000e0800000)
  to   space 12800K, 0% used [0x00000000e3e80000,0x00000000e3e80000,0x00000000e4b00000)
 ParOldGen       total 79360K, used 12198K [0x0000000081e00000, 0x0000000086b80000, 0x00000000d5f80000)
  object space 79360K, 15% used [0x0000000081e00000,0x00000000829e9bc8,0x0000000086b80000)
 Metaspace       used 51159K, capacity 53472K, committed 53848K, reserved 1095680K
  class space    used 7000K, capacity 7444K, committed 7552K, reserved 1048576K
Event: 5.557 GC heap after
Heap after GC invocations=12 (full 2):
 PSYoungGen      total 223744K, used 12795K [0x00000000d5f80000, 0x00000000e5100000, 0x0000000100000000)
  eden space 210944K, 0% used [0x00000000d5f80000,0x00000000d5f80000,0x00000000e2d80000)
  from space 12800K, 99% used [0x00000000e3e80000,0x00000000e4afefe0,0x00000000e4b00000)
  to   space 17408K, 0% used [0x00000000e2d80000,0x00000000e2d80000,0x00000000e3e80000)
 ParOldGen       total 79360K, used 19196K [0x0000000081e00000, 0x0000000086b80000, 0x00000000d5f80000)
  object space 79360K, 24% used [0x0000000081e00000,0x00000000830bf000,0x0000000086b80000)
 Metaspace       used 51159K, capacity 53472K, committed 53848K, reserved 1095680K
  class space    used 7000K, capacity 7444K, committed 7552K, reserved 1048576K
}

Deoptimization events (10 events):
Event: 5.881 Thread 0x000000001a604000 Uncommon trap: reason=class_check action=maybe_recompile pc=0x0000000002d443d0 method=sun.reflect.generics.reflectiveObjects.TypeVariableImpl.hashCode()I @ 4
Event: 5.881 Thread 0x000000001a604000 Uncommon trap: reason=class_check action=maybe_recompile pc=0x0000000002d443d0 method=sun.reflect.generics.reflectiveObjects.TypeVariableImpl.hashCode()I @ 4
Event: 5.881 Thread 0x000000001a604000 Uncommon trap: reason=class_check action=maybe_recompile pc=0x0000000002d443d0 method=sun.reflect.generics.reflectiveObjects.TypeVariableImpl.hashCode()I @ 4
Event: 5.881 Thread 0x000000001a604000 Uncommon trap: reason=class_check action=maybe_recompile pc=0x0000000002d443d0 method=sun.reflect.generics.reflectiveObjects.TypeVariableImpl.hashCode()I @ 4
Event: 5.977 Thread 0x000000001a604000 Uncommon trap: reason=unstable_if action=reinterpret pc=0x000000000305a438 method=java.util.concurrent.ConcurrentHashMap.transfer([Ljava/util/concurrent/ConcurrentHashMap$Node;[Ljava/util/concurrent/ConcurrentHashMap$Node;)V @ 356
Event: 6.009 Thread 0x000000001a604000 Uncommon trap: reason=unstable_if action=reinterpret pc=0x0000000003849510 method=org.springframework.core.annotation.TypeMappedAnnotations$IsPresent.doWithAnnotations(Ljava/lang/Object;ILjava/lang/Object;[Ljava/lang/annotation/Annotation;)Ljava/lang/Bool
Event: 6.009 Thread 0x000000001a604000 Uncommon trap: reason=unstable_if action=reinterpret pc=0x0000000003845a90 method=org.springframework.core.annotation.AnnotationsScanner.processClassHierarchy(Ljava/lang/Object;[ILjava/lang/Class;Lorg/springframework/core/annotation/AnnotationsProcessor;L
Event: 6.014 Thread 0x000000001a604000 Uncommon trap: reason=unstable_if action=reinterpret pc=0x0000000003841e58 method=org.springframework.core.annotation.AnnotationsScanner.isWithoutHierarchy(Ljava/lang/reflect/AnnotatedElement;Lorg/springframework/core/annotation/MergedAnnotations$SearchSt
Event: 6.020 Thread 0x000000001a604000 Uncommon trap: reason=unstable_if action=reinterpret pc=0x00000000031da704 method=java.io.WinNTFileSystem.isLetter(C)Z @ 3
Event: 6.029 Thread 0x000000001a604000 Uncommon trap: reason=unstable_if action=reinterpret pc=0x0000000003ad9f20 method=org.springframework.beans.factory.support.AbstractBeanFactory.isTypeMatch(Ljava/lang/String;Lorg/springframework/core/ResolvableType;Z)Z @ 34

Classes redefined (0 events):
No events

Internal exceptions (10 events):
Event: 5.788 Thread 0x000000001a604000 Exception <a 'java/lang/ClassNotFoundException': org/springframework/web/servlet/config/annotation/WebMvcConfigurationSupportCustomizer> (0x00000000d7985868) thrown at [C:\re\workspace\8-2-build-windows-amd64-cygwin\jdk8u201\12322\hotspot\src\share\vm\cla
Event: 5.788 Thread 0x000000001a604000 Exception <a 'java/lang/ClassNotFoundException': org/springframework/web/servlet/config/annotation/DelegatingWebMvcConfigurationCustomizer> (0x00000000d79bc970) thrown at [C:\re\workspace\8-2-build-windows-amd64-cygwin\jdk8u201\12322\hotspot\src\share\vm\
Event: 5.789 Thread 0x000000001a604000 Exception <a 'java/lang/ClassNotFoundException': org/springframework/boot/autoconfigure/web/servlet/WebMvcAutoConfiguration$EnableWebMvcConfigurationCustomizer> (0x00000000d79e9f58) thrown at [C:\re\workspace\8-2-build-windows-amd64-cygwin\jdk8u201\12322\
Event: 5.790 Thread 0x000000001a604000 Exception <a 'java/lang/ClassNotFoundException': org/springframework/context/ResourceLoaderAwareCustomizer> (0x00000000d7a13998) thrown at [C:\re\workspace\8-2-build-windows-amd64-cygwin\jdk8u201\12322\hotspot\src\share\vm\classfile\systemDictionary.cpp, 
Event: 5.790 Thread 0x000000001a604000 Exception <a 'java/lang/ClassNotFoundException': org/springframework/beans/factory/AwareCustomizer> (0x00000000d7a2aac8) thrown at [C:\re\workspace\8-2-build-windows-amd64-cygwin\jdk8u201\12322\hotspot\src\share\vm\classfile\systemDictionary.cpp, line 210
Event: 5.791 Thread 0x000000001a604000 Exception <a 'java/lang/ClassNotFoundException': org/springframework/context/ApplicationContextAwareCustomizer> (0x00000000d7a447d0) thrown at [C:\re\workspace\8-2-build-windows-amd64-cygwin\jdk8u201\12322\hotspot\src\share\vm\classfile\systemDictionary.c
Event: 5.791 Thread 0x000000001a604000 Exception <a 'java/lang/ClassNotFoundException': org/springframework/beans/factory/AwareCustomizer> (0x00000000d7a5bf08) thrown at [C:\re\workspace\8-2-build-windows-amd64-cygwin\jdk8u201\12322\hotspot\src\share\vm\classfile\systemDictionary.cpp, line 210
Event: 5.791 Thread 0x000000001a604000 Exception <a 'java/lang/ClassNotFoundException': org/springframework/web/context/ServletContextAwareCustomizer> (0x00000000d7a75bc0) thrown at [C:\re\workspace\8-2-build-windows-amd64-cygwin\jdk8u201\12322\hotspot\src\share\vm\classfile\systemDictionary.c
Event: 5.792 Thread 0x000000001a604000 Exception <a 'java/lang/ClassNotFoundException': org/springframework/beans/factory/AwareCustomizer> (0x00000000d7a8cd68) thrown at [C:\re\workspace\8-2-build-windows-amd64-cygwin\jdk8u201\12322\hotspot\src\share\vm\classfile\systemDictionary.cpp, line 210
Event: 6.033 Thread 0x000000001a604000 Exception <a 'java/lang/IncompatibleClassChangeError': Found class java.lang.Object, but interface was expected> (0x00000000d9172758) thrown at [C:\re\workspace\8-2-build-windows-amd64-cygwin\jdk8u201\12322\hotspot\src\share\vm\interpreter\linkResolver.cp

Events (10 events):
Event: 6.142 loading class org/springframework/boot/actuate/autoconfigure/endpoint/EndpointIdTimeToLivePropertyFunction
Event: 6.142 loading class org/springframework/boot/actuate/autoconfigure/endpoint/EndpointIdTimeToLivePropertyFunction done
Event: 6.142 loading class org/springframework/boot/actuate/endpoint/invoke/OperationParameters
Event: 6.142 loading class org/springframework/boot/actuate/endpoint/invoke/OperationParameters done
Event: 6.146 loading class org/springframework/boot/actuate/endpoint/web/annotation/RequestPredicateFactory
Event: 6.146 loading class org/springframework/boot/actuate/endpoint/web/annotation/RequestPredicateFactory done
Event: 6.152 loading class org/springframework/boot/actuate/endpoint/EndpointsSupplier
Event: 6.152 loading class org/springframework/boot/actuate/endpoint/EndpointsSupplier done
Event: 6.152 loading class org/springframework/boot/actuate/endpoint/ExposableEndpoint
Event: 6.152 loading class org/springframework/boot/actuate/endpoint/ExposableEndpoint done


Dynamic libraries:
0x00007ff7ed9f0000 - 0x00007ff7eda27000 	C:\Program Files\Java\jdk1.8.0_201\bin\java.exe
0x00007ffd4ff20000 - 0x00007ffd5010d000 	C:\WINDOWS\SYSTEM32\ntdll.dll
0x00007ffd4f440000 - 0x00007ffd4f4f3000 	C:\WINDOWS\System32\KERNEL32.DLL
0x00007ffd4c430000 - 0x00007ffd4c6c5000 	C:\WINDOWS\System32\KERNELBASE.dll
0x00007ffd4fe30000 - 0x00007ffd4fed3000 	C:\WINDOWS\System32\ADVAPI32.dll
0x00007ffd4ecf0000 - 0x00007ffd4ed8e000 	C:\WINDOWS\System32\msvcrt.dll
0x00007ffd4e720000 - 0x00007ffd4e7be000 	C:\WINDOWS\System32\sechost.dll
0x00007ffd4ebc0000 - 0x00007ffd4ece2000 	C:\WINDOWS\System32\RPCRT4.dll
0x00007ffd4f500000 - 0x00007ffd4f697000 	C:\WINDOWS\System32\USER32.dll
0x00007ffd4d1e0000 - 0x00007ffd4d200000 	C:\WINDOWS\System32\win32u.dll
0x00007ffd4f980000 - 0x00007ffd4f9a9000 	C:\WINDOWS\System32\GDI32.dll
0x00007ffd4c0c0000 - 0x00007ffd4c25a000 	C:\WINDOWS\System32\gdi32full.dll
0x00007ffd4c340000 - 0x00007ffd4c3e0000 	C:\WINDOWS\System32\msvcp_win.dll
0x00007ffd4c990000 - 0x00007ffd4ca8a000 	C:\WINDOWS\System32\ucrtbase.dll
0x00007ffd40450000 - 0x00007ffd406c9000 	C:\WINDOWS\WinSxS\amd64_microsoft.windows.common-controls_6595b64144ccf1df_6.0.17763.1282_none_de75b6f253473c0f\COMCTL32.dll
0x00007ffd4ef40000 - 0x00007ffd4f26c000 	C:\WINDOWS\System32\combase.dll
0x00007ffd4c2c0000 - 0x00007ffd4c33e000 	C:\WINDOWS\System32\bcryptPrimitives.dll
0x00007ffd4f770000 - 0x00007ffd4f79e000 	C:\WINDOWS\System32\IMM32.DLL
0x0000000072e00000 - 0x0000000072ed1000 	C:\Program Files\Java\jdk1.8.0_201\jre\bin\msvcr100.dll
0x0000000072550000 - 0x0000000072df4000 	C:\Program Files\Java\jdk1.8.0_201\jre\bin\server\jvm.dll
0x00007ffd4f960000 - 0x00007ffd4f968000 	C:\WINDOWS\System32\PSAPI.DLL
0x00007ffd4a270000 - 0x00007ffd4a279000 	C:\WINDOWS\SYSTEM32\WSOCK32.dll
0x00007ffd4a190000 - 0x00007ffd4a1b4000 	C:\WINDOWS\SYSTEM32\WINMM.dll
0x00007ffd4ea50000 - 0x00007ffd4eabd000 	C:\WINDOWS\System32\WS2_32.dll
0x00007ffd458e0000 - 0x00007ffd458ea000 	C:\WINDOWS\SYSTEM32\VERSION.dll
0x00007ffd4a040000 - 0x00007ffd4a06d000 	C:\WINDOWS\SYSTEM32\WINMMBASE.dll
0x00007ffd4c3e0000 - 0x00007ffd4c42a000 	C:\WINDOWS\System32\cfgmgr32.dll
0x00007ffd4a260000 - 0x00007ffd4a26f000 	C:\Program Files\Java\jdk1.8.0_201\jre\bin\verify.dll
0x00007ffd48860000 - 0x00007ffd48889000 	C:\Program Files\Java\jdk1.8.0_201\jre\bin\java.dll
0x00007ffd43ae0000 - 0x00007ffd43b03000 	C:\Program Files\Java\jdk1.8.0_201\jre\bin\instrument.dll
0x00007ffd447d0000 - 0x00007ffd447e6000 	C:\Program Files\Java\jdk1.8.0_201\jre\bin\zip.dll
0x00007ffd4d220000 - 0x00007ffd4e718000 	C:\WINDOWS\System32\SHELL32.dll
0x00007ffd4f7a0000 - 0x00007ffd4f848000 	C:\WINDOWS\System32\shcore.dll
0x00007ffd4ca90000 - 0x00007ffd4d1df000 	C:\WINDOWS\System32\windows.storage.dll
0x00007ffd4c090000 - 0x00007ffd4c0b4000 	C:\WINDOWS\System32\profapi.dll
0x00007ffd4bff0000 - 0x00007ffd4c04d000 	C:\WINDOWS\System32\powrprof.dll
0x00007ffd4f270000 - 0x00007ffd4f2c2000 	C:\WINDOWS\System32\shlwapi.dll
0x00007ffd4c050000 - 0x00007ffd4c061000 	C:\WINDOWS\System32\kernel.appcore.dll
0x00007ffd4d200000 - 0x00007ffd4d217000 	C:\WINDOWS\System32\cryptsp.dll
0x00007ffd43ac0000 - 0x00007ffd43ada000 	C:\Program Files\JetBrains\IntelliJ IDEA Community Edition 2018.3.5\bin\breakgen64.dll
0x00007ffd43a70000 - 0x00007ffd43a8a000 	C:\Program Files\Java\jdk1.8.0_201\jre\bin\net.dll
0x00007ffd42970000 - 0x00007ffd42b47000 	C:\WINDOWS\SYSTEM32\urlmon.dll
0x00007ffd41310000 - 0x00007ffd415b8000 	C:\WINDOWS\SYSTEM32\iertutil.dll
0x00007ffd4b920000 - 0x00007ffd4b92c000 	C:\WINDOWS\SYSTEM32\CRYPTBASE.DLL
0x00007ffd4b7a0000 - 0x00007ffd4b807000 	C:\WINDOWS\system32\mswsock.dll
0x00007ffd48b80000 - 0x00007ffd48b8d000 	C:\Program Files\Java\jdk1.8.0_201\jre\bin\management.dll
0x00007ffd3dac0000 - 0x00007ffd3dad6000 	C:\WINDOWS\system32\napinsp.dll
0x00007ffd3da60000 - 0x00007ffd3da7a000 	C:\WINDOWS\system32\pnrpnsp.dll
0x00007ffd4b510000 - 0x00007ffd4b5d7000 	C:\WINDOWS\SYSTEM32\DNSAPI.dll
0x00007ffd4f970000 - 0x00007ffd4f978000 	C:\WINDOWS\System32\NSI.dll
0x00007ffd4b4d0000 - 0x00007ffd4b50d000 	C:\WINDOWS\SYSTEM32\IPHLPAPI.DLL
0x00007ffd3dd90000 - 0x00007ffd3dd9e000 	C:\WINDOWS\System32\winrnr.dll
0x00007ffd487e0000 - 0x00007ffd487fb000 	C:\WINDOWS\system32\NLAapi.dll
0x00007ffd45ae0000 - 0x00007ffd45af5000 	C:\WINDOWS\system32\wshbth.dll
0x0000000073810000 - 0x0000000073836000 	C:\Program Files\Bonjour\mdnsNSP.dll
0x00007ffd42dc0000 - 0x00007ffd42dca000 	C:\Windows\System32\rasadhlp.dll
0x00007ffd44100000 - 0x00007ffd44179000 	C:\WINDOWS\System32\fwpuclnt.dll
0x00007ffd4c960000 - 0x00007ffd4c986000 	C:\WINDOWS\System32\bcrypt.dll
0x00007ffd436c0000 - 0x00007ffd436d1000 	C:\Program Files\Java\jdk1.8.0_201\jre\bin\nio.dll
0x00007ffd4b330000 - 0x00007ffd4b363000 	C:\WINDOWS\system32\rsaenh.dll
0x00007ffd4bee0000 - 0x00007ffd4bf08000 	C:\WINDOWS\SYSTEM32\USERENV.dll
0x00007ffd46dc0000 - 0x00007ffd46dd6000 	C:\WINDOWS\SYSTEM32\dhcpcsvc6.DLL
0x00007ffd46d50000 - 0x00007ffd46d6c000 	C:\WINDOWS\SYSTEM32\dhcpcsvc.DLL

VM Arguments:
jvm_args: -javaagent:C:\Program Files\JetBrains\IntelliJ IDEA Community Edition 2018.3.5\lib\idea_rt.jar=56513:C:\Program Files\JetBrains\IntelliJ IDEA Community Edition 2018.3.5\bin -Dfile.encoding=UTF-8 
java_command: com.majority.contactbookapi.ContactBookApiApplication
java_class_path (initial): C:\Program Files\Java\jdk1.8.0_201\jre\lib\charsets.jar;C:\Program Files\Java\jdk1.8.0_201\jre\lib\deploy.jar;C:\Program Files\Java\jdk1.8.0_201\jre\lib\ext\access-bridge-64.jar;C:\Program Files\Java\jdk1.8.0_201\jre\lib\ext\cldrdata.jar;C:\Program Files\Java\jdk1.8.0_201\jre\lib\ext\dnsns.jar;C:\Program Files\Java\jdk1.8.0_201\jre\lib\ext\jaccess.jar;C:\Program Files\Java\jdk1.8.0_201\jre\lib\ext\jfxrt.jar;C:\Program Files\Java\jdk1.8.0_201\jre\lib\ext\localedata.jar;C:\Program Files\Java\jdk1.8.0_201\jre\lib\ext\nashorn.jar;C:\Program Files\Java\jdk1.8.0_201\jre\lib\ext\sunec.jar;C:\Program Files\Java\jdk1.8.0_201\jre\lib\ext\sunjce_provider.jar;C:\Program Files\Java\jdk1.8.0_201\jre\lib\ext\sunmscapi.jar;C:\Program Files\Java\jdk1.8.0_201\jre\lib\ext\sunpkcs11.jar;C:\Program Files\Java\jdk1.8.0_201\jre\lib\ext\zipfs.jar;C:\Program Files\Java\jdk1.8.0_201\jre\lib\javaws.jar;C:\Program Files\Java\jdk1.8.0_201\jre\lib\jce.jar;C:\Program Files\Java\jdk1.8.0_201\jre\lib\jfr.jar;C:\Program Files\Java\jdk1.8.0_201\jre\lib\jfxswt.jar;C:\Program Files\Java\jdk1.8.0_201\jre\lib\jsse.jar;C:\Program Files\Java\jdk1.8.0_201\jre\lib\management-agent.jar;C:\Program Files\Java\jdk1.8.0_201\jre\lib\plugin.jar;C:\Program Files\Java\jdk1.8.0_201\jre\lib\resources.jar;C:\Program Files\Java\jdk1.8.0_201\jre\lib\rt.jar;C:\Users\lucas\Documents\Projetos\contact-book\target\classes;C:\Users\lucas\.m2\repository\org\springframework\boot\spring-boot-starter-data-jpa\2.2.7.RELEASE\spring-boot-starter-data-jpa-2.2.7.RELEASE.jar;C:\Users\lucas\.m2\repository\org\springframework\boot\spring-boot-starter-aop\2.2.7.RELEASE\spring-boot-starter-aop-2.2.7.RELEASE.jar;C:\Users\lucas\.m2\repository\org\springframework\spring-aop\5.2.6.RELEASE\spring-aop-5.2.6.RELEASE.jar;C:\Users\lucas\.m2\repository\org\aspectj\aspectjweaver\1.9.5\aspectjweaver-1.9.5.jar;C:\Users\lucas\.m2\repository\org\springframework\boot\spring-boot-starter-jdbc\2.2.7.RELEASE\spring-boot-starter-jdb
Launcher Type: SUN_STANDARD

Environment Variables:
JAVA_HOME=C:\Program Files\Java\jdk1.8.0_201
PATH=C:\python3\Scripts\;C:\python3\;C:\Program Files (x86)\Common Files\Oracle\Java\javapath;C:\Windows\system32;C:\Windows;C:\Windows\System32\Wbem;C:\Windows\System32\WindowsPowerShell\v1.0\;C:\Program Files\NVIDIA Corporation\NVIDIA NvDLISR;C:\Program Files (x86)\NVIDIA Corporation\PhysX\Common;C:\WINDOWS\system32;C:\WINDOWS;C:\WINDOWS\System32\Wbem;C:\WINDOWS\System32\WindowsPowerShell\v1.0\;C:\WINDOWS\System32\OpenSSH\;C:\Program Files\Git\cmd;C:\Program Files\IBM\Cloud\bin;C:\apache-maven-3.6.1\bin;C:\Program Files\Java\jdk1.8.0_201;C:\Program Files\nodejs\;C:\Program Files\Docker\Docker\resources\bin;C:\ProgramData\DockerDesktop\version-bin;C:\Users\lucas\AppData\Local\Microsoft\WindowsApps;;C:\Users\lucas\AppData\Local\Programs\Microsoft VS Code\bin;C:\Users\lucas\AppData\Roaming\npm
USERNAME=lucas
OS=Windows_NT
PROCESSOR_IDENTIFIER=Intel64 Family 6 Model 58 Stepping 9, GenuineIntel



---------------  S Y S T E M  ---------------

OS: Windows 10.0 , 64 bit Build 17763 (10.0.17763.1158)

CPU:total 4 (initial active 4) (4 cores per cpu, 1 threads per core) family 6 model 58 stepping 9, cmov, cx8, fxsr, mmx, sse, sse2, sse3, ssse3, sse4.1, sse4.2, popcnt, avx, aes, clmul, erms, tsc, tscinvbit, tscinv

Memory: 4k page, physical 8260664k(1041352k free), swap 8260664k(5156k free)

vm_info: Java HotSpot(TM) 64-Bit Server VM (25.201-b09) for windows-amd64 JRE (1.8.0_201-b09), built on Dec 15 2018 18:36:39 by "java_re" with MS VC++ 10.0 (VS2010)

time: Sun Jun 28 04:01:19 2020
timezone: Hora oficial do Brasil
elapsed time: 6 seconds (0d 0h 0m 6s)

