#
# There is insufficient memory for the Java Runtime Environment to continue.
# Native memory allocation (malloc) failed to allocate 933536 bytes for Chunk::new
# Possible reasons:
#   The system is out of physical RAM or swap space
#   The process is running with CompressedOops enabled, and the Java Heap may be blocking the growth of the native heap
# Possible solutions:
#   Reduce memory load on the system
#   Increase physical memory or swap space
#   Check if swap backing store is full
#   Decrease Java heap size (-Xmx/-Xms)
#   Decrease number of Java threads
#   Decrease Java thread stack sizes (-Xss)
#   Set larger code cache with -XX:ReservedCodeCacheSize=
#   JVM is running with Unscaled Compressed Oops mode in which the Java heap is
#     placed in the first 4GB address space. The Java Heap base address is the
#     maximum limit for the native heap growth. Please use -XX:HeapBaseMinAddress
#     to set the Java Heap base and to place the Java Heap above 4GB virtual address.
# This output file may be truncated or incomplete.
#
#  Out of Memory Error (allocation.cpp:390), pid=5352, tid=0x0000000000001764
#
# JRE version: Java(TM) SE Runtime Environment (8.0_201-b09) (build 1.8.0_201-b09)
# Java VM: Java HotSpot(TM) 64-Bit Server VM (25.201-b09 mixed mode windows-amd64 compressed oops)
# Failed to write core dump. Minidumps are not enabled by default on client versions of Windows
#

---------------  T H R E A D  ---------------

Current thread (0x000000001958b000):  JavaThread "C2 CompilerThread0" daemon [_thread_in_native, id=5988, stack(0x00000000197c0000,0x00000000198c0000)]

Stack: [0x00000000197c0000,0x00000000198c0000]
[error occurred during error reporting (printing stack bounds), id 0xc0000005]

Native frames: (J=compiled Java code, j=interpreted, Vv=VM code, C=native code)


Current CompileTask:
C2:   4547 3442       4       java.net.URLClassLoader$1::run (5 bytes)


---------------  P R O C E S S  ---------------

Java Threads: ( => current thread )
  0x000000001b31d800 JavaThread "HikariPool-1 connection adder" daemon [_thread_in_Java, id=10264, stack(0x0000000022020000,0x0000000022120000)]
  0x000000001b31c800 JavaThread "HikariPool-1 housekeeper" daemon [_thread_blocked, id=6880, stack(0x0000000021d20000,0x0000000021e20000)]
  0x000000001b320800 JavaThread "Abandoned connection cleanup thread" daemon [_thread_blocked, id=6904, stack(0x0000000021520000,0x0000000021620000)]
  0x000000001b31f000 JavaThread "container-0" [_thread_blocked, id=6520, stack(0x0000000021420000,0x0000000021520000)]
  0x000000001b31b000 JavaThread "Catalina-utility-2" [_thread_blocked, id=11636, stack(0x0000000021320000,0x0000000021420000)]
  0x000000001b31c000 JavaThread "Catalina-utility-1" [_thread_blocked, id=9220, stack(0x000000001edd0000,0x000000001eed0000)]
  0x000000001a1d8000 JavaThread "restartedMain" [_thread_in_vm, id=5716, stack(0x000000001b6f0000,0x000000001b7f0000)]
  0x000000001a1d6800 JavaThread "Thread-0" [_thread_blocked, id=2732, stack(0x000000001b5f0000,0x000000001b6f0000)]
  0x00000000196a6800 JavaThread "Service Thread" daemon [_thread_blocked, id=11784, stack(0x0000000019ac0000,0x0000000019bc0000)]
  0x0000000019674800 JavaThread "C1 CompilerThread2" daemon [_thread_blocked, id=8544, stack(0x00000000199c0000,0x0000000019ac0000)]
  0x0000000019589000 JavaThread "C2 CompilerThread1" daemon [_thread_in_native, id=3156, stack(0x00000000198c0000,0x00000000199c0000)]
=>0x000000001958b000 JavaThread "C2 CompilerThread0" daemon [_thread_in_native, id=5988, stack(0x00000000197c0000,0x00000000198c0000)]
  0x00000000195c3000 JavaThread "Monitor Ctrl-Break" daemon [_thread_in_native, id=11360, stack(0x00000000196c0000,0x00000000197c0000)]
  0x0000000017b5e800 JavaThread "Attach Listener" daemon [_thread_blocked, id=11524, stack(0x00000000191c0000,0x00000000192c0000)]
  0x0000000017b5d000 JavaThread "Signal Dispatcher" daemon [_thread_blocked, id=1152, stack(0x00000000190c0000,0x00000000191c0000)]
  0x0000000017b40800 JavaThread "Finalizer" daemon [_thread_blocked, id=7624, stack(0x0000000018db0000,0x0000000018eb0000)]
  0x0000000003028000 JavaThread "Reference Handler" daemon [_thread_blocked, id=248, stack(0x0000000018cb0000,0x0000000018db0000)]
  0x0000000002f36800 JavaThread "main" [_thread_blocked, id=1988, stack(0x0000000002d00000,0x0000000002e00000)]

Other Threads:
  0x0000000017b17800 VMThread [stack: 0x0000000018bb0000,0x0000000018cb0000] [id=7900]
  0x00000000196be800 WatcherThread [stack: 0x000000001a3c0000,0x000000001a4c0000] [id=2796]

VM state:not at safepoint (normal execution)

VM Mutex/Monitor currently owned by a thread: None

heap address: 0x0000000081e00000, size: 2018 MB, Compressed Oops mode: 32-bit
Narrow klass base: 0x0000000000000000, Narrow klass shift: 3
Compressed class space size: 1073741824 Address: 0x0000000100000000

Heap:
 PSYoungGen      total 330240K, used 16209K [0x00000000d5f80000, 0x00000000eb480000, 0x0000000100000000)
  eden space 322560K, 5% used [0x00000000d5f80000,0x00000000d6f54610,0x00000000e9a80000)
  from space 7680K, 0% used [0x00000000ead00000,0x00000000ead00000,0x00000000eb480000)
  to   space 11776K, 0% used [0x00000000e9d80000,0x00000000e9d80000,0x00000000ea900000)
 ParOldGen       total 68096K, used 17869K [0x0000000081e00000, 0x0000000086080000, 0x00000000d5f80000)
  object space 68096K, 26% used [0x0000000081e00000,0x0000000082f737c8,0x0000000086080000)
 Metaspace       used 41564K, capacity 43484K, committed 43772K, reserved 1089536K
  class space    used 5531K, capacity 5843K, committed 5884K, reserved 1048576K

Card table byte_map: [0x00000000123f0000,0x00000000127f0000] byte_map_base: 0x0000000011fe1000

Marking Bits: (ParMarkBitMap*) 0x0000000058814ce0
 Begin Bits: [0x0000000012ea0000, 0x0000000014e28000)
 End Bits:   [0x0000000014e28000, 0x0000000016db0000)

Polling page: 0x0000000000bf0000

CodeCache: size=245760Kb used=12371Kb max_used=12377Kb free=233388Kb
 bounds [0x0000000003030000, 0x0000000003c50000, 0x0000000012030000]
 total_blobs=3929 nmethods=3442 adapters=398
 compilation: enabled

Compilation events (10 events):
Event: 4.538 Thread 0x0000000019674800 3461       3       com.mysql.jdbc.util.ReadAheadInputStream::read (54 bytes)
Event: 4.539 Thread 0x0000000019674800 nmethod 3461 0x0000000003c37050 code [0x0000000003c371e0, 0x0000000003c37598]
Event: 4.539 Thread 0x0000000019674800 3462       3       com.mysql.jdbc.RowDataStatic::size (10 bytes)
Event: 4.539 Thread 0x0000000019674800 nmethod 3462 0x0000000003c36bd0 code [0x0000000003c36d40, 0x0000000003c36f68]
Event: 4.540 Thread 0x0000000019589000 3463       4       java.security.CodeSource::hashCode (17 bytes)
Event: 4.541 Thread 0x0000000019589000 nmethod 3463 0x0000000003c47c10 code [0x0000000003c47d60, 0x0000000003c481a8]
Event: 4.543 Thread 0x0000000019674800 3464       3       java.net.SocketInputStream::available (8 bytes)
Event: 4.543 Thread 0x0000000019674800 nmethod 3464 0x0000000003c4af10 code [0x0000000003c4b080, 0x0000000003c4b288]
Event: 4.543 Thread 0x0000000019674800 3465  s!   3       java.net.AbstractPlainSocketImpl::available (82 bytes)
Event: 4.543 Thread 0x0000000019674800 nmethod 3465 0x0000000003c49e50 code [0x0000000003c4a060, 0x0000000003c4ac28]

GC Heap History (10 events):
Event: 3.452 GC heap before
{Heap before GC invocations=9 (full 1):
 PSYoungGen      total 142848K, used 141465K [0x00000000d5f80000, 0x00000000e5b00000, 0x0000000100000000)
  eden space 133120K, 100% used [0x00000000d5f80000,0x00000000de180000,0x00000000de180000)
  from space 9728K, 85% used [0x00000000de180000,0x00000000de9a6658,0x00000000deb00000)
  to   space 10240K, 0% used [0x00000000e5100000,0x00000000e5100000,0x00000000e5b00000)
 ParOldGen       total 47616K, used 4833K [0x0000000081e00000, 0x0000000084c80000, 0x00000000d5f80000)
  object space 47616K, 10% used [0x0000000081e00000,0x00000000822b8650,0x0000000084c80000)
 Metaspace       used 31713K, capacity 33456K, committed 33660K, reserved 1079296K
  class space    used 4120K, capacity 4409K, committed 4476K, reserved 1048576K
Event: 3.459 GC heap after
Heap after GC invocations=9 (full 1):
 PSYoungGen      total 240640K, used 9328K [0x00000000d5f80000, 0x00000000e5a80000, 0x0000000100000000)
  eden space 230912K, 0% used [0x00000000d5f80000,0x00000000d5f80000,0x00000000e4100000)
  from space 9728K, 95% used [0x00000000e5100000,0x00000000e5a1c3c0,0x00000000e5a80000)
  to   space 11264K, 0% used [0x00000000e4480000,0x00000000e4480000,0x00000000e4f80000)
 ParOldGen       total 47616K, used 4841K [0x0000000081e00000, 0x0000000084c80000, 0x00000000d5f80000)
  object space 47616K, 10% used [0x0000000081e00000,0x00000000822ba650,0x0000000084c80000)
 Metaspace       used 31713K, capacity 33456K, committed 33660K, reserved 1079296K
  class space    used 4120K, capacity 4409K, committed 4476K, reserved 1048576K
}
Event: 3.740 GC heap before
{Heap before GC invocations=10 (full 1):
 PSYoungGen      total 240640K, used 39951K [0x00000000d5f80000, 0x00000000e5a80000, 0x0000000100000000)
  eden space 230912K, 13% used [0x00000000d5f80000,0x00000000d7d67a30,0x00000000e4100000)
  from space 9728K, 95% used [0x00000000e5100000,0x00000000e5a1c3c0,0x00000000e5a80000)
  to   space 11264K, 0% used [0x00000000e4480000,0x00000000e4480000,0x00000000e4f80000)
 ParOldGen       total 47616K, used 4841K [0x0000000081e00000, 0x0000000084c80000, 0x00000000d5f80000)
  object space 47616K, 10% used [0x0000000081e00000,0x00000000822ba650,0x0000000084c80000)
 Metaspace       used 34178K, capacity 35976K, committed 36048K, reserved 1081344K
  class space    used 4401K, capacity 4723K, committed 4732K, reserved 1048576K
Event: 3.749 GC heap after
Heap after GC invocations=10 (full 1):
 PSYoungGen      total 245760K, used 8499K [0x00000000d5f80000, 0x00000000eb880000, 0x0000000100000000)
  eden space 234496K, 0% used [0x00000000d5f80000,0x00000000d5f80000,0x00000000e4480000)
  from space 11264K, 75% used [0x00000000e4480000,0x00000000e4ccce58,0x00000000e4f80000)
  to   space 11776K, 0% used [0x00000000ead00000,0x00000000ead00000,0x00000000eb880000)
 ParOldGen       total 47616K, used 4849K [0x0000000081e00000, 0x0000000084c80000, 0x00000000d5f80000)
  object space 47616K, 10% used [0x0000000081e00000,0x00000000822bc650,0x0000000084c80000)
 Metaspace       used 34178K, capacity 35976K, committed 36048K, reserved 1081344K
  class space    used 4401K, capacity 4723K, committed 4732K, reserved 1048576K
}
Event: 3.749 GC heap before
{Heap before GC invocations=11 (full 2):
 PSYoungGen      total 245760K, used 8499K [0x00000000d5f80000, 0x00000000eb880000, 0x0000000100000000)
  eden space 234496K, 0% used [0x00000000d5f80000,0x00000000d5f80000,0x00000000e4480000)
  from space 11264K, 75% used [0x00000000e4480000,0x00000000e4ccce58,0x00000000e4f80000)
  to   space 11776K, 0% used [0x00000000ead00000,0x00000000ead00000,0x00000000eb880000)
 ParOldGen       total 47616K, used 4849K [0x0000000081e00000, 0x0000000084c80000, 0x00000000d5f80000)
  object space 47616K, 10% used [0x0000000081e00000,0x00000000822bc650,0x0000000084c80000)
 Metaspace       used 34178K, capacity 35976K, committed 36048K, reserved 1081344K
  class space    used 4401K, capacity 4723K, committed 4732K, reserved 1048576K
Event: 3.812 GC heap after
Heap after GC invocations=11 (full 2):
 PSYoungGen      total 245760K, used 0K [0x00000000d5f80000, 0x00000000eb880000, 0x0000000100000000)
  eden space 234496K, 0% used [0x00000000d5f80000,0x00000000d5f80000,0x00000000e4480000)
  from space 11264K, 0% used [0x00000000e4480000,0x00000000e4480000,0x00000000e4f80000)
  to   space 11776K, 0% used [0x00000000ead00000,0x00000000ead00000,0x00000000eb880000)
 ParOldGen       total 68096K, used 12616K [0x0000000081e00000, 0x0000000086080000, 0x00000000d5f80000)
  object space 68096K, 18% used [0x0000000081e00000,0x0000000082a52040,0x0000000086080000)
 Metaspace       used 34178K, capacity 35976K, committed 36048K, reserved 1081344K
  class space    used 4401K, capacity 4723K, committed 4732K, reserved 1048576K
}
Event: 4.352 GC heap before
{Heap before GC invocations=12 (full 2):
 PSYoungGen      total 245760K, used 52510K [0x00000000d5f80000, 0x00000000eb880000, 0x0000000100000000)
  eden space 234496K, 22% used [0x00000000d5f80000,0x00000000d92c7b38,0x00000000e4480000)
  from space 11264K, 0% used [0x00000000e4480000,0x00000000e4480000,0x00000000e4f80000)
  to   space 11776K, 0% used [0x00000000ead00000,0x00000000ead00000,0x00000000eb880000)
 ParOldGen       total 68096K, used 12616K [0x0000000081e00000, 0x0000000086080000, 0x00000000d5f80000)
  object space 68096K, 18% used [0x0000000081e00000,0x0000000082a52040,0x0000000086080000)
 Metaspace       used 40840K, capacity 42724K, committed 42876K, reserved 1091584K
  class space    used 5404K, capacity 5743K, committed 5756K, reserved 1048576K
Event: 4.357 GC heap after
Heap after GC invocations=12 (full 2):
 PSYoungGen      total 330240K, used 7330K [0x00000000d5f80000, 0x00000000eb480000, 0x0000000100000000)
  eden space 322560K, 0% used [0x00000000d5f80000,0x00000000d5f80000,0x00000000e9a80000)
  from space 7680K, 95% used [0x00000000ead00000,0x00000000eb428ba0,0x00000000eb480000)
  to   space 11776K, 0% used [0x00000000e9d80000,0x00000000e9d80000,0x00000000ea900000)
 ParOldGen       total 68096K, used 12624K [0x0000000081e00000, 0x0000000086080000, 0x00000000d5f80000)
  object space 68096K, 18% used [0x0000000081e00000,0x0000000082a54040,0x0000000086080000)
 Metaspace       used 40840K, capacity 42724K, committed 42876K, reserved 1091584K
  class space    used 5404K, capacity 5743K, committed 5756K, reserved 1048576K
}
Event: 4.357 GC heap before
{Heap before GC invocations=13 (full 3):
 PSYoungGen      total 330240K, used 7330K [0x00000000d5f80000, 0x00000000eb480000, 0x0000000100000000)
  eden space 322560K, 0% used [0x00000000d5f80000,0x00000000d5f80000,0x00000000e9a80000)
  from space 7680K, 95% used [0x00000000ead00000,0x00000000eb428ba0,0x00000000eb480000)
  to   space 11776K, 0% used [0x00000000e9d80000,0x00000000e9d80000,0x00000000ea900000)
 ParOldGen       total 68096K, used 12624K [0x0000000081e00000, 0x0000000086080000, 0x00000000d5f80000)
  object space 68096K, 18% used [0x0000000081e00000,0x0000000082a54040,0x0000000086080000)
 Metaspace       used 40840K, capacity 42724K, committed 42876K, reserved 1091584K
  class space    used 5404K, capacity 5743K, committed 5756K, reserved 1048576K
Event: 4.443 GC heap after
Heap after GC invocations=13 (full 3):
 PSYoungGen      total 330240K, used 0K [0x00000000d5f80000, 0x00000000eb480000, 0x0000000100000000)
  eden space 322560K, 0% used [0x00000000d5f80000,0x00000000d5f80000,0x00000000e9a80000)
  from space 7680K, 0% used [0x00000000ead00000,0x00000000ead00000,0x00000000eb480000)
  to   space 11776K, 0% used [0x00000000e9d80000,0x00000000e9d80000,0x00000000ea900000)
 ParOldGen       total 68096K, used 17869K [0x0000000081e00000, 0x0000000086080000, 0x00000000d5f80000)
  object space 68096K, 26% used [0x0000000081e00000,0x0000000082f737c8,0x0000000086080000)
 Metaspace       used 40840K, capacity 42724K, committed 42876K, reserved 1089536K
  class space    used 5404K, capacity 5743K, committed 5756K, reserved 1048576K
}

Deoptimization events (10 events):
Event: 3.687 Thread 0x000000001a1d8000 Uncommon trap: reason=unstable_if action=reinterpret pc=0x0000000003483780 method=java.net.URL.<init>(Ljava/net/URL;Ljava/lang/String;Ljava/net/URLStreamHandler;)V @ 57
Event: 3.687 Thread 0x000000001a1d8000 Uncommon trap: reason=unstable_if action=reinterpret pc=0x0000000003ae3a14 method=java.net.URLStreamHandler.parseURL(Ljava/net/URL;Ljava/lang/String;II)V @ 57
Event: 3.962 Thread 0x000000001a1d8000 Uncommon trap: reason=bimorphic action=maybe_recompile pc=0x000000000350b1d8 method=java.lang.ClassLoader.loadClass(Ljava/lang/String;Z)Ljava/lang/Class; @ 70
Event: 3.962 Thread 0x000000001a1d8000 Uncommon trap: reason=bimorphic action=maybe_recompile pc=0x000000000350b1d8 method=java.lang.ClassLoader.loadClass(Ljava/lang/String;Z)Ljava/lang/Class; @ 70
Event: 4.052 Thread 0x000000001a1d8000 Uncommon trap: reason=bimorphic action=maybe_recompile pc=0x000000000350b1d8 method=java.lang.ClassLoader.loadClass(Ljava/lang/String;Z)Ljava/lang/Class; @ 70
Event: 4.077 Thread 0x000000001a1d8000 Uncommon trap: reason=unstable_if action=reinterpret pc=0x00000000032d9dc4 method=sun.nio.cs.UTF_8$Decoder.decode([BII[C)I @ 30
Event: 4.128 Thread 0x000000001a1d8000 Uncommon trap: reason=unstable_if action=reinterpret pc=0x00000000035743d4 method=sun.misc.ASCIICaseInsensitiveComparator.compare(Ljava/lang/String;Ljava/lang/String;)I @ 83
Event: 4.143 Thread 0x000000001a1d8000 Uncommon trap: reason=unstable_if action=reinterpret pc=0x0000000003b49348 method=java.lang.Class.arrayContentsEq([Ljava/lang/Object;[Ljava/lang/Object;)Z @ 1
Event: 4.173 Thread 0x000000001a1d8000 Uncommon trap: reason=unstable_if action=reinterpret pc=0x00000000032ee560 method=java.net.URI.match(CJJ)Z @ 45
Event: 4.275 Thread 0x000000001a1d8000 Uncommon trap: reason=bimorphic action=maybe_recompile pc=0x000000000350b1d8 method=java.lang.ClassLoader.loadClass(Ljava/lang/String;Z)Ljava/lang/Class; @ 70

Classes redefined (0 events):
No events

Internal exceptions (10 events):
Event: 3.604 Thread 0x000000001a1d8000 Exception <a 'java/lang/NullPointerException'> (0x00000000d6ea4048) thrown at [C:\re\workspace\8-2-build-windows-amd64-cygwin\jdk8u201\12322\hotspot\src\share\vm\runtime\sharedRuntime.cpp, line 605]
Event: 3.604 Thread 0x000000001a1d8000 Implicit null exception at 0x000000000364d6cd to 0x000000000364dc3c
Event: 3.604 Thread 0x000000001a1d8000 Exception <a 'java/lang/NullPointerException'> (0x00000000d6ea4ce0) thrown at [C:\re\workspace\8-2-build-windows-amd64-cygwin\jdk8u201\12322\hotspot\src\share\vm\runtime\sharedRuntime.cpp, line 605]
Event: 3.604 Thread 0x000000001a1d8000 Implicit null exception at 0x000000000364d6cd to 0x000000000364dc3c
Event: 3.604 Thread 0x000000001a1d8000 Exception <a 'java/lang/NullPointerException'> (0x00000000d6ea5988) thrown at [C:\re\workspace\8-2-build-windows-amd64-cygwin\jdk8u201\12322\hotspot\src\share\vm\runtime\sharedRuntime.cpp, line 605]
Event: 3.604 Thread 0x000000001a1d8000 Implicit null exception at 0x000000000364d6cd to 0x000000000364dc3c
Event: 3.604 Thread 0x000000001a1d8000 Exception <a 'java/lang/NullPointerException'> (0x00000000d6ea6618) thrown at [C:\re\workspace\8-2-build-windows-amd64-cygwin\jdk8u201\12322\hotspot\src\share\vm\runtime\sharedRuntime.cpp, line 605]
Event: 3.604 Thread 0x000000001a1d8000 Implicit null exception at 0x000000000364d6cd to 0x000000000364dc3c
Event: 3.604 Thread 0x000000001a1d8000 Exception <a 'java/lang/NullPointerException'> (0x00000000d6ea72c0) thrown at [C:\re\workspace\8-2-build-windows-amd64-cygwin\jdk8u201\12322\hotspot\src\share\vm\runtime\sharedRuntime.cpp, line 605]
Event: 4.143 Thread 0x000000001a1d8000 Implicit null exception at 0x0000000003b490a3 to 0x0000000003b4931d

Events (10 events):
Event: 4.543 loading class org/hibernate/annotations/common/reflection/java/generics/TypeUtils
Event: 4.543 loading class org/hibernate/annotations/common/reflection/java/generics/TypeUtils done
Event: 4.544 loading class org/hibernate/annotations/common/reflection/java/JavaReflectionManager$MemberKey
Event: 4.544 loading class org/hibernate/annotations/common/reflection/java/JavaReflectionManager$MemberKey done
Event: 4.544 loading class org/hibernate/annotations/common/reflection/java/JavaXProperty
Event: 4.544 loading class org/hibernate/annotations/common/reflection/java/JavaXProperty done
Event: 4.545 loading class org/hibernate/annotations/common/reflection/java/JavaXMember
Event: 4.545 loading class org/hibernate/annotations/common/reflection/java/JavaXMember done
Event: 4.545 loading class org/hibernate/annotations/common/reflection/java/generics/ApproximatingTypeEnvironment
Event: 4.545 loading class org/hibernate/annotations/common/reflection/java/generics/ApproximatingTypeEnvironment done


Dynamic libraries:
0x00007ff726ec0000 - 0x00007ff726ef7000 	C:\Program Files\Java\jdk1.8.0_201\bin\java.exe
0x00007ffee7a50000 - 0x00007ffee7c3d000 	C:\WINDOWS\SYSTEM32\ntdll.dll
0x00007ffee7280000 - 0x00007ffee7333000 	C:\WINDOWS\System32\KERNEL32.DLL
0x00007ffee4480000 - 0x00007ffee4715000 	C:\WINDOWS\System32\KERNELBASE.dll
0x00007ffee4d50000 - 0x00007ffee4df3000 	C:\WINDOWS\System32\ADVAPI32.dll
0x00007ffee74f0000 - 0x00007ffee758e000 	C:\WINDOWS\System32\msvcrt.dll
0x00007ffee6e60000 - 0x00007ffee6efe000 	C:\WINDOWS\System32\sechost.dll
0x00007ffee7150000 - 0x00007ffee7272000 	C:\WINDOWS\System32\RPCRT4.dll
0x00007ffee6f80000 - 0x00007ffee7117000 	C:\WINDOWS\System32\USER32.dll
0x00007ffee4920000 - 0x00007ffee4940000 	C:\WINDOWS\System32\win32u.dll
0x00007ffee5130000 - 0x00007ffee5159000 	C:\WINDOWS\System32\GDI32.dll
0x00007ffee4780000 - 0x00007ffee4919000 	C:\WINDOWS\System32\gdi32full.dll
0x00007ffee3c90000 - 0x00007ffee3d30000 	C:\WINDOWS\System32\msvcp_win.dll
0x00007ffee4a70000 - 0x00007ffee4b6a000 	C:\WINDOWS\System32\ucrtbase.dll
0x00007ffed2b90000 - 0x00007ffed2e09000 	C:\WINDOWS\WinSxS\amd64_microsoft.windows.common-controls_6595b64144ccf1df_6.0.17763.1217_none_de6e4304534e0ad3\COMCTL32.dll
0x00007ffee4e00000 - 0x00007ffee512c000 	C:\WINDOWS\System32\combase.dll
0x00007ffee49f0000 - 0x00007ffee4a6e000 	C:\WINDOWS\System32\bcryptPrimitives.dll
0x00007ffee7120000 - 0x00007ffee714e000 	C:\WINDOWS\System32\IMM32.DLL
0x00000000588a0000 - 0x0000000058971000 	C:\Program Files\Java\jdk1.8.0_201\jre\bin\msvcr100.dll
0x0000000057ff0000 - 0x0000000058894000 	C:\Program Files\Java\jdk1.8.0_201\jre\bin\server\jvm.dll
0x00007ffee7590000 - 0x00007ffee7598000 	C:\WINDOWS\System32\PSAPI.DLL
0x00007ffee1ca0000 - 0x00007ffee1cc4000 	C:\WINDOWS\SYSTEM32\WINMM.dll
0x00007ffedf070000 - 0x00007ffedf079000 	C:\WINDOWS\SYSTEM32\WSOCK32.dll
0x00007ffedc7e0000 - 0x00007ffedc7ea000 	C:\WINDOWS\SYSTEM32\VERSION.dll
0x00007ffee7790000 - 0x00007ffee77fd000 	C:\WINDOWS\System32\WS2_32.dll
0x00007ffee1b50000 - 0x00007ffee1b7d000 	C:\WINDOWS\SYSTEM32\WINMMBASE.dll
0x00007ffee3c40000 - 0x00007ffee3c8a000 	C:\WINDOWS\System32\cfgmgr32.dll
0x00007ffedda00000 - 0x00007ffedda0f000 	C:\Program Files\Java\jdk1.8.0_201\jre\bin\verify.dll
0x00007ffeda450000 - 0x00007ffeda479000 	C:\Program Files\Java\jdk1.8.0_201\jre\bin\java.dll
0x00007ffed5b30000 - 0x00007ffed5b53000 	C:\Program Files\Java\jdk1.8.0_201\jre\bin\instrument.dll
0x00007ffeda430000 - 0x00007ffeda446000 	C:\Program Files\Java\jdk1.8.0_201\jre\bin\zip.dll
0x00007ffee51c0000 - 0x00007ffee66b4000 	C:\WINDOWS\System32\SHELL32.dll
0x00007ffee7970000 - 0x00007ffee7a18000 	C:\WINDOWS\System32\shcore.dll
0x00007ffee3d30000 - 0x00007ffee447e000 	C:\WINDOWS\System32\windows.storage.dll
0x00007ffee3b20000 - 0x00007ffee3b44000 	C:\WINDOWS\System32\profapi.dll
0x00007ffee3b90000 - 0x00007ffee3bed000 	C:\WINDOWS\System32\powrprof.dll
0x00007ffee6f00000 - 0x00007ffee6f52000 	C:\WINDOWS\System32\shlwapi.dll
0x00007ffee3b70000 - 0x00007ffee3b81000 	C:\WINDOWS\System32\kernel.appcore.dll
0x00007ffee3c20000 - 0x00007ffee3c37000 	C:\WINDOWS\System32\cryptsp.dll
0x00007ffed9b50000 - 0x00007ffed9b6a000 	C:\Program Files\JetBrains\IntelliJ IDEA Community Edition 2018.3.5\bin\breakgen64.dll
0x00007ffed5b10000 - 0x00007ffed5b2a000 	C:\Program Files\Java\jdk1.8.0_201\jre\bin\net.dll
0x00007ffed7760000 - 0x00007ffed7937000 	C:\WINDOWS\SYSTEM32\urlmon.dll
0x00007ffed7c00000 - 0x00007ffed7ea8000 	C:\WINDOWS\SYSTEM32\iertutil.dll
0x00007ffee3460000 - 0x00007ffee346c000 	C:\WINDOWS\SYSTEM32\CRYPTBASE.DLL
0x00007ffee32e0000 - 0x00007ffee3347000 	C:\WINDOWS\system32\mswsock.dll
0x00007ffedd9f0000 - 0x00007ffedd9fd000 	C:\Program Files\Java\jdk1.8.0_201\jre\bin\management.dll
0x00007ffec32d0000 - 0x00007ffec32e6000 	C:\WINDOWS\system32\napinsp.dll
0x00007ffeda520000 - 0x00007ffeda53a000 	C:\WINDOWS\system32\pnrpnsp.dll
0x00007ffee3050000 - 0x00007ffee3117000 	C:\WINDOWS\SYSTEM32\DNSAPI.dll
0x00007ffee67f0000 - 0x00007ffee67f8000 	C:\WINDOWS\System32\NSI.dll
0x00007ffee3010000 - 0x00007ffee304d000 	C:\WINDOWS\SYSTEM32\IPHLPAPI.DLL
0x00007ffee0350000 - 0x00007ffee035e000 	C:\WINDOWS\System32\winrnr.dll
0x00007ffedef50000 - 0x00007ffedef6b000 	C:\WINDOWS\system32\NLAapi.dll
0x00007ffedc7f0000 - 0x00007ffedc805000 	C:\WINDOWS\system32\wshbth.dll
0x000000005a4f0000 - 0x000000005a516000 	C:\Program Files\Bonjour\mdnsNSP.dll
0x00007ffedbcb0000 - 0x00007ffedbcba000 	C:\Windows\System32\rasadhlp.dll
0x00007ffedbd30000 - 0x00007ffedbda9000 	C:\WINDOWS\System32\fwpuclnt.dll
0x00007ffee3bf0000 - 0x00007ffee3c16000 	C:\WINDOWS\System32\bcrypt.dll
0x00007ffecce60000 - 0x00007ffecce71000 	C:\Program Files\Java\jdk1.8.0_201\jre\bin\nio.dll
0x00007ffee2e70000 - 0x00007ffee2ea3000 	C:\WINDOWS\system32\rsaenh.dll
0x00007ffee3a20000 - 0x00007ffee3a48000 	C:\WINDOWS\SYSTEM32\USERENV.dll
0x00007ffedd9b0000 - 0x00007ffedd9c6000 	C:\WINDOWS\SYSTEM32\dhcpcsvc6.DLL
0x00007ffedd970000 - 0x00007ffedd98c000 	C:\WINDOWS\SYSTEM32\dhcpcsvc.DLL

VM Arguments:
jvm_args: -javaagent:C:\Program Files\JetBrains\IntelliJ IDEA Community Edition 2018.3.5\lib\idea_rt.jar=50818:C:\Program Files\JetBrains\IntelliJ IDEA Community Edition 2018.3.5\bin -Dfile.encoding=UTF-8 
java_command: com.majority.contactbookapi.ContactBookApiApplication
java_class_path (initial): C:\Program Files\Java\jdk1.8.0_201\jre\lib\charsets.jar;C:\Program Files\Java\jdk1.8.0_201\jre\lib\deploy.jar;C:\Program Files\Java\jdk1.8.0_201\jre\lib\ext\access-bridge-64.jar;C:\Program Files\Java\jdk1.8.0_201\jre\lib\ext\cldrdata.jar;C:\Program Files\Java\jdk1.8.0_201\jre\lib\ext\dnsns.jar;C:\Program Files\Java\jdk1.8.0_201\jre\lib\ext\jaccess.jar;C:\Program Files\Java\jdk1.8.0_201\jre\lib\ext\jfxrt.jar;C:\Program Files\Java\jdk1.8.0_201\jre\lib\ext\localedata.jar;C:\Program Files\Java\jdk1.8.0_201\jre\lib\ext\nashorn.jar;C:\Program Files\Java\jdk1.8.0_201\jre\lib\ext\sunec.jar;C:\Program Files\Java\jdk1.8.0_201\jre\lib\ext\sunjce_provider.jar;C:\Program Files\Java\jdk1.8.0_201\jre\lib\ext\sunmscapi.jar;C:\Program Files\Java\jdk1.8.0_201\jre\lib\ext\sunpkcs11.jar;C:\Program Files\Java\jdk1.8.0_201\jre\lib\ext\zipfs.jar;C:\Program Files\Java\jdk1.8.0_201\jre\lib\javaws.jar;C:\Program Files\Java\jdk1.8.0_201\jre\lib\jce.jar;C:\Program Files\Java\jdk1.8.0_201\jre\lib\jfr.jar;C:\Program Files\Java\jdk1.8.0_201\jre\lib\jfxswt.jar;C:\Program Files\Java\jdk1.8.0_201\jre\lib\jsse.jar;C:\Program Files\Java\jdk1.8.0_201\jre\lib\management-agent.jar;C:\Program Files\Java\jdk1.8.0_201\jre\lib\plugin.jar;C:\Program Files\Java\jdk1.8.0_201\jre\lib\resources.jar;C:\Program Files\Java\jdk1.8.0_201\jre\lib\rt.jar;C:\Users\lucas\Documents\Projetos\contact-book\target\classes;C:\Users\lucas\.m2\repository\org\springframework\boot\spring-boot-starter-data-jpa\2.2.7.RELEASE\spring-boot-starter-data-jpa-2.2.7.RELEASE.jar;C:\Users\lucas\.m2\repository\org\springframework\boot\spring-boot-starter-aop\2.2.7.RELEASE\spring-boot-starter-aop-2.2.7.RELEASE.jar;C:\Users\lucas\.m2\repository\org\springframework\spring-aop\5.2.6.RELEASE\spring-aop-5.2.6.RELEASE.jar;C:\Users\lucas\.m2\repository\org\aspectj\aspectjweaver\1.9.5\aspectjweaver-1.9.5.jar;C:\Users\lucas\.m2\repository\org\springframework\boot\spring-boot-starter-jdbc\2.2.7.RELEASE\spring-boot-starter-jdb
Launcher Type: SUN_STANDARD

Environment Variables:
JAVA_HOME=C:\Program Files\Java\jdk1.8.0_201
PATH=C:\python3\Scripts\;C:\python3\;C:\Program Files (x86)\Common Files\Oracle\Java\javapath;C:\Windows\system32;C:\Windows;C:\Windows\System32\Wbem;C:\Windows\System32\WindowsPowerShell\v1.0\;C:\Program Files\NVIDIA Corporation\NVIDIA NvDLISR;C:\Program Files (x86)\NVIDIA Corporation\PhysX\Common;C:\WINDOWS\system32;C:\WINDOWS;C:\WINDOWS\System32\Wbem;C:\WINDOWS\System32\WindowsPowerShell\v1.0\;C:\WINDOWS\System32\OpenSSH\;C:\Program Files\Git\cmd;C:\Program Files\IBM\Cloud\bin;C:\apache-maven-3.6.1\bin;C:\Program Files\Java\jdk1.8.0_201;C:\Program Files\nodejs\;C:\Program Files\Docker\Docker\resources\bin;C:\ProgramData\DockerDesktop\version-bin;C:\Users\lucas\AppData\Local\Microsoft\WindowsApps;;C:\Users\lucas\AppData\Local\Programs\Microsoft VS Code\bin;C:\Users\lucas\AppData\Roaming\npm
USERNAME=lucas
OS=Windows_NT
PROCESSOR_IDENTIFIER=Intel64 Family 6 Model 58 Stepping 9, GenuineIntel



---------------  S Y S T E M  ---------------

OS: Windows 10.0 , 64 bit Build 17763 (10.0.17763.1158)

CPU:total 4 (initial active 4) (4 cores per cpu, 1 threads per core) family 6 model 58 stepping 9, cmov, cx8, fxsr, mmx, sse, sse2, sse3, ssse3, sse4.1, sse4.2, popcnt, avx, aes, clmul, erms, tsc, tscinvbit, tscinv

Memory: 4k page, physical 8260664k(964820k free), swap 8260664k(4112k free)

vm_info: Java HotSpot(TM) 64-Bit Server VM (25.201-b09) for windows-amd64 JRE (1.8.0_201-b09), built on Dec 15 2018 18:36:39 by "java_re" with MS VC++ 10.0 (VS2010)

time: Mon Jun 08 18:09:35 2020
timezone: Hora oficial do Brasil
elapsed time: 4 seconds (0d 0h 0m 4s)

