#
# There is insufficient memory for the Java Runtime Environment to continue.
# Native memory allocation (malloc) failed to allocate 1458368 bytes for Chunk::new
# Possible reasons:
#   The system is out of physical RAM or swap space
#   The process is running with CompressedOops enabled, and the Java Heap may be blocking the growth of the native heap
# Possible solutions:
#   Reduce memory load on the system
#   Increase physical memory or swap space
#   Check if swap backing store is full
#   Decrease Java heap size (-Xmx/-Xms)
#   Decrease number of Java threads
#   Decrease Java thread stack sizes (-Xss)
#   Set larger code cache with -XX:ReservedCodeCacheSize=
#   JVM is running with Unscaled Compressed Oops mode in which the Java heap is
#     placed in the first 4GB address space. The Java Heap base address is the
#     maximum limit for the native heap growth. Please use -XX:HeapBaseMinAddress
#     to set the Java Heap base and to place the Java Heap above 4GB virtual address.
# This output file may be truncated or incomplete.
#
#  Out of Memory Error (allocation.cpp:390), pid=3192, tid=0x0000000000002958
#
# JRE version: Java(TM) SE Runtime Environment (8.0_201-b09) (build 1.8.0_201-b09)
# Java VM: Java HotSpot(TM) 64-Bit Server VM (25.201-b09 mixed mode windows-amd64 compressed oops)
# Failed to write core dump. Minidumps are not enabled by default on client versions of Windows
#

---------------  T H R E A D  ---------------

Current thread (0x0000000019a90000):  JavaThread "C2 CompilerThread1" daemon [_thread_in_native, id=10584, stack(0x0000000019cd0000,0x0000000019dd0000)]

Stack: [0x0000000019cd0000,0x0000000019dd0000]
[error occurred during error reporting (printing stack bounds), id 0xc0000005]

Native frames: (J=compiled Java code, j=interpreted, Vv=VM code, C=native code)


Current CompileTask:
C2:   7898 4035       4       org.springframework.core.annotation.TypeMappedAnnotations::scan (62 bytes)


---------------  P R O C E S S  ---------------

Java Threads: ( => current thread )
  0x000000001b51b000 JavaThread "Live Reload Server" daemon [_thread_in_native, id=6416, stack(0x0000000024000000,0x0000000024100000)]
  0x000000001b519800 JavaThread "HikariPool-1 connection adder" daemon [_thread_blocked, id=10972, stack(0x0000000022c00000,0x0000000022d00000)]
  0x000000001b51a800 JavaThread "HikariPool-1 housekeeper" daemon [_thread_blocked, id=6964, stack(0x0000000022b00000,0x0000000022c00000)]
  0x000000001b519000 JavaThread "container-0" [_thread_blocked, id=10280, stack(0x0000000021000000,0x0000000021100000)]
  0x000000001b518000 JavaThread "Catalina-utility-2" [_thread_blocked, id=7024, stack(0x0000000020f00000,0x0000000021000000)]
  0x000000001b51c000 JavaThread "Catalina-utility-1" [_thread_blocked, id=8872, stack(0x0000000020e00000,0x0000000020f00000)]
  0x000000001b51d800 JavaThread "Abandoned connection cleanup thread" daemon [_thread_blocked, id=5884, stack(0x000000001dd10000,0x000000001de10000)]
  0x000000001acf6000 JavaThread "restartedMain" [_thread_in_vm, id=1304, stack(0x000000001bb00000,0x000000001bc00000)]
  0x000000001a47e000 JavaThread "Thread-0" [_thread_blocked, id=1904, stack(0x000000001ba00000,0x000000001bb00000)]
  0x0000000019df4000 JavaThread "Service Thread" daemon [_thread_blocked, id=4004, stack(0x000000001a6d0000,0x000000001a7d0000)]
  0x0000000019ace800 JavaThread "C1 CompilerThread2" daemon [_thread_blocked, id=11276, stack(0x000000001a5d0000,0x000000001a6d0000)]
=>0x0000000019a90000 JavaThread "C2 CompilerThread1" daemon [_thread_in_native, id=10584, stack(0x0000000019cd0000,0x0000000019dd0000)]
  0x0000000019a8d000 JavaThread "C2 CompilerThread0" daemon [_thread_in_native, id=10896, stack(0x0000000019bd0000,0x0000000019cd0000)]
  0x0000000019a8a800 JavaThread "Monitor Ctrl-Break" daemon [_thread_in_native, id=10524, stack(0x0000000019ad0000,0x0000000019bd0000)]
  0x000000001806d800 JavaThread "Attach Listener" daemon [_thread_blocked, id=5068, stack(0x00000000195d0000,0x00000000196d0000)]
  0x000000001806c800 JavaThread "Signal Dispatcher" daemon [_thread_blocked, id=1100, stack(0x00000000194d0000,0x00000000195d0000)]
  0x000000000337b000 JavaThread "Finalizer" daemon [_thread_blocked, id=7740, stack(0x00000000192c0000,0x00000000193c0000)]
  0x0000000003377000 JavaThread "Reference Handler" daemon [_thread_blocked, id=4976, stack(0x00000000191c0000,0x00000000192c0000)]
  0x0000000003287000 JavaThread "main" [_thread_blocked, id=8680, stack(0x0000000003180000,0x0000000003280000)]

Other Threads:
  0x0000000018027800 VMThread [stack: 0x00000000190c0000,0x00000000191c0000] [id=4084]
  0x0000000019e64000 WatcherThread [stack: 0x000000001a7d0000,0x000000001a8d0000] [id=6128]

VM state:not at safepoint (normal execution)

VM Mutex/Monitor currently owned by a thread: None

heap address: 0x0000000081e00000, size: 2018 MB, Compressed Oops mode: 32-bit
Narrow klass base: 0x0000000000000000, Narrow klass shift: 3
Compressed class space size: 1073741824 Address: 0x0000000100000000

Heap:
 PSYoungGen      total 215552K, used 191058K [0x00000000d5f80000, 0x00000000e9c00000, 0x0000000100000000)
  eden space 201728K, 94% used [0x00000000d5f80000,0x00000000e1a14bf8,0x00000000e2480000)
  from space 13824K, 0% used [0x00000000e2480000,0x00000000e2480000,0x00000000e3200000)
  to   space 13312K, 0% used [0x00000000e8f00000,0x00000000e8f00000,0x00000000e9c00000)
 ParOldGen       total 65024K, used 12162K [0x0000000081e00000, 0x0000000085d80000, 0x00000000d5f80000)
  object space 65024K, 18% used [0x0000000081e00000,0x00000000829e0a08,0x0000000085d80000)
 Metaspace       used 52621K, capacity 55378K, committed 55640K, reserved 1097728K
  class space    used 7228K, capacity 7717K, committed 7808K, reserved 1048576K

Card table byte_map: [0x0000000012900000,0x0000000012d00000] byte_map_base: 0x00000000124f1000

Marking Bits: (ParMarkBitMap*) 0x0000000072d74ce0
 Begin Bits: [0x00000000133b0000, 0x0000000015338000)
 End Bits:   [0x0000000015338000, 0x00000000172c0000)

Polling page: 0x0000000001400000

CodeCache: size=245760Kb used=15568Kb max_used=15568Kb free=230192Kb
 bounds [0x0000000003540000, 0x0000000004480000, 0x0000000012540000]
 total_blobs=4753 nmethods=4211 adapters=453
 compilation: enabled

Compilation events (10 events):
Event: 7.872 Thread 0x0000000019ace800 4268       2       org.springframework.core.ResolvableType::hasGenerics (14 bytes)
Event: 7.872 Thread 0x0000000019ace800 nmethod 4268 0x0000000004479e90 code [0x000000000447a000, 0x000000000447a188]
Event: 7.877 Thread 0x0000000019ace800 4269       3       java.lang.ThreadLocal$ThreadLocalMap::cleanSomeSlots (60 bytes)
Event: 7.877 Thread 0x0000000019ace800 nmethod 4269 0x000000000447a250 code [0x000000000447a3e0, 0x000000000447a828]
Event: 7.878 Thread 0x0000000019ace800 4270       3       org.springframework.beans.factory.support.AbstractBeanFactory::getBean (9 bytes)
Event: 7.878 Thread 0x0000000019ace800 nmethod 4270 0x000000000447aa10 code [0x000000000447ab80, 0x000000000447ada8]
Event: 7.879 Thread 0x0000000019ace800 4271       1       java.lang.reflect.Parameter::getRealName (5 bytes)
Event: 7.879 Thread 0x0000000019ace800 nmethod 4271 0x000000000447ae50 code [0x000000000447afa0, 0x000000000447b0b0]
Event: 7.879 Thread 0x0000000019ace800 4272   !   3       com.sun.proxy.$Proxy3::annotationType (29 bytes)
Event: 7.879 Thread 0x0000000019ace800 nmethod 4272 0x000000000447b110 code [0x000000000447b2a0, 0x000000000447b6d8]

GC Heap History (10 events):
Event: 2.389 GC heap before
{Heap before GC invocations=7 (full 1):
 PSYoungGen      total 71680K, used 66560K [0x00000000d5f80000, 0x00000000df680000, 0x0000000100000000)
  eden space 66560K, 100% used [0x00000000d5f80000,0x00000000da080000,0x00000000da080000)
  from space 5120K, 0% used [0x00000000da080000,0x00000000da080000,0x00000000da580000)
  to   space 10752K, 0% used [0x00000000dec00000,0x00000000dec00000,0x00000000df680000)
 ParOldGen       total 54272K, used 10134K [0x0000000081e00000, 0x0000000085300000, 0x00000000d5f80000)
  object space 54272K, 18% used [0x0000000081e00000,0x00000000827e5a28,0x0000000085300000)
 Metaspace       used 22213K, capacity 23000K, committed 23040K, reserved 1069056K
  class space    used 2860K, capacity 3065K, committed 3072K, reserved 1048576K
Event: 2.393 GC heap after
Heap after GC invocations=7 (full 1):
 PSYoungGen      total 120832K, used 2974K [0x00000000d5f80000, 0x00000000def00000, 0x0000000100000000)
  eden space 117760K, 0% used [0x00000000d5f80000,0x00000000d5f80000,0x00000000dd280000)
  from space 3072K, 96% used [0x00000000dec00000,0x00000000deee7a78,0x00000000def00000)
  to   space 10240K, 0% used [0x00000000ddb00000,0x00000000ddb00000,0x00000000de500000)
 ParOldGen       total 54272K, used 10134K [0x0000000081e00000, 0x0000000085300000, 0x00000000d5f80000)
  object space 54272K, 18% used [0x0000000081e00000,0x00000000827e5a28,0x0000000085300000)
 Metaspace       used 22213K, capacity 23000K, committed 23040K, reserved 1069056K
  class space    used 2860K, capacity 3065K, committed 3072K, reserved 1048576K
}
Event: 3.568 GC heap before
{Heap before GC invocations=8 (full 1):
 PSYoungGen      total 120832K, used 120734K [0x00000000d5f80000, 0x00000000def00000, 0x0000000100000000)
  eden space 117760K, 100% used [0x00000000d5f80000,0x00000000dd280000,0x00000000dd280000)
  from space 3072K, 96% used [0x00000000dec00000,0x00000000deee7a78,0x00000000def00000)
  to   space 10240K, 0% used [0x00000000ddb00000,0x00000000ddb00000,0x00000000de500000)
 ParOldGen       total 54272K, used 10134K [0x0000000081e00000, 0x0000000085300000, 0x00000000d5f80000)
  object space 54272K, 18% used [0x0000000081e00000,0x00000000827e5a28,0x0000000085300000)
 Metaspace       used 27026K, capacity 28276K, committed 28416K, reserved 1073152K
  class space    used 3522K, capacity 3763K, committed 3840K, reserved 1048576K
Event: 3.575 GC heap after
Heap after GC invocations=8 (full 1):
 PSYoungGen      total 136704K, used 9928K [0x00000000d5f80000, 0x00000000e3e00000, 0x0000000100000000)
  eden space 126464K, 0% used [0x00000000d5f80000,0x00000000d5f80000,0x00000000ddb00000)
  from space 10240K, 96% used [0x00000000ddb00000,0x00000000de4b23e8,0x00000000de500000)
  to   space 12288K, 0% used [0x00000000e3200000,0x00000000e3200000,0x00000000e3e00000)
 ParOldGen       total 54272K, used 10142K [0x0000000081e00000, 0x0000000085300000, 0x00000000d5f80000)
  object space 54272K, 18% used [0x0000000081e00000,0x00000000827e7a28,0x0000000085300000)
 Metaspace       used 27026K, capacity 28276K, committed 28416K, reserved 1073152K
  class space    used 3522K, capacity 3763K, committed 3840K, reserved 1048576K
}
Event: 4.684 GC heap before
{Heap before GC invocations=9 (full 1):
 PSYoungGen      total 136704K, used 136377K [0x00000000d5f80000, 0x00000000e3e00000, 0x0000000100000000)
  eden space 126464K, 99% used [0x00000000d5f80000,0x00000000ddafc350,0x00000000ddb00000)
  from space 10240K, 96% used [0x00000000ddb00000,0x00000000de4b23e8,0x00000000de500000)
  to   space 12288K, 0% used [0x00000000e3200000,0x00000000e3200000,0x00000000e3e00000)
 ParOldGen       total 54272K, used 10142K [0x0000000081e00000, 0x0000000085300000, 0x00000000d5f80000)
  object space 54272K, 18% used [0x0000000081e00000,0x00000000827e7a28,0x0000000085300000)
 Metaspace       used 32947K, capacity 34778K, committed 34944K, reserved 1079296K
  class space    used 4303K, capacity 4618K, committed 4736K, reserved 1048576K
Event: 4.696 GC heap after
Heap after GC invocations=9 (full 1):
 PSYoungGen      total 214016K, used 10823K [0x00000000d5f80000, 0x00000000e4b00000, 0x0000000100000000)
  eden space 201728K, 0% used [0x00000000d5f80000,0x00000000d5f80000,0x00000000e2480000)
  from space 12288K, 88% used [0x00000000e3200000,0x00000000e3c91d68,0x00000000e3e00000)
  to   space 13824K, 0% used [0x00000000e2480000,0x00000000e2480000,0x00000000e3200000)
 ParOldGen       total 54272K, used 10150K [0x0000000081e00000, 0x0000000085300000, 0x00000000d5f80000)
  object space 54272K, 18% used [0x0000000081e00000,0x00000000827e9a28,0x0000000085300000)
 Metaspace       used 32947K, capacity 34778K, committed 34944K, reserved 1079296K
  class space    used 4303K, capacity 4618K, committed 4736K, reserved 1048576K
}
Event: 4.817 GC heap before
{Heap before GC invocations=10 (full 1):
 PSYoungGen      total 214016K, used 31820K [0x00000000d5f80000, 0x00000000e4b00000, 0x0000000100000000)
  eden space 201728K, 10% used [0x00000000d5f80000,0x00000000d7401528,0x00000000e2480000)
  from space 12288K, 88% used [0x00000000e3200000,0x00000000e3c91d68,0x00000000e3e00000)
  to   space 13824K, 0% used [0x00000000e2480000,0x00000000e2480000,0x00000000e3200000)
 ParOldGen       total 54272K, used 10150K [0x0000000081e00000, 0x0000000085300000, 0x00000000d5f80000)
  object space 54272K, 18% used [0x0000000081e00000,0x00000000827e9a28,0x0000000085300000)
 Metaspace       used 33484K, capacity 35350K, committed 35416K, reserved 1079296K
  class space    used 4367K, capacity 4720K, committed 4736K, reserved 1048576K
Event: 4.831 GC heap after
Heap after GC invocations=10 (full 1):
 PSYoungGen      total 215552K, used 7155K [0x00000000d5f80000, 0x00000000e9c00000, 0x0000000100000000)
  eden space 201728K, 0% used [0x00000000d5f80000,0x00000000d5f80000,0x00000000e2480000)
  from space 13824K, 51% used [0x00000000e2480000,0x00000000e2b7cd48,0x00000000e3200000)
  to   space 13312K, 0% used [0x00000000e8f00000,0x00000000e8f00000,0x00000000e9c00000)
 ParOldGen       total 54272K, used 11030K [0x0000000081e00000, 0x0000000085300000, 0x00000000d5f80000)
  object space 54272K, 20% used [0x0000000081e00000,0x00000000828c59d0,0x0000000085300000)
 Metaspace       used 33484K, capacity 35350K, committed 35416K, reserved 1079296K
  class space    used 4367K, capacity 4720K, committed 4736K, reserved 1048576K
}
Event: 4.831 GC heap before
{Heap before GC invocations=11 (full 2):
 PSYoungGen      total 215552K, used 7155K [0x00000000d5f80000, 0x00000000e9c00000, 0x0000000100000000)
  eden space 201728K, 0% used [0x00000000d5f80000,0x00000000d5f80000,0x00000000e2480000)
  from space 13824K, 51% used [0x00000000e2480000,0x00000000e2b7cd48,0x00000000e3200000)
  to   space 13312K, 0% used [0x00000000e8f00000,0x00000000e8f00000,0x00000000e9c00000)
 ParOldGen       total 54272K, used 11030K [0x0000000081e00000, 0x0000000085300000, 0x00000000d5f80000)
  object space 54272K, 20% used [0x0000000081e00000,0x00000000828c59d0,0x0000000085300000)
 Metaspace       used 33484K, capacity 35350K, committed 35416K, reserved 1079296K
  class space    used 4367K, capacity 4720K, committed 4736K, reserved 1048576K
Event: 4.878 GC heap after
Heap after GC invocations=11 (full 2):
 PSYoungGen      total 215552K, used 0K [0x00000000d5f80000, 0x00000000e9c00000, 0x0000000100000000)
  eden space 201728K, 0% used [0x00000000d5f80000,0x00000000d5f80000,0x00000000e2480000)
  from space 13824K, 0% used [0x00000000e2480000,0x00000000e2480000,0x00000000e3200000)
  to   space 13312K, 0% used [0x00000000e8f00000,0x00000000e8f00000,0x00000000e9c00000)
 ParOldGen       total 65024K, used 12162K [0x0000000081e00000, 0x0000000085d80000, 0x00000000d5f80000)
  object space 65024K, 18% used [0x0000000081e00000,0x00000000829e0a08,0x0000000085d80000)
 Metaspace       used 33484K, capacity 35350K, committed 35416K, reserved 1079296K
  class space    used 4367K, capacity 4720K, committed 4736K, reserved 1048576K
}

Deoptimization events (10 events):
Event: 7.622 Thread 0x000000001acf6000 Uncommon trap: reason=unstable_if action=reinterpret pc=0x0000000003eef6fc method=org.springframework.util.ConcurrentReferenceHashMap$Segment.restructureIfNecessary(Z)V @ 41
Event: 7.643 Thread 0x000000001acf6000 Uncommon trap: reason=unstable_if action=reinterpret pc=0x0000000003a1fa44 method=org.springframework.util.ConcurrentReferenceHashMap$Segment.restructureIfNecessary(Z)V @ 41
Event: 7.780 Thread 0x000000001acf6000 Uncommon trap: reason=unstable_if action=reinterpret pc=0x0000000003c4bd04 method=java.util.LinkedList.node(I)Ljava/util/LinkedList$Node; @ 19
Event: 7.793 Thread 0x000000001acf6000 Uncommon trap: reason=unstable_if action=reinterpret pc=0x0000000003f983ec method=org.springframework.aop.framework.autoproxy.AbstractAutoProxyCreator.predictBeanType(Ljava/lang/Class;Ljava/lang/String;)Ljava/lang/Class; @ 9
Event: 7.815 Thread 0x000000001acf6000 Uncommon trap: reason=class_check action=maybe_recompile pc=0x000000000400a2ac method=java.lang.reflect.Method.equals(Ljava/lang/Object;)Z @ 5
Event: 7.823 Thread 0x000000001acf6000 Uncommon trap: reason=bimorphic action=maybe_recompile pc=0x0000000003d9d06c method=java.util.Collections$SetFromMap.contains(Ljava/lang/Object;)Z @ 5
Event: 7.830 Thread 0x000000001acf6000 Uncommon trap: reason=unstable_if action=reinterpret pc=0x000000000389df10 method=java.util.HashMap.putVal(ILjava/lang/Object;Ljava/lang/Object;ZZ)Ljava/lang/Object; @ 162
Event: 7.832 Thread 0x000000001acf6000 Uncommon trap: reason=unstable_if action=reinterpret pc=0x0000000003955d3c method=java.util.HashMap.getNode(ILjava/lang/Object;)Ljava/util/HashMap$Node; @ 129
Event: 7.871 Thread 0x000000001acf6000 Uncommon trap: reason=class_check action=maybe_recompile pc=0x0000000003e2d184 method=org.springframework.core.ResolvableType.calculateHashCode()I @ 23
Event: 7.874 Thread 0x000000001acf6000 Uncommon trap: reason=class_check action=maybe_recompile pc=0x0000000003e2d184 method=org.springframework.core.ResolvableType.calculateHashCode()I @ 23

Classes redefined (0 events):
No events

Internal exceptions (10 events):
Event: 7.846 Thread 0x000000001acf6000 Exception <a 'java/lang/ClassNotFoundException': java/lang/ObjectCustomizer> (0x00000000e1503e90) thrown at [C:\re\workspace\8-2-build-windows-amd64-cygwin\jdk8u201\12322\hotspot\src\share\vm\classfile\systemDictionary.cpp, line 210]
Event: 7.847 Thread 0x000000001acf6000 Exception <a 'java/lang/ClassNotFoundException': org/springframework/web/servlet/config/annotation/WebMvcConfigurationSupportCustomizer> (0x00000000e1528308) thrown at [C:\re\workspace\8-2-build-windows-amd64-cygwin\jdk8u201\12322\hotspot\src\share\vm\cla
Event: 7.848 Thread 0x000000001acf6000 Exception <a 'java/lang/ClassNotFoundException': org/springframework/web/servlet/config/annotation/DelegatingWebMvcConfigurationCustomizer> (0x00000000e155f260) thrown at [C:\re\workspace\8-2-build-windows-amd64-cygwin\jdk8u201\12322\hotspot\src\share\vm\
Event: 7.849 Thread 0x000000001acf6000 Exception <a 'java/lang/ClassNotFoundException': org/springframework/boot/autoconfigure/web/servlet/WebMvcAutoConfiguration$EnableWebMvcConfigurationCustomizer> (0x00000000e158c7b8) thrown at [C:\re\workspace\8-2-build-windows-amd64-cygwin\jdk8u201\12322\
Event: 7.851 Thread 0x000000001acf6000 Exception <a 'java/lang/ClassNotFoundException': org/springframework/context/ResourceLoaderAwareCustomizer> (0x00000000e15b6168) thrown at [C:\re\workspace\8-2-build-windows-amd64-cygwin\jdk8u201\12322\hotspot\src\share\vm\classfile\systemDictionary.cpp, 
Event: 7.851 Thread 0x000000001acf6000 Exception <a 'java/lang/ClassNotFoundException': org/springframework/beans/factory/AwareCustomizer> (0x00000000e15cd208) thrown at [C:\re\workspace\8-2-build-windows-amd64-cygwin\jdk8u201\12322\hotspot\src\share\vm\classfile\systemDictionary.cpp, line 210
Event: 7.852 Thread 0x000000001acf6000 Exception <a 'java/lang/ClassNotFoundException': org/springframework/context/ApplicationContextAwareCustomizer> (0x00000000e15e6e28) thrown at [C:\re\workspace\8-2-build-windows-amd64-cygwin\jdk8u201\12322\hotspot\src\share\vm\classfile\systemDictionary.c
Event: 7.853 Thread 0x000000001acf6000 Exception <a 'java/lang/ClassNotFoundException': org/springframework/beans/factory/AwareCustomizer> (0x00000000e15fe4d0) thrown at [C:\re\workspace\8-2-build-windows-amd64-cygwin\jdk8u201\12322\hotspot\src\share\vm\classfile\systemDictionary.cpp, line 210
Event: 7.854 Thread 0x000000001acf6000 Exception <a 'java/lang/ClassNotFoundException': org/springframework/web/context/ServletContextAwareCustomizer> (0x00000000e16180f8) thrown at [C:\re\workspace\8-2-build-windows-amd64-cygwin\jdk8u201\12322\hotspot\src\share\vm\classfile\systemDictionary.c
Event: 7.854 Thread 0x000000001acf6000 Exception <a 'java/lang/ClassNotFoundException': org/springframework/beans/factory/AwareCustomizer> (0x00000000e162f210) thrown at [C:\re\workspace\8-2-build-windows-amd64-cygwin\jdk8u201\12322\hotspot\src\share\vm\classfile\systemDictionary.cpp, line 210

Events (10 events):
Event: 7.891 Executing VM operation: Deoptimize
Event: 7.892 Executing VM operation: Deoptimize done
Event: 7.893 loading class javax/money/MonetaryAmount
Event: 7.893 loading class javax/money/MonetaryAmount done
Event: 7.894 loading class javax/money$MonetaryAmount
Event: 7.894 loading class javax/money$MonetaryAmount done
Event: 7.894 loading class org/joda/time/LocalDate
Event: 7.894 loading class org/joda/time/LocalDate done
Event: 7.894 loading class org/joda/time$LocalDate
Event: 7.894 loading class org/joda/time$LocalDate done


Dynamic libraries:
0x00007ff7ed9f0000 - 0x00007ff7eda27000 	C:\Program Files\Java\jdk1.8.0_201\bin\java.exe
0x00007ffd4ff20000 - 0x00007ffd5010d000 	C:\WINDOWS\SYSTEM32\ntdll.dll
0x00007ffd4f440000 - 0x00007ffd4f4f3000 	C:\WINDOWS\System32\KERNEL32.DLL
0x00007ffd4c430000 - 0x00007ffd4c6c5000 	C:\WINDOWS\System32\KERNELBASE.dll
0x00007ffd4fe30000 - 0x00007ffd4fed3000 	C:\WINDOWS\System32\ADVAPI32.dll
0x00007ffd4ecf0000 - 0x00007ffd4ed8e000 	C:\WINDOWS\System32\msvcrt.dll
0x00007ffd4e720000 - 0x00007ffd4e7be000 	C:\WINDOWS\System32\sechost.dll
0x00007ffd4ebc0000 - 0x00007ffd4ece2000 	C:\WINDOWS\System32\RPCRT4.dll
0x00007ffd4f500000 - 0x00007ffd4f697000 	C:\WINDOWS\System32\USER32.dll
0x00007ffd4d1e0000 - 0x00007ffd4d200000 	C:\WINDOWS\System32\win32u.dll
0x00007ffd4f980000 - 0x00007ffd4f9a9000 	C:\WINDOWS\System32\GDI32.dll
0x00007ffd4c0c0000 - 0x00007ffd4c25a000 	C:\WINDOWS\System32\gdi32full.dll
0x00007ffd4c340000 - 0x00007ffd4c3e0000 	C:\WINDOWS\System32\msvcp_win.dll
0x00007ffd4c990000 - 0x00007ffd4ca8a000 	C:\WINDOWS\System32\ucrtbase.dll
0x00007ffd40450000 - 0x00007ffd406c9000 	C:\WINDOWS\WinSxS\amd64_microsoft.windows.common-controls_6595b64144ccf1df_6.0.17763.1282_none_de75b6f253473c0f\COMCTL32.dll
0x00007ffd4ef40000 - 0x00007ffd4f26c000 	C:\WINDOWS\System32\combase.dll
0x00007ffd4c2c0000 - 0x00007ffd4c33e000 	C:\WINDOWS\System32\bcryptPrimitives.dll
0x00007ffd4f770000 - 0x00007ffd4f79e000 	C:\WINDOWS\System32\IMM32.DLL
0x0000000072e00000 - 0x0000000072ed1000 	C:\Program Files\Java\jdk1.8.0_201\jre\bin\msvcr100.dll
0x0000000072550000 - 0x0000000072df4000 	C:\Program Files\Java\jdk1.8.0_201\jre\bin\server\jvm.dll
0x00007ffd4f960000 - 0x00007ffd4f968000 	C:\WINDOWS\System32\PSAPI.DLL
0x00007ffd4a270000 - 0x00007ffd4a279000 	C:\WINDOWS\SYSTEM32\WSOCK32.dll
0x00007ffd4a190000 - 0x00007ffd4a1b4000 	C:\WINDOWS\SYSTEM32\WINMM.dll
0x00007ffd4ea50000 - 0x00007ffd4eabd000 	C:\WINDOWS\System32\WS2_32.dll
0x00007ffd458e0000 - 0x00007ffd458ea000 	C:\WINDOWS\SYSTEM32\VERSION.dll
0x00007ffd4a040000 - 0x00007ffd4a06d000 	C:\WINDOWS\SYSTEM32\WINMMBASE.dll
0x00007ffd4c3e0000 - 0x00007ffd4c42a000 	C:\WINDOWS\System32\cfgmgr32.dll
0x00007ffd42d90000 - 0x00007ffd42d9f000 	C:\Program Files\Java\jdk1.8.0_201\jre\bin\verify.dll
0x00007ffd2b440000 - 0x00007ffd2b469000 	C:\Program Files\Java\jdk1.8.0_201\jre\bin\java.dll
0x00007ffd2ae00000 - 0x00007ffd2ae23000 	C:\Program Files\Java\jdk1.8.0_201\jre\bin\instrument.dll
0x00007ffd3bea0000 - 0x00007ffd3beb6000 	C:\Program Files\Java\jdk1.8.0_201\jre\bin\zip.dll
0x00007ffd4d220000 - 0x00007ffd4e718000 	C:\WINDOWS\System32\SHELL32.dll
0x00007ffd4f7a0000 - 0x00007ffd4f848000 	C:\WINDOWS\System32\shcore.dll
0x00007ffd4ca90000 - 0x00007ffd4d1df000 	C:\WINDOWS\System32\windows.storage.dll
0x00007ffd4c090000 - 0x00007ffd4c0b4000 	C:\WINDOWS\System32\profapi.dll
0x00007ffd4bff0000 - 0x00007ffd4c04d000 	C:\WINDOWS\System32\powrprof.dll
0x00007ffd4f270000 - 0x00007ffd4f2c2000 	C:\WINDOWS\System32\shlwapi.dll
0x00007ffd4c050000 - 0x00007ffd4c061000 	C:\WINDOWS\System32\kernel.appcore.dll
0x00007ffd4d200000 - 0x00007ffd4d217000 	C:\WINDOWS\System32\cryptsp.dll
0x00007ffd3b470000 - 0x00007ffd3b48a000 	C:\Program Files\JetBrains\IntelliJ IDEA Community Edition 2018.3.5\bin\breakgen64.dll
0x00007ffd2d130000 - 0x00007ffd2d14a000 	C:\Program Files\Java\jdk1.8.0_201\jre\bin\net.dll
0x00007ffd42970000 - 0x00007ffd42b47000 	C:\WINDOWS\SYSTEM32\urlmon.dll
0x00007ffd41310000 - 0x00007ffd415b8000 	C:\WINDOWS\SYSTEM32\iertutil.dll
0x00007ffd4b920000 - 0x00007ffd4b92c000 	C:\WINDOWS\SYSTEM32\CRYPTBASE.DLL
0x00007ffd4b7a0000 - 0x00007ffd4b807000 	C:\WINDOWS\system32\mswsock.dll
0x00007ffd3d9e0000 - 0x00007ffd3d9ed000 	C:\Program Files\Java\jdk1.8.0_201\jre\bin\management.dll
0x00007ffd3dac0000 - 0x00007ffd3dad6000 	C:\WINDOWS\system32\napinsp.dll
0x00007ffd3da60000 - 0x00007ffd3da7a000 	C:\WINDOWS\system32\pnrpnsp.dll
0x00007ffd4b510000 - 0x00007ffd4b5d7000 	C:\WINDOWS\SYSTEM32\DNSAPI.dll
0x00007ffd4f970000 - 0x00007ffd4f978000 	C:\WINDOWS\System32\NSI.dll
0x00007ffd4b4d0000 - 0x00007ffd4b50d000 	C:\WINDOWS\SYSTEM32\IPHLPAPI.DLL
0x00007ffd3dd90000 - 0x00007ffd3dd9e000 	C:\WINDOWS\System32\winrnr.dll
0x00007ffd487e0000 - 0x00007ffd487fb000 	C:\WINDOWS\system32\NLAapi.dll
0x00007ffd45ae0000 - 0x00007ffd45af5000 	C:\WINDOWS\system32\wshbth.dll
0x0000000073810000 - 0x0000000073836000 	C:\Program Files\Bonjour\mdnsNSP.dll
0x00007ffd42dc0000 - 0x00007ffd42dca000 	C:\Windows\System32\rasadhlp.dll
0x00007ffd44100000 - 0x00007ffd44179000 	C:\WINDOWS\System32\fwpuclnt.dll
0x00007ffd4c960000 - 0x00007ffd4c986000 	C:\WINDOWS\System32\bcrypt.dll
0x00007ffd2d0c0000 - 0x00007ffd2d0d1000 	C:\Program Files\Java\jdk1.8.0_201\jre\bin\nio.dll
0x00007ffd4b330000 - 0x00007ffd4b363000 	C:\WINDOWS\system32\rsaenh.dll
0x00007ffd4bee0000 - 0x00007ffd4bf08000 	C:\WINDOWS\SYSTEM32\USERENV.dll
0x00007ffd46dc0000 - 0x00007ffd46dd6000 	C:\WINDOWS\SYSTEM32\dhcpcsvc6.DLL
0x00007ffd46d50000 - 0x00007ffd46d6c000 	C:\WINDOWS\SYSTEM32\dhcpcsvc.DLL

VM Arguments:
jvm_args: -javaagent:C:\Program Files\JetBrains\IntelliJ IDEA Community Edition 2018.3.5\lib\idea_rt.jar=52498:C:\Program Files\JetBrains\IntelliJ IDEA Community Edition 2018.3.5\bin -Dfile.encoding=UTF-8 
java_command: com.majority.contactbookapi.ContactBookApiApplication
java_class_path (initial): C:\Program Files\Java\jdk1.8.0_201\jre\lib\charsets.jar;C:\Program Files\Java\jdk1.8.0_201\jre\lib\deploy.jar;C:\Program Files\Java\jdk1.8.0_201\jre\lib\ext\access-bridge-64.jar;C:\Program Files\Java\jdk1.8.0_201\jre\lib\ext\cldrdata.jar;C:\Program Files\Java\jdk1.8.0_201\jre\lib\ext\dnsns.jar;C:\Program Files\Java\jdk1.8.0_201\jre\lib\ext\jaccess.jar;C:\Program Files\Java\jdk1.8.0_201\jre\lib\ext\jfxrt.jar;C:\Program Files\Java\jdk1.8.0_201\jre\lib\ext\localedata.jar;C:\Program Files\Java\jdk1.8.0_201\jre\lib\ext\nashorn.jar;C:\Program Files\Java\jdk1.8.0_201\jre\lib\ext\sunec.jar;C:\Program Files\Java\jdk1.8.0_201\jre\lib\ext\sunjce_provider.jar;C:\Program Files\Java\jdk1.8.0_201\jre\lib\ext\sunmscapi.jar;C:\Program Files\Java\jdk1.8.0_201\jre\lib\ext\sunpkcs11.jar;C:\Program Files\Java\jdk1.8.0_201\jre\lib\ext\zipfs.jar;C:\Program Files\Java\jdk1.8.0_201\jre\lib\javaws.jar;C:\Program Files\Java\jdk1.8.0_201\jre\lib\jce.jar;C:\Program Files\Java\jdk1.8.0_201\jre\lib\jfr.jar;C:\Program Files\Java\jdk1.8.0_201\jre\lib\jfxswt.jar;C:\Program Files\Java\jdk1.8.0_201\jre\lib\jsse.jar;C:\Program Files\Java\jdk1.8.0_201\jre\lib\management-agent.jar;C:\Program Files\Java\jdk1.8.0_201\jre\lib\plugin.jar;C:\Program Files\Java\jdk1.8.0_201\jre\lib\resources.jar;C:\Program Files\Java\jdk1.8.0_201\jre\lib\rt.jar;C:\Users\lucas\Documents\Projetos\contact-book\target\classes;C:\Users\lucas\.m2\repository\org\springframework\boot\spring-boot-starter-data-jpa\2.2.7.RELEASE\spring-boot-starter-data-jpa-2.2.7.RELEASE.jar;C:\Users\lucas\.m2\repository\org\springframework\boot\spring-boot-starter-aop\2.2.7.RELEASE\spring-boot-starter-aop-2.2.7.RELEASE.jar;C:\Users\lucas\.m2\repository\org\springframework\spring-aop\5.2.6.RELEASE\spring-aop-5.2.6.RELEASE.jar;C:\Users\lucas\.m2\repository\org\aspectj\aspectjweaver\1.9.5\aspectjweaver-1.9.5.jar;C:\Users\lucas\.m2\repository\org\springframework\boot\spring-boot-starter-jdbc\2.2.7.RELEASE\spring-boot-starter-jdb
Launcher Type: SUN_STANDARD

Environment Variables:
JAVA_HOME=C:\Program Files\Java\jdk1.8.0_201
PATH=C:\python3\Scripts\;C:\python3\;C:\Program Files (x86)\Common Files\Oracle\Java\javapath;C:\Windows\system32;C:\Windows;C:\Windows\System32\Wbem;C:\Windows\System32\WindowsPowerShell\v1.0\;C:\Program Files\NVIDIA Corporation\NVIDIA NvDLISR;C:\Program Files (x86)\NVIDIA Corporation\PhysX\Common;C:\WINDOWS\system32;C:\WINDOWS;C:\WINDOWS\System32\Wbem;C:\WINDOWS\System32\WindowsPowerShell\v1.0\;C:\WINDOWS\System32\OpenSSH\;C:\Program Files\Git\cmd;C:\Program Files\IBM\Cloud\bin;C:\apache-maven-3.6.1\bin;C:\Program Files\Java\jdk1.8.0_201;C:\Program Files\nodejs\;C:\Program Files\Docker\Docker\resources\bin;C:\ProgramData\DockerDesktop\version-bin;C:\Users\lucas\AppData\Local\Microsoft\WindowsApps;;C:\Users\lucas\AppData\Local\Programs\Microsoft VS Code\bin;C:\Users\lucas\AppData\Roaming\npm
USERNAME=lucas
OS=Windows_NT
PROCESSOR_IDENTIFIER=Intel64 Family 6 Model 58 Stepping 9, GenuineIntel



---------------  S Y S T E M  ---------------

OS: Windows 10.0 , 64 bit Build 17763 (10.0.17763.1158)

CPU:total 4 (initial active 4) (4 cores per cpu, 1 threads per core) family 6 model 58 stepping 9, cmov, cx8, fxsr, mmx, sse, sse2, sse3, ssse3, sse4.1, sse4.2, popcnt, avx, aes, clmul, erms, tsc, tscinvbit, tscinv

Memory: 4k page, physical 8260664k(664508k free), swap 8260664k(8060k free)

vm_info: Java HotSpot(TM) 64-Bit Server VM (25.201-b09) for windows-amd64 JRE (1.8.0_201-b09), built on Dec 15 2018 18:36:39 by "java_re" with MS VC++ 10.0 (VS2010)

time: Sun Jun 28 03:07:17 2020
timezone: Hora oficial do Brasil
elapsed time: 7 seconds (0d 0h 0m 7s)

